#
# A fatal error has been detected by the Java Runtime Environment:
#
#  EXCEPTION_ACCESS_VIOLATION (0xc0000005) at pc=0x00007ff9e0c52729, pid=12888, tid=468
#
# JRE version: Java(TM) SE Runtime Environment (7.0_67-b01) (build 1.7.0_67-b01)
# Java VM: Java HotSpot(TM) 64-Bit Server VM (24.65-b04 mixed mode windows-amd64 compressed oops)
# Problematic frame:
# C  [mso40uiwin32client.dll+0x362729]
#
# Failed to write core dump. Minidumps are not enabled by default on client versions of Windows
#
# If you would like to submit a bug report, please visit:
#   http://bugreport.sun.com/bugreport/crash.jsp
# The crash happened outside the Java Virtual Machine in native code.
# See problematic frame for where to report the bug.
#

---------------  T H R E A D  ---------------

Current thread (0x000000000f7b5800):  JavaThread "AWT-EventQueue-0" [_thread_in_native, id=468, stack(0x0000000011140000,0x0000000011240000)]

siginfo: ExceptionCode=0xc0000005, writing address 0x0000000000000000

Registers:
RAX=0x00007ff9e0c5271c, RBX=0x0000000011238e20, RCX=0x00007ff9e0c5271c, RDX=0x0000000011239050
RSP=0x0000000011236960, RBP=0x0000000011239050, RSI=0x0000000011236a20, RDI=0x00000000112376d0
R8 =0x0000000000000100, R9 =0x0000000019930520, R10=0x0000fe1648caf903, R11=0x0000000011236c70
R12=0x0000000011237ce8, R13=0x00007ff9e0c5271c, R14=0x0000000000000000, R15=0x0000000000000000
RIP=0x00007ff9e0c52729, EFLAGS=0x0000000000010206

Top of Stack: (sp=0x0000000011236960)
0x0000000011236960:   0000000000000000 0000000011236f70
0x0000000011236970:   00005df231a16651 006b0009004e0049
0x0000000011236980:   0000000011236f70 00007ffa00ddc2e0
0x0000000011236990:   00007ff9e0c5271c 0000000011239050
0x00000000112369a0:   0000000011239050 00650044002d0073
0x00000000112369b0:   0000000011238e20 00007ffa00dd2a23
0x00000000112369c0:   00007ff9e0c5271c 0000000011237ce8
0x00000000112369d0:   0061007200000100 00510049002d0062
0x00000000112369e0:   0009007900000000 0000000000000000
0x00000000112369f0:   0000000000000000 00007ff9e0f7f0a8
0x0000000011236a00:   0000000011236a20 0000000000000000
0x0000000011236a10:   0000000011237ce8 0000000011235a40
0x0000000011236a20:   0000000011238fe8 0000000000000000
0x0000000011236a30:   0000000011239050 00000000112376d0
0x0000000011236a40:   0000000011237180 00007ff9e08f0000
0x0000000011236a50:   0000000011236f40 0000000011237c40 

Instructions: (pc=0x00007ff9e0c52729)
0x00007ff9e0c52709:   f3 68 e7 ff 90 90 90 48 8d 4a 50 e9 e7 68 e7 ff
0x00007ff9e0c52719:   90 90 90 48 89 54 24 10 55 48 83 ec 20 48 8b ea
0x00007ff9e0c52729:   c7 04 25 00 00 00 00 01 00 00 00 33 c9 cd 29 48
0x00007ff9e0c52739:   8d 4a 58 e9 bf 68 e7 ff 90 90 90 48 8d 4a 58 e9 


Register to memory mapping:

RAX=0x00007ff9e0c5271c is an unknown value
RBX=0x0000000011238e20 is pointing into the stack for thread: 0x000000000f7b5800
RCX=0x00007ff9e0c5271c is an unknown value
RDX=0x0000000011239050 is pointing into the stack for thread: 0x000000000f7b5800
RSP=0x0000000011236960 is pointing into the stack for thread: 0x000000000f7b5800
RBP=0x0000000011239050 is pointing into the stack for thread: 0x000000000f7b5800
RSI=0x0000000011236a20 is pointing into the stack for thread: 0x000000000f7b5800
RDI=0x00000000112376d0 is pointing into the stack for thread: 0x000000000f7b5800
R8 =0x0000000000000100 is an unknown value
R9 =0x0000000019930520 is an unknown value
R10=0x0000fe1648caf903 is an unknown value
R11=0x0000000011236c70 is pointing into the stack for thread: 0x000000000f7b5800
R12=0x0000000011237ce8 is pointing into the stack for thread: 0x000000000f7b5800
R13=0x00007ff9e0c5271c is an unknown value
R14=0x0000000000000000 is an unknown value
R15=0x0000000000000000 is an unknown value


Stack: [0x0000000011140000,0x0000000011240000],  sp=0x0000000011236960,  free space=986k
Native frames: (J=compiled Java code, j=interpreted, Vv=VM code, C=native code)
C  [mso40uiwin32client.dll+0x362729]
C  [mso40uiwin32client.dll+0x6d7d08]

Java frames: (J=compiled Java code, j=interpreted, Vv=VM code)
j  sun.jdbc.odbc.JdbcOdbc.driverConnect(J[B[B)V+0
j  sun.jdbc.odbc.JdbcOdbc.SQLDriverConnect(JLjava/lang/String;)V+93
j  sun.jdbc.odbc.JdbcOdbcConnection.initialize(Ljava/lang/String;Ljava/util/Properties;I)V+984
j  sun.jdbc.odbc.JdbcOdbcDriver.connect(Ljava/lang/String;Ljava/util/Properties;)Ljava/sql/Connection;+129
j  java.sql.DriverManager.getConnection(Ljava/lang/String;Ljava/util/Properties;Ljava/lang/Class;)Ljava/sql/Connection;+172
j  java.sql.DriverManager.getConnection(Ljava/lang/String;)Ljava/sql/Connection;+13
j  Project.Project_Book.connectDB()Ljava/sql/Connection;+8
j  Project.TB_book.insertdata()V+149
j  Project.TB_book.jSaveActionPerformed(Ljava/awt/event/ActionEvent;)V+1
j  Project.TB_book.access$200(LProject/TB_book;Ljava/awt/event/ActionEvent;)V+2
j  Project.TB_book$3.actionPerformed(Ljava/awt/event/ActionEvent;)V+5
j  javax.swing.AbstractButton.fireActionPerformed(Ljava/awt/event/ActionEvent;)V+84
j  javax.swing.AbstractButton$Handler.actionPerformed(Ljava/awt/event/ActionEvent;)V+5
j  javax.swing.DefaultButtonModel.fireActionPerformed(Ljava/awt/event/ActionEvent;)V+35
j  javax.swing.DefaultButtonModel.setPressed(Z)V+117
j  javax.swing.plaf.basic.BasicButtonListener.mouseReleased(Ljava/awt/event/MouseEvent;)V+35
j  java.awt.AWTEventMulticaster.mouseReleased(Ljava/awt/event/MouseEvent;)V+8
j  java.awt.Component.processMouseEvent(Ljava/awt/event/MouseEvent;)V+64
j  javax.swing.JComponent.processMouseEvent(Ljava/awt/event/MouseEvent;)V+23
j  java.awt.Component.processEvent(Ljava/awt/AWTEvent;)V+81
j  java.awt.Container.processEvent(Ljava/awt/AWTEvent;)V+18
J 488 C2 java.awt.Component.dispatchEventImpl(Ljava/awt/AWTEvent;)V (875 bytes) @ 0x0000000004fac184 [0x0000000004fab9e0+0x7a4]
J 475 C2 java.awt.Container.dispatchEventImpl(Ljava/awt/AWTEvent;)V (129 bytes) @ 0x0000000004f9fd7c [0x0000000004f9f8c0+0x4bc]
J 498 C2 java.awt.LightweightDispatcher.retargetMouseEvent(Ljava/awt/Component;ILjava/awt/event/MouseEvent;)V (350 bytes) @ 0x0000000004fc2bb4 [0x0000000004fc28a0+0x314]
J 408 C2 java.awt.Window.dispatchEventImpl(Ljava/awt/AWTEvent;)V (23 bytes) @ 0x0000000004f7f424 [0x0000000004f7f060+0x3c4]
J 268 C2 java.awt.EventQueue$3.run()Ljava/lang/Object; (5 bytes) @ 0x0000000004ec0d2c [0x0000000004ec09e0+0x34c]
v  ~StubRoutines::call_stub
J 251  java.security.AccessController.doPrivileged(Ljava/security/PrivilegedAction;Ljava/security/AccessControlContext;)Ljava/lang/Object; (0 bytes) @ 0x0000000004ea9b86 [0x0000000004ea9b20+0x66]
J 449 C2 java.awt.EventQueue$4.run()Ljava/lang/Object; (5 bytes) @ 0x0000000004f67418 [0x0000000004f67320+0xf8]
v  ~StubRoutines::call_stub
J 251  java.security.AccessController.doPrivileged(Ljava/security/PrivilegedAction;Ljava/security/AccessControlContext;)Ljava/lang/Object; (0 bytes) @ 0x0000000004ea9b86 [0x0000000004ea9b20+0x66]
J 427 C2 java.awt.EventDispatchThread.pumpOneEventForFilters(I)V (295 bytes) @ 0x0000000004f86b14 [0x0000000004f866c0+0x454]
J 315% C2 java.awt.EventDispatchThread.pumpEventsForFilter(ILjava/awt/Conditional;Ljava/awt/EventFilter;)V (47 bytes) @ 0x0000000004f3b2f0 [0x0000000004f3b1c0+0x130]
j  java.awt.EventDispatchThread.pumpEventsForHierarchy(ILjava/awt/Conditional;Ljava/awt/Component;)V+11
j  java.awt.EventDispatchThread.pumpEvents(ILjava/awt/Conditional;)V+4
j  java.awt.EventDispatchThread.pumpEvents(Ljava/awt/Conditional;)V+3
j  java.awt.EventDispatchThread.run()V+9
v  ~StubRoutines::call_stub

---------------  P R O C E S S  ---------------

Java Threads: ( => current thread )
  0x0000000011c60800 JavaThread "Abandoned connection cleanup thread" daemon [_thread_blocked, id=4664, stack(0x0000000012430000,0x0000000012530000)]
  0x000000000f93f800 JavaThread "TimerQueue" daemon [_thread_blocked, id=13192, stack(0x0000000011240000,0x0000000011340000)]
  0x0000000004d10800 JavaThread "DestroyJavaVM" [_thread_blocked, id=10120, stack(0x0000000004c10000,0x0000000004d10000)]
=>0x000000000f7b5800 JavaThread "AWT-EventQueue-0" [_thread_in_native, id=468, stack(0x0000000011140000,0x0000000011240000)]
  0x000000000f72d000 JavaThread "AWT-Windows" daemon [_thread_in_native, id=13388, stack(0x00000000105b0000,0x00000000106b0000)]
  0x000000000f72c800 JavaThread "AWT-Shutdown" [_thread_blocked, id=6980, stack(0x00000000104b0000,0x00000000105b0000)]
  0x000000000f729800 JavaThread "Java2D Disposer" daemon [_thread_blocked, id=6156, stack(0x00000000103b0000,0x00000000104b0000)]
  0x0000000004e0a000 JavaThread "Service Thread" daemon [_thread_blocked, id=744, stack(0x000000000fdc0000,0x000000000fec0000)]
  0x0000000004e07000 JavaThread "C2 CompilerThread1" daemon [_thread_blocked, id=10148, stack(0x000000000fcc0000,0x000000000fdc0000)]
  0x0000000004e05000 JavaThread "C2 CompilerThread0" daemon [_thread_blocked, id=14284, stack(0x000000000fbc0000,0x000000000fcc0000)]
  0x000000000f5e1800 JavaThread "Attach Listener" daemon [_thread_blocked, id=14004, stack(0x000000000fac0000,0x000000000fbc0000)]
  0x000000000f5e0800 JavaThread "Signal Dispatcher" daemon [_thread_blocked, id=2320, stack(0x000000000f9c0000,0x000000000fac0000)]
  0x000000000d5c0000 JavaThread "Finalizer" daemon [_thread_blocked, id=5328, stack(0x000000000f4a0000,0x000000000f5a0000)]
  0x000000000d5b9800 JavaThread "Reference Handler" daemon [_thread_blocked, id=3104, stack(0x000000000f3a0000,0x000000000f4a0000)]

Other Threads:
  0x000000000d5b5000 VMThread [stack: 0x000000000f2a0000,0x000000000f3a0000] [id=8836]
  0x000000000f5e3000 WatcherThread [stack: 0x000000000fec0000,0x000000000ffc0000] [id=11144]

VM state:not at safepoint (normal execution)

VM Mutex/Monitor currently owned by a thread: None

Heap
 PSYoungGen      total 38400K, used 12994K [0x00000007d5c80000, 0x00000007d8700000, 0x0000000800000000)
  eden space 33280K, 23% used [0x00000007d5c80000,0x00000007d64321b8,0x00000007d7d00000)
  from space 5120K, 99% used [0x00000007d8200000,0x00000007d86fe738,0x00000007d8700000)
  to   space 5120K, 0% used [0x00000007d7d00000,0x00000007d7d00000,0x00000007d8200000)
 ParOldGen       total 83456K, used 19141K [0x0000000781600000, 0x0000000786780000, 0x00000007d5c80000)
  object space 83456K, 22% used [0x0000000781600000,0x00000007828b17a0,0x0000000786780000)
 PSPermGen       total 30720K, used 15405K [0x000000077c400000, 0x000000077e200000, 0x0000000781600000)
  object space 30720K, 50% used [0x000000077c400000,0x000000077d30b740,0x000000077e200000)

Card table byte_map: [0x0000000007ed0000,0x00000000082f0000] byte_map_base: 0x00000000042ee000

Polling page: 0x0000000004b80000

Code Cache  [0x0000000004e10000, 0x0000000005080000, 0x0000000007e10000)
 total_blobs=1008 nmethods=468 adapters=491 free_code_cache=47427Kb largest_free_block=48520768

Compilation events (10 events):
Event: 295.185 Thread 0x0000000004e07000  504             java.util.HashMap::removeEntryForKey (159 bytes)
Event: 295.192 Thread 0x0000000004e07000 nmethod 504 0x0000000004fa29d0 code [0x0000000004fa2b60, 0x0000000004fa2fc8]
Event: 296.035 Thread 0x0000000004e05000  505             javax.swing.text.View::getContainer (18 bytes)
Event: 296.036 Thread 0x0000000004e05000 nmethod 505 0x0000000004fa7990 code [0x0000000004fa7ae0, 0x0000000004fa7b98]
Event: 296.172 Thread 0x0000000004e07000  506   !         javax.swing.RepaintManager::addDirtyRegion0 (205 bytes)
Event: 296.173 Thread 0x0000000004e05000  507             java.awt.geom.AffineTransform::getScaleX (5 bytes)
Event: 296.173 Thread 0x0000000004e05000 nmethod 507 0x0000000004fa2710 code [0x0000000004fa2840, 0x0000000004fa2898]
Event: 296.173 Thread 0x0000000004e05000  508             java.awt.geom.AffineTransform::getScaleY (5 bytes)
Event: 296.174 Thread 0x0000000004e05000 nmethod 508 0x0000000004fa7790 code [0x0000000004fa78c0, 0x0000000004fa7918]
Event: 296.207 Thread 0x0000000004e07000 nmethod 506 0x0000000004fc6c50 code [0x0000000004fc6f40, 0x0000000004fc88f8]

GC Heap History (10 events):
Event: 3.158 GC heap before
{Heap before GC invocations=1 (full 0):
 PSYoungGen      total 38400K, used 33280K [0x00000007d5c80000, 0x00000007d8700000, 0x0000000800000000)
  eden space 33280K, 100% used [0x00000007d5c80000,0x00000007d7d00000,0x00000007d7d00000)
  from space 5120K, 0% used [0x00000007d8200000,0x00000007d8200000,0x00000007d8700000)
  to   space 5120K, 0% used [0x00000007d7d00000,0x00000007d7d00000,0x00000007d8200000)
 ParOldGen       total 86016K, used 0K [0x0000000781600000, 0x0000000786a00000, 0x00000007d5c80000)
  object space 86016K, 0% used [0x0000000781600000,0x0000000781600000,0x0000000786a00000)
 PSPermGen       total 21504K, used 13955K [0x000000077c400000, 0x000000077d900000, 0x0000000781600000)
  object space 21504K, 64% used [0x000000077c400000,0x000000077d1a0e90,0x000000077d900000)
Event: 3.169 GC heap after
Heap after GC invocations=1 (full 0):
 PSYoungGen      total 38400K, used 4191K [0x00000007d5c80000, 0x00000007d8700000, 0x0000000800000000)
  eden space 33280K, 0% used [0x00000007d5c80000,0x00000007d5c80000,0x00000007d7d00000)
  from space 5120K, 81% used [0x00000007d7d00000,0x00000007d8117c20,0x00000007d8200000)
  to   space 5120K, 0% used [0x00000007d8200000,0x00000007d8200000,0x00000007d8700000)
 ParOldGen       total 86016K, used 22741K [0x0000000781600000, 0x0000000786a00000, 0x00000007d5c80000)
  object space 86016K, 26% used [0x0000000781600000,0x0000000782c35430,0x0000000786a00000)
 PSPermGen       total 21504K, used 13955K [0x000000077c400000, 0x000000077d900000, 0x0000000781600000)
  object space 21504K, 64% used [0x000000077c400000,0x000000077d1a0e90,0x000000077d900000)
}
Event: 61.270 GC heap before
{Heap before GC invocations=2 (full 0):
 PSYoungGen      total 38400K, used 37471K [0x00000007d5c80000, 0x00000007d8700000, 0x0000000800000000)
  eden space 33280K, 100% used [0x00000007d5c80000,0x00000007d7d00000,0x00000007d7d00000)
  from space 5120K, 81% used [0x00000007d7d00000,0x00000007d8117c20,0x00000007d8200000)
  to   space 5120K, 0% used [0x00000007d8200000,0x00000007d8200000,0x00000007d8700000)
 ParOldGen       total 86016K, used 22741K [0x0000000781600000, 0x0000000786a00000, 0x00000007d5c80000)
  object space 86016K, 26% used [0x0000000781600000,0x0000000782c35430,0x0000000786a00000)
 PSPermGen       total 21504K, used 14407K [0x000000077c400000, 0x000000077d900000, 0x0000000781600000)
  object space 21504K, 66% used [0x000000077c400000,0x000000077d211e00,0x000000077d900000)
Event: 61.284 GC heap after
Heap after GC invocations=2 (full 0):
 PSYoungGen      total 38400K, used 5108K [0x00000007d5c80000, 0x00000007d8700000, 0x0000000800000000)
  eden space 33280K, 0% used [0x00000007d5c80000,0x00000007d5c80000,0x00000007d7d00000)
  from space 5120K, 99% used [0x00000007d8200000,0x00000007d86fd0f0,0x00000007d8700000)
  to   space 5120K, 0% used [0x00000007d7d00000,0x00000007d7d00000,0x00000007d8200000)
 ParOldGen       total 86016K, used 52589K [0x0000000781600000, 0x0000000786a00000, 0x00000007d5c80000)
  object space 86016K, 61% used [0x0000000781600000,0x000000078495b6a8,0x0000000786a00000)
 PSPermGen       total 21504K, used 14407K [0x000000077c400000, 0x000000077d900000, 0x0000000781600000)
  object space 21504K, 66% used [0x000000077c400000,0x000000077d211e00,0x000000077d900000)
}
Event: 191.472 GC heap before
{Heap before GC invocations=3 (full 0):
 PSYoungGen      total 38400K, used 38388K [0x00000007d5c80000, 0x00000007d8700000, 0x0000000800000000)
  eden space 33280K, 100% used [0x00000007d5c80000,0x00000007d7d00000,0x00000007d7d00000)
  from space 5120K, 99% used [0x00000007d8200000,0x00000007d86fd0f0,0x00000007d8700000)
  to   space 5120K, 0% used [0x00000007d7d00000,0x00000007d7d00000,0x00000007d8200000)
 ParOldGen       total 86016K, used 52589K [0x0000000781600000, 0x0000000786a00000, 0x00000007d5c80000)
  object space 86016K, 61% used [0x0000000781600000,0x000000078495b6a8,0x0000000786a00000)
 PSPermGen       total 21504K, used 15302K [0x000000077c400000, 0x000000077d900000, 0x0000000781600000)
  object space 21504K, 71% used [0x000000077c400000,0x000000077d2f1b70,0x000000077d900000)
Event: 191.478 GC heap after
Heap after GC invocations=3 (full 0):
 PSYoungGen      total 38400K, used 5108K [0x00000007d5c80000, 0x00000007d8700000, 0x0000000800000000)
  eden space 33280K, 0% used [0x00000007d5c80000,0x00000007d5c80000,0x00000007d7d00000)
  from space 5120K, 99% used [0x00000007d7d00000,0x00000007d81fd110,0x00000007d8200000)
  to   space 5120K, 0% used [0x00000007d8200000,0x00000007d8200000,0x00000007d8700000)
 ParOldGen       total 86016K, used 62157K [0x0000000781600000, 0x0000000786a00000, 0x00000007d5c80000)
  object space 86016K, 72% used [0x0000000781600000,0x00000007852b3418,0x0000000786a00000)
 PSPermGen       total 21504K, used 15302K [0x000000077c400000, 0x000000077d900000, 0x0000000781600000)
  object space 21504K, 71% used [0x000000077c400000,0x000000077d2f1b70,0x000000077d900000)
}
Event: 191.478 GC heap before
{Heap before GC invocations=4 (full 1):
 PSYoungGen      total 38400K, used 5108K [0x00000007d5c80000, 0x00000007d8700000, 0x0000000800000000)
  eden space 33280K, 0% used [0x00000007d5c80000,0x00000007d5c80000,0x00000007d7d00000)
  from space 5120K, 99% used [0x00000007d7d00000,0x00000007d81fd110,0x00000007d8200000)
  to   space 5120K, 0% used [0x00000007d8200000,0x00000007d8200000,0x00000007d8700000)
 ParOldGen       total 86016K, used 62157K [0x0000000781600000, 0x0000000786a00000, 0x00000007d5c80000)
  object space 86016K, 72% used [0x0000000781600000,0x00000007852b3418,0x0000000786a00000)
 PSPermGen       total 21504K, used 15302K [0x000000077c400000, 0x000000077d900000, 0x0000000781600000)
  object space 21504K, 71% used [0x000000077c400000,0x000000077d2f1b70,0x000000077d900000)
Event: 191.527 GC heap after
Heap after GC invocations=4 (full 1):
 PSYoungGen      total 38400K, used 0K [0x00000007d5c80000, 0x00000007d8700000, 0x0000000800000000)
  eden space 33280K, 0% used [0x00000007d5c80000,0x00000007d5c80000,0x00000007d7d00000)
  from space 5120K, 0% used [0x00000007d7d00000,0x00000007d7d00000,0x00000007d8200000)
  to   space 5120K, 0% used [0x00000007d8200000,0x00000007d8200000,0x00000007d8700000)
 ParOldGen       total 83456K, used 14708K [0x0000000781600000, 0x0000000786780000, 0x00000007d5c80000)
  object space 83456K, 17% used [0x0000000781600000,0x000000078245d270,0x0000000786780000)
 PSPermGen       total 30720K, used 15296K [0x000000077c400000, 0x000000077e200000, 0x0000000781600000)
  object space 30720K, 49% used [0x000000077c400000,0x000000077d2f0200,0x000000077e200000)
}
Event: 284.243 GC heap before
{Heap before GC invocations=5 (full 1):
 PSYoungGen      total 38400K, used 33280K [0x00000007d5c80000, 0x00000007d8700000, 0x0000000800000000)
  eden space 33280K, 100% used [0x00000007d5c80000,0x00000007d7d00000,0x00000007d7d00000)
  from space 5120K, 0% used [0x00000007d7d00000,0x00000007d7d00000,0x00000007d8200000)
  to   space 5120K, 0% used [0x00000007d8200000,0x00000007d8200000,0x00000007d8700000)
 ParOldGen       total 83456K, used 14708K [0x0000000781600000, 0x0000000786780000, 0x00000007d5c80000)
  object space 83456K, 17% used [0x0000000781600000,0x000000078245d270,0x0000000786780000)
 PSPermGen       total 30720K, used 15397K [0x000000077c400000, 0x000000077e200000, 0x0000000781600000)
  object space 30720K, 50% used [0x000000077c400000,0x000000077d3097c0,0x000000077e200000)
Event: 284.247 GC heap after
Heap after GC invocations=5 (full 1):
 PSYoungGen      total 38400K, used 5113K [0x00000007d5c80000, 0x00000007d8700000, 0x0000000800000000)
  eden space 33280K, 0% used [0x00000007d5c80000,0x00000007d5c80000,0x00000007d7d00000)
  from space 5120K, 99% used [0x00000007d8200000,0x00000007d86fe738,0x00000007d8700000)
  to   space 5120K, 0% used [0x00000007d7d00000,0x00000007d7d00000,0x00000007d8200000)
 ParOldGen       total 83456K, used 19141K [0x0000000781600000, 0x0000000786780000, 0x00000007d5c80000)
  object space 83456K, 22% used [0x0000000781600000,0x00000007828b17a0,0x0000000786780000)
 PSPermGen       total 30720K, used 15397K [0x000000077c400000, 0x000000077e200000, 0x0000000781600000)
  object space 30720K, 50% used [0x000000077c400000,0x000000077d3097c0,0x000000077e200000)
}

Deoptimization events (10 events):
Event: 207.106 Thread 0x000000000f7b5800 Uncommon trap: reason=null_check action=make_not_entrant pc=0x0000000004f6d684 method=java.awt.Component.getNativeContainer()Ljava/awt/Container; @ 13
Event: 209.588 Thread 0x000000000f7b5800 Uncommon trap: reason=bimorphic action=maybe_recompile pc=0x0000000004f79818 method=java.awt.DefaultKeyboardFocusManager.dispatchEvent(Ljava/awt/AWTEvent;)Z @ 804
Event: 266.404 Thread 0x000000000f7b5800 Uncommon trap: reason=class_check action=maybe_recompile pc=0x0000000004f6951c method=java.awt.EventQueue.coalesceEvent(Ljava/awt/AWTEvent;I)Z @ 77
Event: 266.404 Thread 0x000000000f7b5800 Uncommon trap: reason=class_check action=maybe_recompile pc=0x0000000004f8064c method=java.awt.LightweightDispatcher.dispatchEvent(Ljava/awt/AWTEvent;)Z @ 44
Event: 266.404 Thread 0x000000000f7b5800 Uncommon trap: reason=unloaded action=reinterpret pc=0x0000000004f227c8 method=java.awt.LightweightDispatcher.retargetMouseEvent(Ljava/awt/Component;ILjava/awt/event/MouseEvent;)V @ 108
Event: 288.157 Thread 0x000000000f7b5800 Uncommon trap: reason=null_check action=make_not_entrant pc=0x0000000004f588b8 method=javax.swing.RepaintManager.extendDirtyRegion(Ljava/awt/Component;IIII)Z @ 10
Event: 294.238 Thread 0x000000000f7b5800 Uncommon trap: reason=class_check action=maybe_recompile pc=0x0000000004f6951c method=java.awt.EventQueue.coalesceEvent(Ljava/awt/AWTEvent;I)Z @ 77
Event: 294.238 Thread 0x000000000f7b5800 Uncommon trap: reason=class_check action=maybe_recompile pc=0x0000000004f8064c method=java.awt.LightweightDispatcher.dispatchEvent(Ljava/awt/AWTEvent;)Z @ 44
Event: 294.264 Thread 0x000000000f7b5800 Uncommon trap: reason=class_check action=maybe_recompile pc=0x0000000004f6951c method=java.awt.EventQueue.coalesceEvent(Ljava/awt/AWTEvent;I)Z @ 77
Event: 294.264 Thread 0x000000000f7b5800 Uncommon trap: reason=class_check action=maybe_recompile pc=0x0000000004f8064c method=java.awt.LightweightDispatcher.dispatchEvent(Ljava/awt/AWTEvent;)Z @ 44

Internal exceptions (10 events):
Event: 14.334 Thread 0x000000000f7b5800 Threw 0x00000007d77f5970 at C:\re\jdk7u67\1368\hotspot\src\share\vm\prims\jvm.cpp:1244
Event: 14.335 Thread 0x000000000f7b5800 Threw 0x00000007d77f7920 at C:\re\jdk7u67\1368\hotspot\src\share\vm\prims\jvm.cpp:1244
Event: 14.335 Thread 0x000000000f7b5800 Threw 0x00000007d77f9e78 at C:\re\jdk7u67\1368\hotspot\src\share\vm\prims\jvm.cpp:1244
Event: 14.335 Thread 0x000000000f7b5800 Threw 0x00000007d77fb838 at C:\re\jdk7u67\1368\hotspot\src\share\vm\prims\jvm.cpp:1244
Event: 62.058 Thread 0x000000000f7b5800 Implicit null exception at 0x0000000004f2d338 to 0x0000000004f2e5d5
Event: 78.551 Thread 0x000000000f7b5800 Implicit null exception at 0x0000000004eb9614 to 0x0000000004eb9699
Event: 88.193 Thread 0x000000000f7b5800 Implicit null exception at 0x0000000004eb9274 to 0x0000000004eb92e9
Event: 191.527 Thread 0x000000000f7b5800 Implicit null exception at 0x0000000004f47ea3 to 0x0000000004f49979
Event: 207.106 Thread 0x000000000f7b5800 Implicit null exception at 0x0000000004f6bc58 to 0x0000000004f6d66d
Event: 288.157 Thread 0x000000000f7b5800 Implicit null exception at 0x0000000004f585b8 to 0x0000000004f588ac

Events (10 events):
Event: 294.238 Thread 0x000000000f7b5800 DEOPT UNPACKING pc=0x0000000004e475a4 sp=0x000000001123ebe0 mode 2
Event: 294.238 Thread 0x000000000f7b5800 Uncommon trap: trap_request=0xffffffde fr.pc=0x0000000004f8064c
Event: 294.238 Thread 0x000000000f7b5800 DEOPT PACKING pc=0x0000000004f8064c sp=0x000000001123d790
Event: 294.238 Thread 0x000000000f7b5800 DEOPT UNPACKING pc=0x0000000004e475a4 sp=0x000000001123d698 mode 2
Event: 294.264 Thread 0x000000000f7b5800 Uncommon trap: trap_request=0xffffffde fr.pc=0x0000000004f6951c
Event: 294.264 Thread 0x000000000f7b5800 DEOPT PACKING pc=0x0000000004f6951c sp=0x000000001123ed20
Event: 294.264 Thread 0x000000000f7b5800 DEOPT UNPACKING pc=0x0000000004e475a4 sp=0x000000001123ebe0 mode 2
Event: 294.264 Thread 0x000000000f7b5800 Uncommon trap: trap_request=0xffffffde fr.pc=0x0000000004f8064c
Event: 294.264 Thread 0x000000000f7b5800 DEOPT PACKING pc=0x0000000004f8064c sp=0x000000001123d790
Event: 294.264 Thread 0x000000000f7b5800 DEOPT UNPACKING pc=0x0000000004e475a4 sp=0x000000001123d698 mode 2


Dynamic libraries:
0x00007ff7607c0000 - 0x00007ff7607f3000 	C:\Program Files\Java\jdk1.7.0_67\bin\java.exe
0x00007ffa29fc0000 - 0x00007ffa2a1a0000 	C:\WINDOWS\SYSTEM32\ntdll.dll
0x00007ffa29800000 - 0x00007ffa298ae000 	C:\WINDOWS\System32\KERNEL32.DLL
0x00007ffa26550000 - 0x00007ffa267b6000 	C:\WINDOWS\System32\KERNELBASE.dll
0x00007ffa29570000 - 0x00007ffa29611000 	C:\WINDOWS\System32\ADVAPI32.dll
0x00007ffa28cb0000 - 0x00007ffa28d4d000 	C:\WINDOWS\System32\msvcrt.dll
0x00007ffa29220000 - 0x00007ffa2927b000 	C:\WINDOWS\System32\sechost.dll
0x00007ffa298c0000 - 0x00007ffa299df000 	C:\WINDOWS\System32\RPCRT4.dll
0x00007ffa29090000 - 0x00007ffa2921f000 	C:\WINDOWS\System32\USER32.dll
0x00007ffa27470000 - 0x00007ffa27490000 	C:\WINDOWS\System32\win32u.dll
0x00007ffa296d0000 - 0x00007ffa296f8000 	C:\WINDOWS\System32\GDI32.dll
0x00007ffa267c0000 - 0x00007ffa26954000 	C:\WINDOWS\System32\gdi32full.dll
0x00007ffa269b0000 - 0x00007ffa26a4b000 	C:\WINDOWS\System32\msvcp_win.dll
0x00007ffa26c20000 - 0x00007ffa26d16000 	C:\WINDOWS\System32\ucrtbase.dll
0x00007ffa09a60000 - 0x00007ffa09cc9000 	C:\WINDOWS\WinSxS\amd64_microsoft.windows.common-controls_6595b64144ccf1df_6.0.16299.64_none_cc9304e22215ca8f\COMCTL32.dll
0x00007ffa28d80000 - 0x00007ffa29088000 	C:\WINDOWS\System32\combase.dll
0x00007ffa264d0000 - 0x00007ffa26542000 	C:\WINDOWS\System32\bcryptPrimitives.dll
0x00007ffa28d50000 - 0x00007ffa28d7d000 	C:\WINDOWS\System32\IMM32.DLL
0x000000005ec10000 - 0x000000005ece2000 	C:\Program Files\Java\jdk1.7.0_67\jre\bin\msvcr100.dll
0x000000005e430000 - 0x000000005ec02000 	C:\Program Files\Java\jdk1.7.0_67\jre\bin\server\jvm.dll
0x00007ffa29470000 - 0x00007ffa29478000 	C:\WINDOWS\System32\PSAPI.DLL
0x00007ffa18970000 - 0x00007ffa18979000 	C:\WINDOWS\SYSTEM32\WSOCK32.dll
0x00007ffa219b0000 - 0x00007ffa219d3000 	C:\WINDOWS\SYSTEM32\WINMM.dll
0x00007ffa29500000 - 0x00007ffa2956c000 	C:\WINDOWS\System32\WS2_32.dll
0x00007ffa21980000 - 0x00007ffa219aa000 	C:\WINDOWS\SYSTEM32\winmmbase.dll
0x00007ffa26960000 - 0x00007ffa269aa000 	C:\WINDOWS\System32\cfgmgr32.dll
0x000000005e420000 - 0x000000005e42f000 	C:\Program Files\Java\jdk1.7.0_67\jre\bin\verify.dll
0x000000005e3f0000 - 0x000000005e418000 	C:\Program Files\Java\jdk1.7.0_67\jre\bin\java.dll
0x000000005e3d0000 - 0x000000005e3e5000 	C:\Program Files\Java\jdk1.7.0_67\jre\bin\zip.dll
0x000000005e230000 - 0x000000005e3c5000 	C:\Program Files\Java\jdk1.7.0_67\jre\bin\awt.dll
0x00007ffa28b80000 - 0x00007ffa28c45000 	C:\WINDOWS\System32\OLEAUT32.dll
0x00007ffa245f0000 - 0x00007ffa24677000 	C:\WINDOWS\SYSTEM32\apphelp.dll
0x00007ffa247d0000 - 0x00007ffa24865000 	C:\WINDOWS\system32\uxtheme.dll
0x00007ffa29300000 - 0x00007ffa29467000 	C:\WINDOWS\System32\MSCTF.dll
0x00007ffa24ae0000 - 0x00007ffa24b0a000 	C:\WINDOWS\system32\dwmapi.dll
0x00007ffa299e0000 - 0x00007ffa29b29000 	C:\WINDOWS\System32\ole32.dll
0x00007ffa26380000 - 0x00007ffa26391000 	C:\WINDOWS\System32\kernel.appcore.dll
0x00007ffa27740000 - 0x00007ffa28b77000 	C:\WINDOWS\System32\SHELL32.dll
0x00007ffa29620000 - 0x00007ffa296c6000 	C:\WINDOWS\System32\shcore.dll
0x00007ffa26d20000 - 0x00007ffa27467000 	C:\WINDOWS\System32\windows.storage.dll
0x00007ffa29280000 - 0x00007ffa292d1000 	C:\WINDOWS\System32\shlwapi.dll
0x00007ffa26330000 - 0x00007ffa2637c000 	C:\WINDOWS\System32\powrprof.dll
0x00007ffa263a0000 - 0x00007ffa263bb000 	C:\WINDOWS\System32\profapi.dll
0x000000005e1e0000 - 0x000000005e227000 	C:\Program Files\Java\jdk1.7.0_67\jre\bin\fontmanager.dll
0x000000005e1c0000 - 0x000000005e1d9000 	C:\Program Files\Java\jdk1.7.0_67\jre\bin\net.dll
0x00007ffa25ba0000 - 0x00007ffa25c06000 	C:\WINDOWS\system32\mswsock.dll
0x000000005e1a0000 - 0x000000005e1b1000 	C:\Program Files\Java\jdk1.7.0_67\jre\bin\nio.dll
0x000000005e150000 - 0x000000005e191000 	C:\Program Files\Java\jdk1.7.0_67\jre\bin\t2k.dll
0x00007ffa29700000 - 0x00007ffa2979e000 	C:\WINDOWS\System32\clbcatq.dll
0x00007ffa21200000 - 0x00007ffa213ab000 	C:\WINDOWS\SYSTEM32\WindowsCodecs.dll
0x00007ffa19bb0000 - 0x00007ffa19bff000 	C:\WINDOWS\system32\dataexchange.dll
0x00007ffa23c40000 - 0x00007ffa23d82000 	C:\WINDOWS\system32\dcomp.dll
0x00007ffa22fb0000 - 0x00007ffa23292000 	C:\WINDOWS\system32\d3d11.dll
0x00007ffa25180000 - 0x00007ffa2522f000 	C:\WINDOWS\system32\dxgi.dll
0x00007ffa24bd0000 - 0x00007ffa24d4b000 	C:\WINDOWS\system32\twinapi.appcore.dll
0x00007ffa24d50000 - 0x00007ffa24d70000 	C:\WINDOWS\system32\RMCLIENT.dll
0x00007ffa25e70000 - 0x00007ffa25e95000 	C:\WINDOWS\system32\bcrypt.dll
0x000000005e130000 - 0x000000005e143000 	C:\Program Files\Java\jdk1.7.0_67\jre\bin\JdbcOdbc.dll
0x00007ffa09cd0000 - 0x00007ffa09d85000 	C:\WINDOWS\SYSTEM32\ODBC32.dll
0x00007ffa26a50000 - 0x00007ffa26c1e000 	C:\WINDOWS\System32\CRYPT32.dll
0x00007ffa26310000 - 0x00007ffa26322000 	C:\WINDOWS\System32\MSASN1.dll
0x00007ffa257f0000 - 0x00007ffa257fa000 	C:\WINDOWS\SYSTEM32\DPAPI.DLL
0x00007ffa00dd0000 - 0x00007ffa00de6000 	C:\WINDOWS\SYSTEM32\VCRUNTIME140.dll
0x00007ff9feaa0000 - 0x00007ff9feda6000 	C:\Program Files\Common Files\Microsoft Shared\Office16\mso20win32client.dll
0x00007ff9fedb0000 - 0x00007ff9fee4c000 	C:\WINDOWS\SYSTEM32\MSVCP140.dll
0x00007ff9e7bf0000 - 0x00007ff9e807c000 	C:\Program Files\Common Files\Microsoft Shared\Office16\mso30win32client.dll
0x00007ff9e08f0000 - 0x00007ff9e11dd000 	C:\Program Files\Common Files\Microsoft Shared\Office16\mso40uiwin32client.dll
0x00007ffa1e0b0000 - 0x00007ffa1e24c000 	C:\WINDOWS\WinSxS\amd64_microsoft.windows.gdiplus_6595b64144ccf1df_1.1.16299.64_none_4c5a740035ade6b7\gdiplus.dll
0x00007ff9e2490000 - 0x00007ff9e2c5c000 	C:\Program Files\Common Files\Microsoft Shared\Office16\mso99Lwin32client.dll
0x00007ffa1e300000 - 0x00007ffa1e307000 	C:\WINDOWS\SYSTEM32\MSIMG32.dll
0x00007ffa219e0000 - 0x00007ffa21a07000 	C:\WINDOWS\SYSTEM32\SLC.dll
0x00007ffa21950000 - 0x00007ffa21976000 	C:\WINDOWS\SYSTEM32\sppc.dll
0x00007ff9df600000 - 0x00007ff9e08ef000 	C:\Program Files\Common Files\Microsoft Shared\Office16\mso.dll
0x00007ff9f1e80000 - 0x00007ff9f2265000 	C:\WINDOWS\SYSTEM32\msi.dll
0x00007ff9e8790000 - 0x00007ff9e87b8000 	C:\WINDOWS\SYSTEM32\srpapi.dll
0x00007ffa23570000 - 0x00007ffa23b28000 	C:\WINDOWS\SYSTEM32\d2d1.dll
0x00007ffa21b80000 - 0x00007ffa21b93000 	C:\WINDOWS\SYSTEM32\WTSAPI32.dll
0x00007ffa254c0000 - 0x00007ffa25515000 	C:\WINDOWS\SYSTEM32\WINSTA.dll
0x00007ff9e9ad0000 - 0x00007ff9e9d1b000 	C:\Program Files\Common Files\Microsoft Shared\OFFICE16\ACECORE.DLL
0x00007ffa26210000 - 0x00007ffa26240000 	C:\WINDOWS\SYSTEM32\SspiCli.dll
0x00007ffa07260000 - 0x00007ffa0756f000 	C:\WINDOWS\SYSTEM32\DWrite.dll
0x00007ffa077f0000 - 0x00007ffa07821000 	C:\WINDOWS\SYSTEM32\d3d10_1.dll
0x00007ffa06140000 - 0x00007ffa0619c000 	C:\WINDOWS\SYSTEM32\d3d10_1core.dll
0x00007ffa1ffc0000 - 0x00007ffa1ffdc000 	C:\WINDOWS\SYSTEM32\davclnt.dll
0x00007ffa20f00000 - 0x00007ffa20f0c000 	C:\WINDOWS\SYSTEM32\DAVHLPR.dll
0x00007ff9fba00000 - 0x00007ff9fbad5000 	C:\Program Files\Common Files\Microsoft Shared\OFFICE16\1033\ACEWSTR.DLL
0x00007ffa1e3c0000 - 0x00007ffa1e458000 	C:\WINDOWS\System32\TextInputFramework.dll
0x00007ffa20bc0000 - 0x00007ffa20eae000 	C:\WINDOWS\System32\CoreUIComponents.dll
0x00007ffa23b40000 - 0x00007ffa23c1d000 	C:\WINDOWS\System32\CoreMessaging.dll
0x00007ffa25450000 - 0x00007ffa25481000 	C:\WINDOWS\SYSTEM32\ntmarta.dll
0x00007ffa22380000 - 0x00007ffa224b6000 	C:\WINDOWS\SYSTEM32\wintypes.dll
0x000000005e100000 - 0x000000005e12a000 	C:\Program Files\Java\jdk1.7.0_67\jre\bin\dcpr.dll
0x00007ffa21df0000 - 0x00007ffa21dfe000 	C:\Program Files\Common Files\Microsoft Shared\OFFICE16\ACEERR.DLL
0x00007ffa25e40000 - 0x00007ffa25e66000 	C:\WINDOWS\SYSTEM32\ncrypt.dll
0x00007ffa25e00000 - 0x00007ffa25e36000 	C:\WINDOWS\SYSTEM32\NTASN1.dll
0x00007ff9fa1a0000 - 0x00007ff9fa273000 	C:\Program Files\Common Files\Microsoft Shared\OFFICE16\ACEES.DLL
0x00007ffa24480000 - 0x00007ffa24488000 	C:\Program Files\Common Files\Microsoft Shared\OFFICE16\VBAJET32.DLL
0x00007ffa06c70000 - 0x00007ffa06cea000 	C:\Program Files\Common Files\Microsoft Shared\OFFICE16\expsrv.dll
0x00007ffa22710000 - 0x00007ffa2274a000 	C:\WINDOWS\System32\netprofm.dll
0x00007ffa1e030000 - 0x00007ffa1e03e000 	C:\WINDOWS\System32\npmproxy.dll
0x00007ff9fe4a0000 - 0x00007ff9fe5ec000 	C:\WINDOWS\SYSTEM32\webservices.dll
0x00007ffa1a770000 - 0x00007ffa1a77c000 	C:\WINDOWS\SYSTEM32\Secur32.dll
0x00007ffa298b0000 - 0x00007ffa298b8000 	C:\WINDOWS\System32\Normaliz.dll
0x00007ffa22ed0000 - 0x00007ffa22fae000 	C:\WINDOWS\SYSTEM32\WINHTTP.dll
0x00007ffa25930000 - 0x00007ffa25969000 	C:\WINDOWS\SYSTEM32\IPHLPAPI.DLL
0x00007ffa29b30000 - 0x00007ffa29b38000 	C:\WINDOWS\System32\NSI.dll
0x00007ffa1ed20000 - 0x00007ffa1ed36000 	C:\WINDOWS\SYSTEM32\dhcpcsvc6.DLL
0x00007ffa1ed00000 - 0x00007ffa1ed1a000 	C:\WINDOWS\SYSTEM32\dhcpcsvc.DLL
0x00007ffa153f0000 - 0x00007ffa155bc000 	C:\WINDOWS\SYSTEM32\urlmon.dll
0x00007ffa292e0000 - 0x00007ffa292fd000 	C:\WINDOWS\System32\imagehlp.dll
0x00007ffa14eb0000 - 0x00007ffa15149000 	C:\WINDOWS\SYSTEM32\iertutil.dll
0x00007ffa25d80000 - 0x00007ffa25d8b000 	C:\WINDOWS\SYSTEM32\CRYPTBASE.DLL
0x00007ffa092e0000 - 0x00007ffa0934f000 	C:\WINDOWS\SYSTEM32\msiso.dll
0x00007ffa17760000 - 0x00007ffa17a94000 	C:\WINDOWS\SYSTEM32\WININET.dll
0x00007ffa1fd00000 - 0x00007ffa1fd15000 	C:\WINDOWS\SYSTEM32\ondemandconnroutehelper.dll
0x00007ffa1fe60000 - 0x00007ffa1fe6b000 	C:\WINDOWS\SYSTEM32\WINNSI.DLL
0x00007ffa18760000 - 0x00007ffa187f5000 	C:\WINDOWS\SYSTEM32\webio.dll
0x00007ffa25970000 - 0x00007ffa25a26000 	C:\WINDOWS\SYSTEM32\DNSAPI.dll
0x00007ffa1c880000 - 0x00007ffa1c88a000 	C:\Windows\System32\rasadhlp.dll
0x00007ffa1eea0000 - 0x00007ffa1ef10000 	C:\WINDOWS\System32\fwpuclnt.dll
0x00007ffa256f0000 - 0x00007ffa2576a000 	C:\WINDOWS\system32\schannel.DLL
0x00007ffa19b60000 - 0x00007ffa19b74000 	C:\WINDOWS\SYSTEM32\mskeyprotect.dll
0x00007ffa05520000 - 0x00007ffa05541000 	C:\WINDOWS\system32\ncryptsslp.dll
0x0000000019030000 - 0x000000001979c000 	C:\WINDOWS\SYSTEM32\D3D10Warp.dll
0x00007ffa26240000 - 0x00007ffa26269000 	C:\WINDOWS\SYSTEM32\USERENV.dll
0x00007ff9fb9c0000 - 0x00007ff9fb9f5000 	C:\Program Files\Common Files\Microsoft Shared\OFFICE16\1033\ACEINTL.DLL
0x00007ffa06f30000 - 0x00007ffa06f85000 	C:\Program Files\COMMON~1\MICROS~1\OFFICE16\ACEODBC.DLL
0x00007ffa27630000 - 0x00007ffa2773a000 	C:\WINDOWS\System32\COMDLG32.dll

VM Arguments:
jvm_args: -Dfile.encoding=UTF-8 
java_command: Project.Borrow
Launcher Type: SUN_STANDARD

Environment Variables:
PATH=
[error occurred during error reporting (printing environment variables), id 0xc0000005]



---------------  S Y S T E M  ---------------

OS: Windows 8.1 , 64 bit Build 9600 

CPU:total 8 (4 cores per cpu, 2 threads per core) family 6 model 94 stepping 3, cmov, cx8, fxsr, mmx, sse, sse2, sse3, ssse3, sse4.1, sse4.2, popcnt, avx, avx2, aes, erms, ht, tsc, tscinvbit

Memory: 4k page, physical 8298012k(4838408k free), swap 11649304k(6324576k free)

vm_info: Java HotSpot(TM) 64-Bit Server VM (24.65-b04) for windows-amd64 JRE (1.7.0_67-b01), built on Jul 25 2014 08:55:00 by "java_re" with unknown MS VC++:1600

time: Sun Dec 17 19:38:47 2017
elapsed time: 299 seconds

