#
# A fatal error has been detected by the Java Runtime Environment:
#
#  EXCEPTION_ACCESS_VIOLATION (0xc0000005) at pc=0x00007ff9e0c52729, pid=7416, tid=4396
#
# JRE version: Java(TM) SE Runtime Environment (7.0_67-b01) (build 1.7.0_67-b01)
# Java VM: Java HotSpot(TM) 64-Bit Server VM (24.65-b04 mixed mode windows-amd64 compressed oops)
# Problematic frame:
# C  [mso40uiwin32client.dll+0x362729]
#
# Failed to write core dump. Minidumps are not enabled by default on client versions of Windows
#
# If you would like to submit a bug report, please visit:
#   http://bugreport.sun.com/bugreport/crash.jsp
# The crash happened outside the Java Virtual Machine in native code.
# See problematic frame for where to report the bug.
#

---------------  T H R E A D  ---------------

Current thread (0x000000000fb5c800):  JavaThread "AWT-EventQueue-0" [_thread_in_native, id=4396, stack(0x0000000011560000,0x0000000011660000)]

siginfo: ExceptionCode=0xc0000005, writing address 0x0000000000000000

Registers:
RAX=0x00007ff9e0c5271c, RBX=0x0000000011658a30, RCX=0x00007ff9e0c5271c, RDX=0x0000000011658c60
RSP=0x0000000011656570, RBP=0x0000000011658c60, RSI=0x0000000011656630, RDI=0x00000000116572e0
R8 =0x0000000000000100, R9 =0x0000000019930520, R10=0x000079999be168d2, R11=0x0000000011656880
R12=0x00000000116578f8, R13=0x00007ff9e0c5271c, R14=0x0000000000000000, R15=0x0000000000000000
RIP=0x00007ff9e0c52729, EFLAGS=0x0000000000010202

Top of Stack: (sp=0x0000000011656570)
0x0000000011656570:   0000000000000000 0000000011656b80
0x0000000011656580:   0000f89a15db7148 006b0009004e0049
0x0000000011656590:   0000000011656b80 00007ffa00ddc2e0
0x00000000116565a0:   00007ff9e0c5271c 0000000011658c60
0x00000000116565b0:   0000000011658c60 00650044002d0073
0x00000000116565c0:   0000000011658a30 00007ffa00dd2a23
0x00000000116565d0:   00007ff9e0c5271c 00000000116578f8
0x00000000116565e0:   0061007200000100 00510049002d0062
0x00000000116565f0:   0009007900000000 0000000000000000
0x0000000011656600:   0000000000000000 00007ff9e0f7f0a8
0x0000000011656610:   0000000011656630 0000000000000000
0x0000000011656620:   00000000116578f8 0000000011655640
0x0000000011656630:   0000000011658bf8 0000000000000000
0x0000000011656640:   0000000011658c60 00000000116572e0
0x0000000011656650:   0000000011656d90 00007ff9e08f0000
0x0000000011656660:   0000000011656b50 0000000011657850 

Instructions: (pc=0x00007ff9e0c52729)
0x00007ff9e0c52709:   f3 68 e7 ff 90 90 90 48 8d 4a 50 e9 e7 68 e7 ff
0x00007ff9e0c52719:   90 90 90 48 89 54 24 10 55 48 83 ec 20 48 8b ea
0x00007ff9e0c52729:   c7 04 25 00 00 00 00 01 00 00 00 33 c9 cd 29 48
0x00007ff9e0c52739:   8d 4a 58 e9 bf 68 e7 ff 90 90 90 48 8d 4a 58 e9 


Register to memory mapping:

RAX=0x00007ff9e0c5271c is an unknown value
RBX=0x0000000011658a30 is pointing into the stack for thread: 0x000000000fb5c800
RCX=0x00007ff9e0c5271c is an unknown value
RDX=0x0000000011658c60 is pointing into the stack for thread: 0x000000000fb5c800
RSP=0x0000000011656570 is pointing into the stack for thread: 0x000000000fb5c800
RBP=0x0000000011658c60 is pointing into the stack for thread: 0x000000000fb5c800
RSI=0x0000000011656630 is pointing into the stack for thread: 0x000000000fb5c800
RDI=0x00000000116572e0 is pointing into the stack for thread: 0x000000000fb5c800
R8 =0x0000000000000100 is an unknown value
R9 =0x0000000019930520 is an unknown value
R10=0x000079999be168d2 is an unknown value
R11=0x0000000011656880 is pointing into the stack for thread: 0x000000000fb5c800
R12=0x00000000116578f8 is pointing into the stack for thread: 0x000000000fb5c800
R13=0x00007ff9e0c5271c is an unknown value
R14=0x0000000000000000 is an unknown value
R15=0x0000000000000000 is an unknown value


Stack: [0x0000000011560000,0x0000000011660000],  sp=0x0000000011656570,  free space=985k
Native frames: (J=compiled Java code, j=interpreted, Vv=VM code, C=native code)
C  [mso40uiwin32client.dll+0x362729]
C  [mso40uiwin32client.dll+0x6d7d08]

Java frames: (J=compiled Java code, j=interpreted, Vv=VM code)
j  sun.jdbc.odbc.JdbcOdbc.driverConnect(J[B[B)V+0
j  sun.jdbc.odbc.JdbcOdbc.SQLDriverConnect(JLjava/lang/String;)V+93
j  sun.jdbc.odbc.JdbcOdbcConnection.initialize(Ljava/lang/String;Ljava/util/Properties;I)V+984
j  sun.jdbc.odbc.JdbcOdbcDriver.connect(Ljava/lang/String;Ljava/util/Properties;)Ljava/sql/Connection;+129
j  java.sql.DriverManager.getConnection(Ljava/lang/String;Ljava/util/Properties;Ljava/lang/Class;)Ljava/sql/Connection;+172
j  java.sql.DriverManager.getConnection(Ljava/lang/String;)Ljava/sql/Connection;+13
j  Project.Project_Book.connectDB()Ljava/sql/Connection;+8
j  Project.User_book.showDataRecord()V+7
j  Project.User_book.<init>()V+247
j  Project.Home.MemActionPerformed(Ljava/awt/event/ActionEvent;)V+4
j  Project.Home.access$000(LProject/Home;Ljava/awt/event/ActionEvent;)V+2
j  Project.Home$1.actionPerformed(Ljava/awt/event/ActionEvent;)V+5
j  javax.swing.AbstractButton.fireActionPerformed(Ljava/awt/event/ActionEvent;)V+84
j  javax.swing.AbstractButton$Handler.actionPerformed(Ljava/awt/event/ActionEvent;)V+5
j  javax.swing.DefaultButtonModel.fireActionPerformed(Ljava/awt/event/ActionEvent;)V+35
j  javax.swing.DefaultButtonModel.setPressed(Z)V+117
j  javax.swing.plaf.basic.BasicButtonListener.mouseReleased(Ljava/awt/event/MouseEvent;)V+35
j  java.awt.Component.processMouseEvent(Ljava/awt/event/MouseEvent;)V+64
j  javax.swing.JComponent.processMouseEvent(Ljava/awt/event/MouseEvent;)V+23
j  java.awt.Component.processEvent(Ljava/awt/AWTEvent;)V+81
j  java.awt.Container.processEvent(Ljava/awt/AWTEvent;)V+18
j  java.awt.Component.dispatchEventImpl(Ljava/awt/AWTEvent;)V+581
j  java.awt.Container.dispatchEventImpl(Ljava/awt/AWTEvent;)V+42
J 295 C2 java.awt.LightweightDispatcher.retargetMouseEvent(Ljava/awt/Component;ILjava/awt/event/MouseEvent;)V (350 bytes) @ 0x00000000053c2e50 [0x00000000053c2980+0x4d0]
j  java.awt.LightweightDispatcher.processMouseEvent(Ljava/awt/event/MouseEvent;)Z+139
j  java.awt.LightweightDispatcher.dispatchEvent(Ljava/awt/AWTEvent;)Z+50
j  java.awt.Container.dispatchEventImpl(Ljava/awt/AWTEvent;)V+12
j  java.awt.Window.dispatchEventImpl(Ljava/awt/AWTEvent;)V+19
j  java.awt.Component.dispatchEvent(Ljava/awt/AWTEvent;)V+2
j  java.awt.EventQueue.dispatchEventImpl(Ljava/awt/AWTEvent;Ljava/lang/Object;)V+41
j  java.awt.EventQueue.access$200(Ljava/awt/EventQueue;Ljava/awt/AWTEvent;Ljava/lang/Object;)V+3
j  java.awt.EventQueue$3.run()Ljava/lang/Void;+12
j  java.awt.EventQueue$3.run()Ljava/lang/Object;+1
v  ~StubRoutines::call_stub
J 271  java.security.AccessController.doPrivileged(Ljava/security/PrivilegedAction;Ljava/security/AccessControlContext;)Ljava/lang/Object; (0 bytes) @ 0x000000000539de46 [0x000000000539dde0+0x66]
J 296 C2 java.security.ProtectionDomain$1.doIntersectionPrivilege(Ljava/security/PrivilegedAction;Ljava/security/AccessControlContext;Ljava/security/AccessControlContext;)Ljava/lang/Object; (32 bytes) @ 0x00000000053ac508 [0x00000000053ac440+0xc8]
j  java.security.ProtectionDomain$1.doIntersectionPrivilege(Ljava/security/PrivilegedAction;Ljava/security/AccessControlContext;)Ljava/lang/Object;+6
j  java.awt.EventQueue$4.run()Ljava/lang/Void;+11
j  java.awt.EventQueue$4.run()Ljava/lang/Object;+1
v  ~StubRoutines::call_stub
J 271  java.security.AccessController.doPrivileged(Ljava/security/PrivilegedAction;Ljava/security/AccessControlContext;)Ljava/lang/Object; (0 bytes) @ 0x000000000539de46 [0x000000000539dde0+0x66]
J 248 C2 java.awt.EventDispatchThread.pumpOneEventForFilters(I)V (295 bytes) @ 0x00000000053aec68 [0x00000000053ae420+0x848]
j  java.awt.EventDispatchThread.pumpEventsForFilter(ILjava/awt/Conditional;Ljava/awt/EventFilter;)V+35
j  java.awt.EventDispatchThread.pumpEventsForHierarchy(ILjava/awt/Conditional;Ljava/awt/Component;)V+11
j  java.awt.EventDispatchThread.pumpEvents(ILjava/awt/Conditional;)V+4
j  java.awt.EventDispatchThread.pumpEvents(Ljava/awt/Conditional;)V+3
j  java.awt.EventDispatchThread.run()V+9
v  ~StubRoutines::call_stub

---------------  P R O C E S S  ---------------

Java Threads: ( => current thread )
  0x0000000011820800 JavaThread "Abandoned connection cleanup thread" daemon [_thread_blocked, id=8692, stack(0x00000000130f0000,0x00000000131f0000)]
  0x00000000119ec800 JavaThread "TimerQueue" daemon [_thread_blocked, id=4616, stack(0x0000000012ff0000,0x00000000130f0000)]
  0x0000000005190800 JavaThread "DestroyJavaVM" [_thread_blocked, id=12268, stack(0x0000000005050000,0x0000000005150000)]
=>0x000000000fb5c800 JavaThread "AWT-EventQueue-0" [_thread_in_native, id=4396, stack(0x0000000011560000,0x0000000011660000)]
  0x000000000f9c7000 JavaThread "AWT-Windows" daemon [_thread_in_native, id=9888, stack(0x0000000010970000,0x0000000010a70000)]
  0x000000000f9c5000 JavaThread "AWT-Shutdown" [_thread_blocked, id=5584, stack(0x0000000010870000,0x0000000010970000)]
  0x000000000f9e3800 JavaThread "Java2D Disposer" daemon [_thread_blocked, id=5316, stack(0x0000000010770000,0x0000000010870000)]
  0x000000000528a000 JavaThread "Service Thread" daemon [_thread_blocked, id=8448, stack(0x0000000010180000,0x0000000010280000)]
  0x0000000005287000 JavaThread "C2 CompilerThread1" daemon [_thread_blocked, id=9600, stack(0x0000000010080000,0x0000000010180000)]
  0x0000000005285000 JavaThread "C2 CompilerThread0" daemon [_thread_blocked, id=12384, stack(0x000000000ff80000,0x0000000010080000)]
  0x000000000f9a1800 JavaThread "Attach Listener" daemon [_thread_blocked, id=10816, stack(0x000000000fe80000,0x000000000ff80000)]
  0x000000000f9a0800 JavaThread "Signal Dispatcher" daemon [_thread_blocked, id=8500, stack(0x000000000fd80000,0x000000000fe80000)]
  0x000000000d980000 JavaThread "Finalizer" daemon [_thread_blocked, id=12836, stack(0x000000000f880000,0x000000000f980000)]
  0x000000000d979800 JavaThread "Reference Handler" daemon [_thread_blocked, id=6684, stack(0x000000000f780000,0x000000000f880000)]

Other Threads:
  0x000000000d975000 VMThread [stack: 0x000000000f680000,0x000000000f780000] [id=14096]
  0x000000000f9ac800 WatcherThread [stack: 0x0000000010280000,0x0000000010380000] [id=9720]

VM state:not at safepoint (normal execution)

VM Mutex/Monitor currently owned by a thread: None

Heap
 PSYoungGen      total 38400K, used 7687K [0x00000007d5c80000, 0x00000007d8700000, 0x0000000800000000)
  eden space 33280K, 7% used [0x00000007d5c80000,0x00000007d5f08dc8,0x00000007d7d00000)
  from space 5120K, 99% used [0x00000007d8200000,0x00000007d86f9100,0x00000007d8700000)
  to   space 5120K, 0% used [0x00000007d7d00000,0x00000007d7d00000,0x00000007d8200000)
 ParOldGen       total 86016K, used 35108K [0x0000000781600000, 0x0000000786a00000, 0x00000007d5c80000)
  object space 86016K, 40% used [0x0000000781600000,0x00000007838493f0,0x0000000786a00000)
 PSPermGen       total 21504K, used 14547K [0x000000077c400000, 0x000000077d900000, 0x0000000781600000)
  object space 21504K, 67% used [0x000000077c400000,0x000000077d234f60,0x000000077d900000)

Card table byte_map: [0x0000000008290000,0x00000000086b0000] byte_map_base: 0x00000000046ae000

Polling page: 0x0000000003770000

Code Cache  [0x0000000005290000, 0x0000000005500000, 0x0000000008290000)
 total_blobs=833 nmethods=302 adapters=483 free_code_cache=47936Kb largest_free_block=49044224

Compilation events (10 events):
Event: 24.409 Thread 0x0000000005285000 nmethod 297 0x00000000053abed0 code [0x00000000053ac020, 0x00000000053ac158]
Event: 24.415 Thread 0x0000000005287000  298             java.beans.PropertyChangeEvent::getPropertyName (5 bytes)
Event: 24.415 Thread 0x0000000005287000 nmethod 298 0x00000000053abcd0 code [0x00000000053abe00, 0x00000000053abe78]
Event: 24.420 Thread 0x0000000005285000  299             java.util.ArrayList$Itr::<init> (6 bytes)
Event: 24.420 Thread 0x0000000005287000  300             java.util.ArrayList$Itr::<init> (26 bytes)
Event: 24.421 Thread 0x0000000005285000 nmethod 299 0x00000000053ac710 code [0x00000000053ac840, 0x00000000053ac8d8]
Event: 24.421 Thread 0x0000000005287000 nmethod 300 0x000000000538ccd0 code [0x000000000538ce00, 0x000000000538ce98]
Event: 24.421 Thread 0x0000000005287000  301             javax.swing.GroupLayout$SequentialGroup::setValidSize (144 bytes)
Event: 24.421 Thread 0x0000000005285000  302             java.util.Arrays::fill (21 bytes)
Event: 24.423 Thread 0x0000000005285000 nmethod 302 0x00000000053aa150 code [0x00000000053aa280, 0x00000000053aa3b8]

GC Heap History (4 events):
Event: 10.950 GC heap before
{Heap before GC invocations=1 (full 0):
 PSYoungGen      total 38400K, used 33280K [0x00000007d5c80000, 0x00000007d8700000, 0x0000000800000000)
  eden space 33280K, 100% used [0x00000007d5c80000,0x00000007d7d00000,0x00000007d7d00000)
  from space 5120K, 0% used [0x00000007d8200000,0x00000007d8200000,0x00000007d8700000)
  to   space 5120K, 0% used [0x00000007d7d00000,0x00000007d7d00000,0x00000007d8200000)
 ParOldGen       total 86016K, used 0K [0x0000000781600000, 0x0000000786a00000, 0x00000007d5c80000)
  object space 86016K, 0% used [0x0000000781600000,0x0000000781600000,0x0000000786a00000)
 PSPermGen       total 21504K, used 12274K [0x000000077c400000, 0x000000077d900000, 0x0000000781600000)
  object space 21504K, 57% used [0x000000077c400000,0x000000077cffc8a8,0x000000077d900000)
Event: 10.963 GC heap after
Heap after GC invocations=1 (full 0):
 PSYoungGen      total 38400K, used 4493K [0x00000007d5c80000, 0x00000007d8700000, 0x0000000800000000)
  eden space 33280K, 0% used [0x00000007d5c80000,0x00000007d5c80000,0x00000007d7d00000)
  from space 5120K, 87% used [0x00000007d7d00000,0x00000007d8163770,0x00000007d8200000)
  to   space 5120K, 0% used [0x00000007d8200000,0x00000007d8200000,0x00000007d8700000)
 ParOldGen       total 86016K, used 28304K [0x0000000781600000, 0x0000000786a00000, 0x00000007d5c80000)
  object space 86016K, 32% used [0x0000000781600000,0x00000007831a4010,0x0000000786a00000)
 PSPermGen       total 21504K, used 12274K [0x000000077c400000, 0x000000077d900000, 0x0000000781600000)
  object space 21504K, 57% used [0x000000077c400000,0x000000077cffc8a8,0x000000077d900000)
}
Event: 22.616 GC heap before
{Heap before GC invocations=2 (full 0):
 PSYoungGen      total 38400K, used 37773K [0x00000007d5c80000, 0x00000007d8700000, 0x0000000800000000)
  eden space 33280K, 100% used [0x00000007d5c80000,0x00000007d7d00000,0x00000007d7d00000)
  from space 5120K, 87% used [0x00000007d7d00000,0x00000007d8163770,0x00000007d8200000)
  to   space 5120K, 0% used [0x00000007d8200000,0x00000007d8200000,0x00000007d8700000)
 ParOldGen       total 86016K, used 28304K [0x0000000781600000, 0x0000000786a00000, 0x00000007d5c80000)
  object space 86016K, 32% used [0x0000000781600000,0x00000007831a4010,0x0000000786a00000)
 PSPermGen       total 21504K, used 14532K [0x000000077c400000, 0x000000077d900000, 0x0000000781600000)
  object space 21504K, 67% used [0x000000077c400000,0x000000077d2310f0,0x000000077d900000)
Event: 22.625 GC heap after
Heap after GC invocations=2 (full 0):
 PSYoungGen      total 38400K, used 5092K [0x00000007d5c80000, 0x00000007d8700000, 0x0000000800000000)
  eden space 33280K, 0% used [0x00000007d5c80000,0x00000007d5c80000,0x00000007d7d00000)
  from space 5120K, 99% used [0x00000007d8200000,0x00000007d86f9100,0x00000007d8700000)
  to   space 5120K, 0% used [0x00000007d7d00000,0x00000007d7d00000,0x00000007d8200000)
 ParOldGen       total 86016K, used 35108K [0x0000000781600000, 0x0000000786a00000, 0x00000007d5c80000)
  object space 86016K, 40% used [0x0000000781600000,0x00000007838493f0,0x0000000786a00000)
 PSPermGen       total 21504K, used 14532K [0x000000077c400000, 0x000000077d900000, 0x0000000781600000)
  object space 21504K, 67% used [0x000000077c400000,0x000000077d2310f0,0x000000077d900000)
}

Deoptimization events (10 events):
Event: 18.480 Thread 0x000000000fb5c800 Uncommon trap: reason=bimorphic action=maybe_recompile pc=0x0000000005335b54 method=java.util.HashMap.put(Ljava/lang/Object;Ljava/lang/Object;)Ljava/lang/Object; @ 83
Event: 18.599 Thread 0x000000000fb5c800 Uncommon trap: reason=unreached action=reinterpret pc=0x000000000538ec34 method=sun.font.TrueTypeFont.initNames()V @ 168
Event: 18.602 Thread 0x000000000fb5c800 Uncommon trap: reason=bimorphic action=maybe_recompile pc=0x0000000005335b54 method=java.util.HashMap.put(Ljava/lang/Object;Ljava/lang/Object;)Ljava/lang/Object; @ 83
Event: 18.602 Thread 0x000000000fb5c800 Uncommon trap: reason=bimorphic action=maybe_recompile pc=0x0000000005335b54 method=java.util.HashMap.put(Ljava/lang/Object;Ljava/lang/Object;)Ljava/lang/Object; @ 83
Event: 18.602 Thread 0x000000000fb5c800 Uncommon trap: reason=bimorphic action=maybe_recompile pc=0x0000000005335b54 method=java.util.HashMap.put(Ljava/lang/Object;Ljava/lang/Object;)Ljava/lang/Object; @ 83
Event: 18.605 Thread 0x000000000fb5c800 Uncommon trap: reason=class_check action=maybe_recompile pc=0x0000000005384948 method=java.lang.Character.toLowerCase(I)I @ 5
Event: 18.605 Thread 0x000000000fb5c800 Uncommon trap: reason=class_check action=maybe_recompile pc=0x0000000005373cec method=java.lang.Character.toLowerCase(I)I @ 5
Event: 18.605 Thread 0x000000000fb5c800 Uncommon trap: reason=class_check action=maybe_recompile pc=0x0000000005373cec method=java.lang.Character.toLowerCase(I)I @ 5
Event: 18.607 Thread 0x000000000fb5c800 Uncommon trap: reason=class_check action=maybe_recompile pc=0x0000000005384948 method=java.lang.Character.toLowerCase(I)I @ 5
Event: 18.607 Thread 0x000000000fb5c800 Uncommon trap: reason=class_check action=maybe_recompile pc=0x0000000005373cec method=java.lang.Character.toLowerCase(I)I @ 5

Internal exceptions (10 events):
Event: 18.361 Thread 0x000000000fb5c800 Threw 0x00000007d69fd8f0 at C:\re\jdk7u67\1368\hotspot\src\share\vm\prims\jvm.cpp:1244
Event: 18.361 Thread 0x000000000fb5c800 Threw 0x00000007d69ffbf0 at C:\re\jdk7u67\1368\hotspot\src\share\vm\prims\jvm.cpp:1244
Event: 18.363 Thread 0x000000000fb5c800 Threw 0x00000007d6a057b0 at C:\re\jdk7u67\1368\hotspot\src\share\vm\prims\jvm.cpp:1244
Event: 18.363 Thread 0x000000000fb5c800 Threw 0x00000007d6a07270 at C:\re\jdk7u67\1368\hotspot\src\share\vm\prims\jvm.cpp:1244
Event: 18.364 Thread 0x000000000fb5c800 Threw 0x00000007d6a08ca0 at C:\re\jdk7u67\1368\hotspot\src\share\vm\prims\jvm.cpp:1244
Event: 18.365 Thread 0x000000000fb5c800 Threw 0x00000007d6a0f6e0 at C:\re\jdk7u67\1368\hotspot\src\share\vm\prims\jvm.cpp:1244
Event: 18.366 Thread 0x000000000fb5c800 Threw 0x00000007d6a11658 at C:\re\jdk7u67\1368\hotspot\src\share\vm\prims\jvm.cpp:1244
Event: 18.366 Thread 0x000000000fb5c800 Threw 0x00000007d6a13010 at C:\re\jdk7u67\1368\hotspot\src\share\vm\prims\jvm.cpp:1244
Event: 21.783 Thread 0x000000000fb5c800 Threw 0x00000007d7c25660 at C:\re\jdk7u67\1368\hotspot\src\share\vm\prims\jvm.cpp:1244
Event: 21.790 Thread 0x000000000fb5c800 Threw 0x00000007d7c46640 at C:\re\jdk7u67\1368\hotspot\src\share\vm\prims\jvm.cpp:1244

Events (10 events):
Event: 23.546 Executing VM operation: RevokeBias
Event: 23.546 Executing VM operation: RevokeBias done
Event: 24.411 Executing VM operation: RevokeBias
Event: 24.411 Executing VM operation: RevokeBias done
Event: 24.413 Executing VM operation: RevokeBias
Event: 24.414 Executing VM operation: RevokeBias done
Event: 24.414 Executing VM operation: RevokeBias
Event: 24.414 Executing VM operation: RevokeBias done
Event: 24.420 loading class 0x000000000520ef70
Event: 24.420 loading class 0x000000000520ef70 done


Dynamic libraries:
0x00007ff7607c0000 - 0x00007ff7607f3000 	C:\Program Files\Java\jdk1.7.0_67\bin\java.exe
0x00007ffa29fc0000 - 0x00007ffa2a1a0000 	C:\WINDOWS\SYSTEM32\ntdll.dll
0x00007ffa29800000 - 0x00007ffa298ae000 	C:\WINDOWS\System32\KERNEL32.DLL
0x00007ffa26550000 - 0x00007ffa267b6000 	C:\WINDOWS\System32\KERNELBASE.dll
0x00007ffa29570000 - 0x00007ffa29611000 	C:\WINDOWS\System32\ADVAPI32.dll
0x00007ffa28cb0000 - 0x00007ffa28d4d000 	C:\WINDOWS\System32\msvcrt.dll
0x00007ffa29220000 - 0x00007ffa2927b000 	C:\WINDOWS\System32\sechost.dll
0x00007ffa298c0000 - 0x00007ffa299df000 	C:\WINDOWS\System32\RPCRT4.dll
0x00007ffa29090000 - 0x00007ffa2921f000 	C:\WINDOWS\System32\USER32.dll
0x00007ffa27470000 - 0x00007ffa27490000 	C:\WINDOWS\System32\win32u.dll
0x00007ffa296d0000 - 0x00007ffa296f8000 	C:\WINDOWS\System32\GDI32.dll
0x00007ffa267c0000 - 0x00007ffa26954000 	C:\WINDOWS\System32\gdi32full.dll
0x00007ffa269b0000 - 0x00007ffa26a4b000 	C:\WINDOWS\System32\msvcp_win.dll
0x00007ffa26c20000 - 0x00007ffa26d16000 	C:\WINDOWS\System32\ucrtbase.dll
0x00007ffa09a60000 - 0x00007ffa09cc9000 	C:\WINDOWS\WinSxS\amd64_microsoft.windows.common-controls_6595b64144ccf1df_6.0.16299.64_none_cc9304e22215ca8f\COMCTL32.dll
0x00007ffa28d80000 - 0x00007ffa29088000 	C:\WINDOWS\System32\combase.dll
0x00007ffa264d0000 - 0x00007ffa26542000 	C:\WINDOWS\System32\bcryptPrimitives.dll
0x00007ffa28d50000 - 0x00007ffa28d7d000 	C:\WINDOWS\System32\IMM32.DLL
0x000000005ec30000 - 0x000000005ed02000 	C:\Program Files\Java\jdk1.7.0_67\jre\bin\msvcr100.dll
0x000000005e450000 - 0x000000005ec22000 	C:\Program Files\Java\jdk1.7.0_67\jre\bin\server\jvm.dll
0x00007ffa29470000 - 0x00007ffa29478000 	C:\WINDOWS\System32\PSAPI.DLL
0x00007ffa18970000 - 0x00007ffa18979000 	C:\WINDOWS\SYSTEM32\WSOCK32.dll
0x00007ffa219b0000 - 0x00007ffa219d3000 	C:\WINDOWS\SYSTEM32\WINMM.dll
0x00007ffa29500000 - 0x00007ffa2956c000 	C:\WINDOWS\System32\WS2_32.dll
0x00007ffa21980000 - 0x00007ffa219aa000 	C:\WINDOWS\SYSTEM32\winmmbase.dll
0x00007ffa26960000 - 0x00007ffa269aa000 	C:\WINDOWS\System32\cfgmgr32.dll
0x0000000060dc0000 - 0x0000000060dcf000 	C:\Program Files\Java\jdk1.7.0_67\jre\bin\verify.dll
0x000000005e420000 - 0x000000005e448000 	C:\Program Files\Java\jdk1.7.0_67\jre\bin\java.dll
0x000000005e400000 - 0x000000005e415000 	C:\Program Files\Java\jdk1.7.0_67\jre\bin\zip.dll
0x000000005e260000 - 0x000000005e3f5000 	C:\Program Files\Java\jdk1.7.0_67\jre\bin\awt.dll
0x00007ffa28b80000 - 0x00007ffa28c45000 	C:\WINDOWS\System32\OLEAUT32.dll
0x00007ffa245f0000 - 0x00007ffa24677000 	C:\WINDOWS\SYSTEM32\apphelp.dll
0x00007ffa247d0000 - 0x00007ffa24865000 	C:\WINDOWS\system32\uxtheme.dll
0x00007ffa29300000 - 0x00007ffa29467000 	C:\WINDOWS\System32\MSCTF.dll
0x00007ffa24ae0000 - 0x00007ffa24b0a000 	C:\WINDOWS\system32\dwmapi.dll
0x00007ffa299e0000 - 0x00007ffa29b29000 	C:\WINDOWS\System32\ole32.dll
0x00007ffa26380000 - 0x00007ffa26391000 	C:\WINDOWS\System32\kernel.appcore.dll
0x00007ffa27740000 - 0x00007ffa28b77000 	C:\WINDOWS\System32\SHELL32.dll
0x00007ffa29620000 - 0x00007ffa296c6000 	C:\WINDOWS\System32\shcore.dll
0x00007ffa26d20000 - 0x00007ffa27467000 	C:\WINDOWS\System32\windows.storage.dll
0x00007ffa29280000 - 0x00007ffa292d1000 	C:\WINDOWS\System32\shlwapi.dll
0x00007ffa26330000 - 0x00007ffa2637c000 	C:\WINDOWS\System32\powrprof.dll
0x00007ffa263a0000 - 0x00007ffa263bb000 	C:\WINDOWS\System32\profapi.dll
0x000000005e210000 - 0x000000005e257000 	C:\Program Files\Java\jdk1.7.0_67\jre\bin\fontmanager.dll
0x000000005e1f0000 - 0x000000005e209000 	C:\Program Files\Java\jdk1.7.0_67\jre\bin\net.dll
0x00007ffa25ba0000 - 0x00007ffa25c06000 	C:\WINDOWS\system32\mswsock.dll
0x000000005e1d0000 - 0x000000005e1e1000 	C:\Program Files\Java\jdk1.7.0_67\jre\bin\nio.dll
0x000000005e180000 - 0x000000005e1c1000 	C:\Program Files\Java\jdk1.7.0_67\jre\bin\t2k.dll
0x00007ffa1e3c0000 - 0x00007ffa1e458000 	C:\WINDOWS\System32\TextInputFramework.dll
0x00007ffa23b40000 - 0x00007ffa23c1d000 	C:\WINDOWS\System32\CoreMessaging.dll
0x00007ffa20bc0000 - 0x00007ffa20eae000 	C:\WINDOWS\System32\CoreUIComponents.dll
0x00007ffa22380000 - 0x00007ffa224b6000 	C:\WINDOWS\SYSTEM32\wintypes.dll
0x00007ffa25450000 - 0x00007ffa25481000 	C:\WINDOWS\SYSTEM32\ntmarta.dll
0x000000005e150000 - 0x000000005e17a000 	C:\Program Files\Java\jdk1.7.0_67\jre\bin\dcpr.dll
0x00007ffa29700000 - 0x00007ffa2979e000 	C:\WINDOWS\System32\clbcatq.dll
0x00007ffa21200000 - 0x00007ffa213ab000 	C:\WINDOWS\SYSTEM32\WindowsCodecs.dll
0x00007ffa19bb0000 - 0x00007ffa19bff000 	C:\WINDOWS\system32\dataexchange.dll
0x00007ffa22fb0000 - 0x00007ffa23292000 	C:\WINDOWS\system32\d3d11.dll
0x00007ffa23c40000 - 0x00007ffa23d82000 	C:\WINDOWS\system32\dcomp.dll
0x00007ffa25180000 - 0x00007ffa2522f000 	C:\WINDOWS\system32\dxgi.dll
0x00007ffa24bd0000 - 0x00007ffa24d4b000 	C:\WINDOWS\system32\twinapi.appcore.dll
0x00007ffa24d50000 - 0x00007ffa24d70000 	C:\WINDOWS\system32\RMCLIENT.dll
0x00007ffa25e70000 - 0x00007ffa25e95000 	C:\WINDOWS\system32\bcrypt.dll
0x000000005e130000 - 0x000000005e143000 	C:\Program Files\Java\jdk1.7.0_67\jre\bin\JdbcOdbc.dll
0x00007ffa09cd0000 - 0x00007ffa09d85000 	C:\WINDOWS\SYSTEM32\ODBC32.dll
0x00007ffa26a50000 - 0x00007ffa26c1e000 	C:\WINDOWS\System32\CRYPT32.dll
0x00007ffa26310000 - 0x00007ffa26322000 	C:\WINDOWS\System32\MSASN1.dll
0x00007ffa257f0000 - 0x00007ffa257fa000 	C:\WINDOWS\SYSTEM32\DPAPI.DLL
0x00007ffa00dd0000 - 0x00007ffa00de6000 	C:\WINDOWS\SYSTEM32\VCRUNTIME140.dll
0x00007ff9feaa0000 - 0x00007ff9feda6000 	C:\Program Files\Common Files\Microsoft Shared\Office16\mso20win32client.dll
0x00007ff9fedb0000 - 0x00007ff9fee4c000 	C:\WINDOWS\SYSTEM32\MSVCP140.dll
0x00007ff9e7bf0000 - 0x00007ff9e807c000 	C:\Program Files\Common Files\Microsoft Shared\Office16\mso30win32client.dll
0x00007ff9e08f0000 - 0x00007ff9e11dd000 	C:\Program Files\Common Files\Microsoft Shared\Office16\mso40uiwin32client.dll
0x00007ffa1e0b0000 - 0x00007ffa1e24c000 	C:\WINDOWS\WinSxS\amd64_microsoft.windows.gdiplus_6595b64144ccf1df_1.1.16299.64_none_4c5a740035ade6b7\gdiplus.dll
0x00007ff9e2490000 - 0x00007ff9e2c5c000 	C:\Program Files\Common Files\Microsoft Shared\Office16\mso99Lwin32client.dll
0x00007ffa1e300000 - 0x00007ffa1e307000 	C:\WINDOWS\SYSTEM32\MSIMG32.dll
0x00007ffa219e0000 - 0x00007ffa21a07000 	C:\WINDOWS\SYSTEM32\SLC.dll
0x00007ffa21950000 - 0x00007ffa21976000 	C:\WINDOWS\SYSTEM32\sppc.dll
0x00007ff9df600000 - 0x00007ff9e08ef000 	C:\Program Files\Common Files\Microsoft Shared\Office16\mso.dll
0x00007ff9f1e80000 - 0x00007ff9f2265000 	C:\WINDOWS\SYSTEM32\msi.dll
0x00007ff9e8790000 - 0x00007ff9e87b8000 	C:\WINDOWS\SYSTEM32\srpapi.dll
0x00007ffa23570000 - 0x00007ffa23b28000 	C:\WINDOWS\SYSTEM32\d2d1.dll
0x00007ffa21b80000 - 0x00007ffa21b93000 	C:\WINDOWS\SYSTEM32\WTSAPI32.dll
0x00007ffa254c0000 - 0x00007ffa25515000 	C:\WINDOWS\SYSTEM32\WINSTA.dll
0x00007ff9e9ad0000 - 0x00007ff9e9d1b000 	C:\Program Files\Common Files\Microsoft Shared\OFFICE16\ACECORE.DLL
0x00007ffa26210000 - 0x00007ffa26240000 	C:\WINDOWS\SYSTEM32\SspiCli.dll
0x00007ffa07260000 - 0x00007ffa0756f000 	C:\WINDOWS\SYSTEM32\DWrite.dll
0x00007ffa077f0000 - 0x00007ffa07821000 	C:\WINDOWS\SYSTEM32\d3d10_1.dll
0x00007ffa06140000 - 0x00007ffa0619c000 	C:\WINDOWS\SYSTEM32\d3d10_1core.dll
0x00007ffa1ffc0000 - 0x00007ffa1ffdc000 	C:\WINDOWS\SYSTEM32\davclnt.dll
0x00007ffa20f00000 - 0x00007ffa20f0c000 	C:\WINDOWS\SYSTEM32\DAVHLPR.dll
0x00007ff9fba00000 - 0x00007ff9fbad5000 	C:\Program Files\Common Files\Microsoft Shared\OFFICE16\1033\ACEWSTR.DLL
0x0000000021400000 - 0x0000000021b6c000 	C:\WINDOWS\SYSTEM32\D3D10Warp.dll
0x00007ffa26240000 - 0x00007ffa26269000 	C:\WINDOWS\SYSTEM32\USERENV.dll
0x00007ffa25e40000 - 0x00007ffa25e66000 	C:\WINDOWS\SYSTEM32\ncrypt.dll
0x00007ffa25e00000 - 0x00007ffa25e36000 	C:\WINDOWS\SYSTEM32\NTASN1.dll
0x00007ffa22710000 - 0x00007ffa2274a000 	C:\WINDOWS\System32\netprofm.dll
0x00007ffa1e030000 - 0x00007ffa1e03e000 	C:\WINDOWS\System32\npmproxy.dll
0x00007ff9fe4a0000 - 0x00007ff9fe5ec000 	C:\WINDOWS\SYSTEM32\webservices.dll
0x00007ffa1a770000 - 0x00007ffa1a77c000 	C:\WINDOWS\SYSTEM32\Secur32.dll
0x00007ffa298b0000 - 0x00007ffa298b8000 	C:\WINDOWS\System32\Normaliz.dll
0x00007ffa22ed0000 - 0x00007ffa22fae000 	C:\WINDOWS\SYSTEM32\WINHTTP.dll
0x00007ffa25930000 - 0x00007ffa25969000 	C:\WINDOWS\SYSTEM32\IPHLPAPI.DLL
0x00007ffa29b30000 - 0x00007ffa29b38000 	C:\WINDOWS\System32\NSI.dll
0x00007ffa1ed20000 - 0x00007ffa1ed36000 	C:\WINDOWS\SYSTEM32\dhcpcsvc6.DLL
0x00007ffa1ed00000 - 0x00007ffa1ed1a000 	C:\WINDOWS\SYSTEM32\dhcpcsvc.DLL
0x00007ffa153f0000 - 0x00007ffa155bc000 	C:\WINDOWS\SYSTEM32\urlmon.dll
0x00007ffa292e0000 - 0x00007ffa292fd000 	C:\WINDOWS\System32\imagehlp.dll
0x00007ffa14eb0000 - 0x00007ffa15149000 	C:\WINDOWS\SYSTEM32\iertutil.dll
0x00007ffa25d80000 - 0x00007ffa25d8b000 	C:\WINDOWS\SYSTEM32\CRYPTBASE.DLL
0x00007ffa092e0000 - 0x00007ffa0934f000 	C:\WINDOWS\SYSTEM32\msiso.dll
0x00007ffa17760000 - 0x00007ffa17a94000 	C:\WINDOWS\SYSTEM32\WININET.dll
0x00007ffa1fd00000 - 0x00007ffa1fd15000 	C:\WINDOWS\SYSTEM32\ondemandconnroutehelper.dll
0x00007ffa1fe60000 - 0x00007ffa1fe6b000 	C:\WINDOWS\SYSTEM32\WINNSI.DLL
0x00007ffa18760000 - 0x00007ffa187f5000 	C:\WINDOWS\SYSTEM32\webio.dll
0x00007ffa25970000 - 0x00007ffa25a26000 	C:\WINDOWS\SYSTEM32\DNSAPI.dll
0x00007ffa1c880000 - 0x00007ffa1c88a000 	C:\Windows\System32\rasadhlp.dll
0x00007ffa1eea0000 - 0x00007ffa1ef10000 	C:\WINDOWS\System32\fwpuclnt.dll
0x00007ffa256f0000 - 0x00007ffa2576a000 	C:\WINDOWS\system32\schannel.DLL
0x00007ffa19b60000 - 0x00007ffa19b74000 	C:\WINDOWS\SYSTEM32\mskeyprotect.dll
0x00007ffa05520000 - 0x00007ffa05541000 	C:\WINDOWS\system32\ncryptsslp.dll
0x00007ff9fa1a0000 - 0x00007ff9fa273000 	C:\Program Files\Common Files\Microsoft Shared\OFFICE16\ACEES.DLL
0x00007ffa24480000 - 0x00007ffa24488000 	C:\Program Files\Common Files\Microsoft Shared\OFFICE16\VBAJET32.DLL
0x00007ffa07000000 - 0x00007ffa0707a000 	C:\Program Files\Common Files\Microsoft Shared\OFFICE16\expsrv.dll
0x00007ffa1d420000 - 0x00007ffa1d475000 	C:\Program Files\COMMON~1\MICROS~1\OFFICE16\ACEODBC.DLL
0x00007ffa27630000 - 0x00007ffa2773a000 	C:\WINDOWS\System32\COMDLG32.dll
0x00007ffa143c0000 - 0x00007ffa14588000 	C:\WINDOWS\SYSTEM32\dbghelp.dll

VM Arguments:
jvm_args: -Dfile.encoding=UTF-8 
java_command: Project.Home
Launcher Type: SUN_STANDARD

Environment Variables:
PATH=
[error occurred during error reporting (printing environment variables), id 0xc0000005]



---------------  S Y S T E M  ---------------

OS: Windows 8.1 , 64 bit Build 9600 

CPU:total 8 (4 cores per cpu, 2 threads per core) family 6 model 94 stepping 3, cmov, cx8, fxsr, mmx, sse, sse2, sse3, ssse3, sse4.1, sse4.2, popcnt, avx, avx2, aes, erms, ht, tsc, tscinvbit

Memory: 4k page, physical 8298012k(4317152k free), swap 11649304k(6357172k free)

vm_info: Java HotSpot(TM) 64-Bit Server VM (24.65-b04) for windows-amd64 JRE (1.7.0_67-b01), built on Jul 25 2014 08:55:00 by "java_re" with unknown MS VC++:1600

time: Sun Dec 17 16:10:57 2017
elapsed time: 24 seconds

