#
# A fatal error has been detected by the Java Runtime Environment:
#
#  EXCEPTION_ACCESS_VIOLATION (0xc0000005) at pc=0x00007ff9e8ee2729, pid=3064, tid=13200
#
# JRE version: Java(TM) SE Runtime Environment (7.0_67-b01) (build 1.7.0_67-b01)
# Java VM: Java HotSpot(TM) 64-Bit Server VM (24.65-b04 mixed mode windows-amd64 compressed oops)
# Problematic frame:
# C  [mso40uiwin32client.dll+0x362729]
#
# Failed to write core dump. Minidumps are not enabled by default on client versions of Windows
#
# If you would like to submit a bug report, please visit:
#   http://bugreport.sun.com/bugreport/crash.jsp
# The crash happened outside the Java Virtual Machine in native code.
# See problematic frame for where to report the bug.
#

---------------  T H R E A D  ---------------

Current thread (0x000000000ed21000):  JavaThread "AWT-EventQueue-0" [_thread_in_native, id=13200, stack(0x00000000106e0000,0x00000000107e0000)]

siginfo: ExceptionCode=0xc0000005, writing address 0x0000000000000000

Registers:
RAX=0x00007ff9e8ee271c, RBX=0x00000000107d8df0, RCX=0x00007ff9e8ee271c, RDX=0x00000000107d9020
RSP=0x00000000107d6930, RBP=0x00000000107d9020, RSI=0x00000000107d69f0, RDI=0x00000000107d76a0
R8 =0x0000000000000100, R9 =0x0000000019930520, R10=0x0000a287e6b136f0, R11=0x00000000107d6c40
R12=0x00000000107d7cb8, R13=0x00007ff9e8ee271c, R14=0x0000000000000000, R15=0x0000000000000000
RIP=0x00007ff9e8ee2729, EFLAGS=0x0000000000010206

Top of Stack: (sp=0x00000000107d6930)
0x00000000107d6930:   0000000000000000 00000000107d6f40
0x00000000107d6940:   0000df6d4e462bbc 006b0009004e0049
0x00000000107d6950:   00000000107d6f40 00007ffa00ddc2e0
0x00000000107d6960:   00007ff9e8ee271c 00000000107d9020
0x00000000107d6970:   00000000107d9020 00650044002d0073
0x00000000107d6980:   00000000107d8df0 00007ffa00dd2a23
0x00000000107d6990:   00007ff9e8ee271c 00000000107d7cb8
0x00000000107d69a0:   0061007200000100 00510049002d0062
0x00000000107d69b0:   0009007900000000 0000000000000000
0x00000000107d69c0:   0000000000000000 00007ff9e920f0a8
0x00000000107d69d0:   00000000107d69f0 0000000000000000
0x00000000107d69e0:   00000000107d7cb8 00000000107d5a00
0x00000000107d69f0:   00000000107d8fb8 0000000000000000
0x00000000107d6a00:   00000000107d9020 00000000107d76a0
0x00000000107d6a10:   00000000107d7150 00007ff9e8b80000
0x00000000107d6a20:   00000000107d6f10 00000000107d7c10 

Instructions: (pc=0x00007ff9e8ee2729)
0x00007ff9e8ee2709:   f3 68 e7 ff 90 90 90 48 8d 4a 50 e9 e7 68 e7 ff
0x00007ff9e8ee2719:   90 90 90 48 89 54 24 10 55 48 83 ec 20 48 8b ea
0x00007ff9e8ee2729:   c7 04 25 00 00 00 00 01 00 00 00 33 c9 cd 29 48
0x00007ff9e8ee2739:   8d 4a 58 e9 bf 68 e7 ff 90 90 90 48 8d 4a 58 e9 


Register to memory mapping:

RAX=0x00007ff9e8ee271c is an unknown value
RBX=0x00000000107d8df0 is pointing into the stack for thread: 0x000000000ed21000
RCX=0x00007ff9e8ee271c is an unknown value
RDX=0x00000000107d9020 is pointing into the stack for thread: 0x000000000ed21000
RSP=0x00000000107d6930 is pointing into the stack for thread: 0x000000000ed21000
RBP=0x00000000107d9020 is pointing into the stack for thread: 0x000000000ed21000
RSI=0x00000000107d69f0 is pointing into the stack for thread: 0x000000000ed21000
RDI=0x00000000107d76a0 is pointing into the stack for thread: 0x000000000ed21000
R8 =0x0000000000000100 is an unknown value
R9 =0x0000000019930520 is an unknown value
R10=0x0000a287e6b136f0 is an unknown value
R11=0x00000000107d6c40 is pointing into the stack for thread: 0x000000000ed21000
R12=0x00000000107d7cb8 is pointing into the stack for thread: 0x000000000ed21000
R13=0x00007ff9e8ee271c is an unknown value
R14=0x0000000000000000 is an unknown value
R15=0x0000000000000000 is an unknown value


Stack: [0x00000000106e0000,0x00000000107e0000],  sp=0x00000000107d6930,  free space=986k
Native frames: (J=compiled Java code, j=interpreted, Vv=VM code, C=native code)
C  [mso40uiwin32client.dll+0x362729]
C  [mso40uiwin32client.dll+0x6d7d08]

Java frames: (J=compiled Java code, j=interpreted, Vv=VM code)
j  sun.jdbc.odbc.JdbcOdbc.driverConnect(J[B[B)V+0
j  sun.jdbc.odbc.JdbcOdbc.SQLDriverConnect(JLjava/lang/String;)V+93
j  sun.jdbc.odbc.JdbcOdbcConnection.initialize(Ljava/lang/String;Ljava/util/Properties;I)V+984
j  sun.jdbc.odbc.JdbcOdbcDriver.connect(Ljava/lang/String;Ljava/util/Properties;)Ljava/sql/Connection;+129
j  java.sql.DriverManager.getConnection(Ljava/lang/String;Ljava/util/Properties;Ljava/lang/Class;)Ljava/sql/Connection;+172
j  java.sql.DriverManager.getConnection(Ljava/lang/String;)Ljava/sql/Connection;+13
j  Project.Project_Book.connectDB()Ljava/sql/Connection;+8
j  Project.Borrow.insertdata()V+264
j  Project.Borrow.jฺBorrowActionPerformed(Ljava/awt/event/ActionEvent;)V+1
j  Project.Borrow.access$900(LProject/Borrow;Ljava/awt/event/ActionEvent;)V+2
j  Project.Borrow$10.actionPerformed(Ljava/awt/event/ActionEvent;)V+5
j  javax.swing.AbstractButton.fireActionPerformed(Ljava/awt/event/ActionEvent;)V+84
j  javax.swing.AbstractButton$Handler.actionPerformed(Ljava/awt/event/ActionEvent;)V+5
j  javax.swing.DefaultButtonModel.fireActionPerformed(Ljava/awt/event/ActionEvent;)V+35
j  javax.swing.DefaultButtonModel.setPressed(Z)V+117
j  javax.swing.plaf.basic.BasicButtonListener.mouseReleased(Ljava/awt/event/MouseEvent;)V+35
j  java.awt.Component.processMouseEvent(Ljava/awt/event/MouseEvent;)V+64
j  javax.swing.JComponent.processMouseEvent(Ljava/awt/event/MouseEvent;)V+23
j  java.awt.Component.processEvent(Ljava/awt/AWTEvent;)V+81
j  java.awt.Container.processEvent(Ljava/awt/AWTEvent;)V+18
j  java.awt.Component.dispatchEventImpl(Ljava/awt/AWTEvent;)V+581
j  java.awt.Container.dispatchEventImpl(Ljava/awt/AWTEvent;)V+42
j  java.awt.Component.dispatchEvent(Ljava/awt/AWTEvent;)V+2
j  java.awt.LightweightDispatcher.retargetMouseEvent(Ljava/awt/Component;ILjava/awt/event/MouseEvent;)V+327
j  java.awt.LightweightDispatcher.processMouseEvent(Ljava/awt/event/MouseEvent;)Z+139
j  java.awt.LightweightDispatcher.dispatchEvent(Ljava/awt/AWTEvent;)Z+50
j  java.awt.Container.dispatchEventImpl(Ljava/awt/AWTEvent;)V+12
j  java.awt.Window.dispatchEventImpl(Ljava/awt/AWTEvent;)V+19
j  java.awt.Component.dispatchEvent(Ljava/awt/AWTEvent;)V+2
j  java.awt.EventQueue.dispatchEventImpl(Ljava/awt/AWTEvent;Ljava/lang/Object;)V+41
j  java.awt.EventQueue.access$200(Ljava/awt/EventQueue;Ljava/awt/AWTEvent;Ljava/lang/Object;)V+3
j  java.awt.EventQueue$3.run()Ljava/lang/Void;+12
j  java.awt.EventQueue$3.run()Ljava/lang/Object;+1
v  ~StubRoutines::call_stub
j  java.security.AccessController.doPrivileged(Ljava/security/PrivilegedAction;Ljava/security/AccessControlContext;)Ljava/lang/Object;+0
j  java.security.ProtectionDomain$1.doIntersectionPrivilege(Ljava/security/PrivilegedAction;Ljava/security/AccessControlContext;Ljava/security/AccessControlContext;)Ljava/lang/Object;+28
j  java.security.ProtectionDomain$1.doIntersectionPrivilege(Ljava/security/PrivilegedAction;Ljava/security/AccessControlContext;)Ljava/lang/Object;+6
j  java.awt.EventQueue$4.run()Ljava/lang/Void;+11
j  java.awt.EventQueue$4.run()Ljava/lang/Object;+1
v  ~StubRoutines::call_stub
j  java.security.AccessController.doPrivileged(Ljava/security/PrivilegedAction;Ljava/security/AccessControlContext;)Ljava/lang/Object;+0
j  java.security.ProtectionDomain$1.doIntersectionPrivilege(Ljava/security/PrivilegedAction;Ljava/security/AccessControlContext;Ljava/security/AccessControlContext;)Ljava/lang/Object;+28
j  java.awt.EventQueue.dispatchEvent(Ljava/awt/AWTEvent;)V+73
j  java.awt.EventDispatchThread.pumpOneEventForFilters(I)V+245
j  java.awt.EventDispatchThread.pumpEventsForFilter(ILjava/awt/Conditional;Ljava/awt/EventFilter;)V+35
j  java.awt.EventDispatchThread.pumpEventsForHierarchy(ILjava/awt/Conditional;Ljava/awt/Component;)V+11
j  java.awt.EventDispatchThread.pumpEvents(ILjava/awt/Conditional;)V+4
j  java.awt.EventDispatchThread.pumpEvents(Ljava/awt/Conditional;)V+3
j  java.awt.EventDispatchThread.run()V+9
v  ~StubRoutines::call_stub

---------------  P R O C E S S  ---------------

Java Threads: ( => current thread )
  0x000000000ed1d800 JavaThread "Abandoned connection cleanup thread" daemon [_thread_blocked, id=12644, stack(0x0000000011a00000,0x0000000011b00000)]
  0x000000000ed1c000 JavaThread "TimerQueue" daemon [_thread_blocked, id=12108, stack(0x00000000107e0000,0x00000000108e0000)]
  0x000000000ed1b000 JavaThread "DestroyJavaVM" [_thread_blocked, id=8680, stack(0x0000000004190000,0x0000000004290000)]
=>0x000000000ed21000 JavaThread "AWT-EventQueue-0" [_thread_in_native, id=13200, stack(0x00000000106e0000,0x00000000107e0000)]
  0x000000000ed22000 JavaThread "AWT-Windows" daemon [_thread_in_native, id=2912, stack(0x000000000fba0000,0x000000000fca0000)]
  0x000000000ed1e000 JavaThread "AWT-Shutdown" [_thread_blocked, id=7304, stack(0x000000000faa0000,0x000000000fba0000)]
  0x000000000ed1c800 JavaThread "Java2D Disposer" daemon [_thread_blocked, id=1248, stack(0x000000000f9a0000,0x000000000faa0000)]
  0x000000000ebd7800 JavaThread "Service Thread" daemon [_thread_blocked, id=7580, stack(0x000000000f3b0000,0x000000000f4b0000)]
  0x000000000ebd2000 JavaThread "C2 CompilerThread1" daemon [_thread_blocked, id=13144, stack(0x000000000f2b0000,0x000000000f3b0000)]
  0x0000000004445000 JavaThread "C2 CompilerThread0" daemon [_thread_blocked, id=1056, stack(0x000000000f1b0000,0x000000000f2b0000)]
  0x0000000004444800 JavaThread "Attach Listener" daemon [_thread_blocked, id=5580, stack(0x000000000f0b0000,0x000000000f1b0000)]
  0x000000000ebd1800 JavaThread "Signal Dispatcher" daemon [_thread_blocked, id=3240, stack(0x000000000efb0000,0x000000000f0b0000)]
  0x000000000cbcf800 JavaThread "Finalizer" daemon [_thread_blocked, id=6528, stack(0x000000000eab0000,0x000000000ebb0000)]
  0x000000000cbc9000 JavaThread "Reference Handler" daemon [_thread_blocked, id=11960, stack(0x000000000e9b0000,0x000000000eab0000)]

Other Threads:
  0x000000000cbc5000 VMThread [stack: 0x000000000e8b0000,0x000000000e9b0000] [id=10740]
  0x000000000ebeb800 WatcherThread [stack: 0x000000000f4b0000,0x000000000f5b0000] [id=8324]

VM state:not at safepoint (normal execution)

VM Mutex/Monitor currently owned by a thread: None

Heap
 PSYoungGen      total 38400K, used 9030K [0x00000007d5c80000, 0x00000007d8700000, 0x0000000800000000)
  eden space 33280K, 11% used [0x00000007d5c80000,0x00000007d6055190,0x00000007d7d00000)
  from space 5120K, 99% used [0x00000007d7d00000,0x00000007d81fca68,0x00000007d8200000)
  to   space 5120K, 0% used [0x00000007d8200000,0x00000007d8200000,0x00000007d8700000)
 ParOldGen       total 86016K, used 11176K [0x0000000781600000, 0x0000000786a00000, 0x00000007d5c80000)
  object space 86016K, 12% used [0x0000000781600000,0x00000007820ea168,0x0000000786a00000)
 PSPermGen       total 21504K, used 14188K [0x000000077c400000, 0x000000077d900000, 0x0000000781600000)
  object space 21504K, 65% used [0x000000077c400000,0x000000077d1db030,0x000000077d900000)

Card table byte_map: [0x0000000007510000,0x0000000007930000] byte_map_base: 0x000000000392e000

Polling page: 0x0000000002960000

Code Cache  [0x0000000004450000, 0x00000000046c0000, 0x0000000007450000)
 total_blobs=709 nmethods=172 adapters=489 free_code_cache=48289Kb largest_free_block=49418496

Compilation events (10 events):
Event: 7.372 Thread 0x000000000ebd2000  168             java.lang.Boolean::booleanValue (5 bytes)
Event: 7.372 Thread 0x000000000ebd2000 nmethod 168 0x00000000045217d0 code [0x0000000004521900, 0x0000000004521958]
Event: 7.407 Thread 0x0000000004445000  169             java.awt.Component::getCursor_NoClientCode (30 bytes)
Event: 7.408 Thread 0x0000000004445000 nmethod 169 0x00000000044c33d0 code [0x00000000044c3520, 0x00000000044c35e8]
Event: 7.414 Thread 0x000000000ebd2000  170             java.awt.Toolkit$SelectiveAWTEventListener::eventDispatched (745 bytes)
Event: 7.423 Thread 0x000000000ebd2000 nmethod 170 0x000000000452ab50 code [0x000000000452ace0, 0x000000000452b388]
Event: 7.456 Thread 0x0000000004445000  172             java.security.AccessController::getContext (23 bytes)
Event: 7.457 Thread 0x0000000004445000 nmethod 172 0x000000000452bd10 code [0x000000000452be60, 0x000000000452bef8]
Event: 7.993 Thread 0x000000000ebd2000  173             java.awt.Component::getFont_NoClientCode (29 bytes)
Event: 7.994 Thread 0x000000000ebd2000 nmethod 173 0x000000000452b990 code [0x000000000452bae0, 0x000000000452bba8]

GC Heap History (2 events):
Event: 5.315 GC heap before
{Heap before GC invocations=1 (full 0):
 PSYoungGen      total 38400K, used 33280K [0x00000007d5c80000, 0x00000007d8700000, 0x0000000800000000)
  eden space 33280K, 100% used [0x00000007d5c80000,0x00000007d7d00000,0x00000007d7d00000)
  from space 5120K, 0% used [0x00000007d8200000,0x00000007d8200000,0x00000007d8700000)
  to   space 5120K, 0% used [0x00000007d7d00000,0x00000007d7d00000,0x00000007d8200000)
 ParOldGen       total 86016K, used 0K [0x0000000781600000, 0x0000000786a00000, 0x00000007d5c80000)
  object space 86016K, 0% used [0x0000000781600000,0x0000000781600000,0x0000000786a00000)
 PSPermGen       total 21504K, used 13951K [0x000000077c400000, 0x000000077d900000, 0x0000000781600000)
  object space 21504K, 64% used [0x000000077c400000,0x000000077d19fd18,0x000000077d900000)
Event: 5.323 GC heap after
Heap after GC invocations=1 (full 0):
 PSYoungGen      total 38400K, used 5106K [0x00000007d5c80000, 0x00000007d8700000, 0x0000000800000000)
  eden space 33280K, 0% used [0x00000007d5c80000,0x00000007d5c80000,0x00000007d7d00000)
  from space 5120K, 99% used [0x00000007d7d00000,0x00000007d81fca68,0x00000007d8200000)
  to   space 5120K, 0% used [0x00000007d8200000,0x00000007d8200000,0x00000007d8700000)
 ParOldGen       total 86016K, used 11176K [0x0000000781600000, 0x0000000786a00000, 0x00000007d5c80000)
  object space 86016K, 12% used [0x0000000781600000,0x00000007820ea168,0x0000000786a00000)
 PSPermGen       total 21504K, used 13951K [0x000000077c400000, 0x000000077d900000, 0x0000000781600000)
  object space 21504K, 64% used [0x000000077c400000,0x000000077d19fd18,0x000000077d900000)
}

Deoptimization events (5 events):
Event: 0.193 Thread 0x000000000ed21000 Uncommon trap: reason=class_check action=maybe_recompile pc=0x00000000044c353c method=java.lang.String.equals(Ljava/lang/Object;)Z @ 8
Event: 0.193 Thread 0x000000000ed21000 Uncommon trap: reason=class_check action=maybe_recompile pc=0x00000000044c353c method=java.lang.String.equals(Ljava/lang/Object;)Z @ 8
Event: 0.193 Thread 0x000000000ed21000 Uncommon trap: reason=class_check action=maybe_recompile pc=0x00000000044c353c method=java.lang.String.equals(Ljava/lang/Object;)Z @ 8
Event: 0.193 Thread 0x000000000ed21000 Uncommon trap: reason=class_check action=maybe_recompile pc=0x00000000044c353c method=java.lang.String.equals(Ljava/lang/Object;)Z @ 8
Event: 6.368 Thread 0x000000000ed21000 Uncommon trap: reason=bimorphic action=maybe_recompile pc=0x0000000004508b54 method=sun.font.AttributeValues.equals(Ljava/lang/Object;Ljava/lang/Object;)Z @ 18

Internal exceptions (10 events):
Event: 0.271 Thread 0x000000000ed21000 Threw 0x00000007d6304930 at C:\re\jdk7u67\1368\hotspot\src\share\vm\prims\jvm.cpp:1244
Event: 0.400 Thread 0x000000000ed21000 Threw 0x00000007d6427620 at C:\re\jdk7u67\1368\hotspot\src\share\vm\prims\jvm.cpp:1244
Event: 0.403 Thread 0x000000000ed21000 Threw 0x00000007d643dc08 at C:\re\jdk7u67\1368\hotspot\src\share\vm\prims\jvm.cpp:1244
Event: 0.403 Thread 0x000000000ed21000 Threw 0x00000007d6447f80 at C:\re\jdk7u67\1368\hotspot\src\share\vm\prims\jvm.cpp:1244
Event: 0.405 Thread 0x000000000ed21000 Threw 0x00000007d645b9f0 at C:\re\jdk7u67\1368\hotspot\src\share\vm\prims\jvm.cpp:1244
Event: 0.406 Thread 0x000000000ed21000 Threw 0x00000007d6460af0 at C:\re\jdk7u67\1368\hotspot\src\share\vm\prims\jvm.cpp:1244
Event: 0.571 Thread 0x000000000ed21000 Threw 0x00000007d657a938 at C:\re\jdk7u67\1368\hotspot\src\share\vm\prims\jvm.cpp:1244
Event: 0.571 Thread 0x000000000ed21000 Threw 0x00000007d657be28 at C:\re\jdk7u67\1368\hotspot\src\share\vm\prims\jvm.cpp:1244
Event: 0.572 Thread 0x000000000ed21000 Threw 0x00000007d657df88 at C:\re\jdk7u67\1368\hotspot\src\share\vm\prims\jvm.cpp:1244
Event: 0.572 Thread 0x000000000ed21000 Threw 0x00000007d657f498 at C:\re\jdk7u67\1368\hotspot\src\share\vm\prims\jvm.cpp:1244

Events (10 events):
Event: 6.377 loading class 0x000000000ee30e30 done
Event: 6.377 loading class 0x000000000ec1c100
Event: 6.377 loading class 0x000000000ec1c100 done
Event: 6.377 loading class 0x000000000ecd7e10
Event: 6.377 loading class 0x000000000ecd7e10 done
Event: 6.377 loading class 0x00000000114aabd0
Event: 6.377 loading class 0x00000000114aabd0 done
Event: 6.378 loading class 0x0000000011217870
Event: 6.378 loading class 0x0000000011217870 done
Event: 7.372 Thread 0x000000000ebd2000 flushing nmethod 0x00000000044c31d0


Dynamic libraries:
0x00007ff6b4140000 - 0x00007ff6b4173000 	C:\Program Files\Java\jdk1.7.0_67\bin\java.exe
0x00007ffa29fc0000 - 0x00007ffa2a1a0000 	C:\WINDOWS\SYSTEM32\ntdll.dll
0x00007ffa29800000 - 0x00007ffa298ae000 	C:\WINDOWS\System32\KERNEL32.DLL
0x00007ffa26550000 - 0x00007ffa267b6000 	C:\WINDOWS\System32\KERNELBASE.dll
0x00007ffa29570000 - 0x00007ffa29611000 	C:\WINDOWS\System32\ADVAPI32.dll
0x00007ffa28cb0000 - 0x00007ffa28d4d000 	C:\WINDOWS\System32\msvcrt.dll
0x00007ffa29220000 - 0x00007ffa2927b000 	C:\WINDOWS\System32\sechost.dll
0x00007ffa298c0000 - 0x00007ffa299df000 	C:\WINDOWS\System32\RPCRT4.dll
0x00007ffa29090000 - 0x00007ffa2921f000 	C:\WINDOWS\System32\USER32.dll
0x00007ffa27470000 - 0x00007ffa27490000 	C:\WINDOWS\System32\win32u.dll
0x00007ffa296d0000 - 0x00007ffa296f8000 	C:\WINDOWS\System32\GDI32.dll
0x00007ffa267c0000 - 0x00007ffa26954000 	C:\WINDOWS\System32\gdi32full.dll
0x00007ffa269b0000 - 0x00007ffa26a4b000 	C:\WINDOWS\System32\msvcp_win.dll
0x00007ffa26c20000 - 0x00007ffa26d16000 	C:\WINDOWS\System32\ucrtbase.dll
0x00007ffa09a60000 - 0x00007ffa09cc9000 	C:\WINDOWS\WinSxS\amd64_microsoft.windows.common-controls_6595b64144ccf1df_6.0.16299.64_none_cc9304e22215ca8f\COMCTL32.dll
0x00007ffa28d80000 - 0x00007ffa29088000 	C:\WINDOWS\System32\combase.dll
0x00007ffa264d0000 - 0x00007ffa26542000 	C:\WINDOWS\System32\bcryptPrimitives.dll
0x00007ffa28d50000 - 0x00007ffa28d7d000 	C:\WINDOWS\System32\IMM32.DLL
0x000000005eb60000 - 0x000000005ec32000 	C:\Program Files\Java\jdk1.7.0_67\jre\bin\msvcr100.dll
0x000000005e380000 - 0x000000005eb52000 	C:\Program Files\Java\jdk1.7.0_67\jre\bin\server\jvm.dll
0x00007ffa29470000 - 0x00007ffa29478000 	C:\WINDOWS\System32\PSAPI.DLL
0x00007ffa219b0000 - 0x00007ffa219d3000 	C:\WINDOWS\SYSTEM32\WINMM.dll
0x00007ffa18970000 - 0x00007ffa18979000 	C:\WINDOWS\SYSTEM32\WSOCK32.dll
0x00007ffa29500000 - 0x00007ffa2956c000 	C:\WINDOWS\System32\WS2_32.dll
0x00007ffa21980000 - 0x00007ffa219aa000 	C:\WINDOWS\SYSTEM32\WINMMBASE.dll
0x00007ffa26960000 - 0x00007ffa269aa000 	C:\WINDOWS\System32\cfgmgr32.dll
0x000000005ecc0000 - 0x000000005eccf000 	C:\Program Files\Java\jdk1.7.0_67\jre\bin\verify.dll
0x000000005ec90000 - 0x000000005ecb8000 	C:\Program Files\Java\jdk1.7.0_67\jre\bin\java.dll
0x000000005ec70000 - 0x000000005ec85000 	C:\Program Files\Java\jdk1.7.0_67\jre\bin\zip.dll
0x000000005e1e0000 - 0x000000005e375000 	C:\Program Files\Java\jdk1.7.0_67\jre\bin\awt.dll
0x00007ffa28b80000 - 0x00007ffa28c45000 	C:\WINDOWS\System32\OLEAUT32.dll
0x00007ffa245f0000 - 0x00007ffa24677000 	C:\WINDOWS\SYSTEM32\apphelp.dll
0x00007ffa247d0000 - 0x00007ffa24865000 	C:\WINDOWS\system32\uxtheme.dll
0x00007ffa29300000 - 0x00007ffa29467000 	C:\WINDOWS\System32\MSCTF.dll
0x00007ffa24ae0000 - 0x00007ffa24b0a000 	C:\WINDOWS\system32\dwmapi.dll
0x00007ffa299e0000 - 0x00007ffa29b29000 	C:\WINDOWS\System32\ole32.dll
0x00007ffa26380000 - 0x00007ffa26391000 	C:\WINDOWS\System32\kernel.appcore.dll
0x00007ffa27740000 - 0x00007ffa28b77000 	C:\WINDOWS\System32\SHELL32.dll
0x00007ffa29620000 - 0x00007ffa296c6000 	C:\WINDOWS\System32\shcore.dll
0x00007ffa26d20000 - 0x00007ffa27467000 	C:\WINDOWS\System32\windows.storage.dll
0x00007ffa29280000 - 0x00007ffa292d1000 	C:\WINDOWS\System32\shlwapi.dll
0x00007ffa26330000 - 0x00007ffa2637c000 	C:\WINDOWS\System32\powrprof.dll
0x00007ffa263a0000 - 0x00007ffa263bb000 	C:\WINDOWS\System32\profapi.dll
0x000000005e190000 - 0x000000005e1d7000 	C:\Program Files\Java\jdk1.7.0_67\jre\bin\fontmanager.dll
0x000000005e170000 - 0x000000005e189000 	C:\Program Files\Java\jdk1.7.0_67\jre\bin\net.dll
0x00007ffa25ba0000 - 0x00007ffa25c06000 	C:\WINDOWS\system32\mswsock.dll
0x000000005e150000 - 0x000000005e161000 	C:\Program Files\Java\jdk1.7.0_67\jre\bin\nio.dll
0x000000005e100000 - 0x000000005e141000 	C:\Program Files\Java\jdk1.7.0_67\jre\bin\t2k.dll
0x00007ffa29700000 - 0x00007ffa2979e000 	C:\WINDOWS\System32\clbcatq.dll
0x00007ffa21200000 - 0x00007ffa213ab000 	C:\WINDOWS\SYSTEM32\WindowsCodecs.dll
0x00007ffa1b490000 - 0x00007ffa1b4df000 	C:\WINDOWS\system32\dataexchange.dll
0x00007ffa22fb0000 - 0x00007ffa23292000 	C:\WINDOWS\system32\d3d11.dll
0x00007ffa23c40000 - 0x00007ffa23d82000 	C:\WINDOWS\system32\dcomp.dll
0x00007ffa25180000 - 0x00007ffa2522f000 	C:\WINDOWS\system32\dxgi.dll
0x00007ffa24bd0000 - 0x00007ffa24d4b000 	C:\WINDOWS\system32\twinapi.appcore.dll
0x00007ffa24d50000 - 0x00007ffa24d70000 	C:\WINDOWS\system32\RMCLIENT.dll
0x00007ffa25e70000 - 0x00007ffa25e95000 	C:\WINDOWS\system32\bcrypt.dll
0x000000005e0e0000 - 0x000000005e0f3000 	C:\Program Files\Java\jdk1.7.0_67\jre\bin\JdbcOdbc.dll
0x00007ffa09cd0000 - 0x00007ffa09d85000 	C:\WINDOWS\SYSTEM32\ODBC32.dll
0x00007ffa26a50000 - 0x00007ffa26c1e000 	C:\WINDOWS\System32\CRYPT32.dll
0x00007ffa26310000 - 0x00007ffa26322000 	C:\WINDOWS\System32\MSASN1.dll
0x00007ffa257f0000 - 0x00007ffa257fa000 	C:\WINDOWS\SYSTEM32\DPAPI.DLL
0x00007ffa00dd0000 - 0x00007ffa00de6000 	C:\WINDOWS\SYSTEM32\VCRUNTIME140.dll
0x00007ff9feaa0000 - 0x00007ff9feda6000 	C:\Program Files\Common Files\Microsoft Shared\Office16\mso20win32client.dll
0x00007ff9fedb0000 - 0x00007ff9fee4c000 	C:\WINDOWS\SYSTEM32\MSVCP140.dll
0x00007ff9eb460000 - 0x00007ff9eb8ec000 	C:\Program Files\Common Files\Microsoft Shared\Office16\mso30win32client.dll
0x00007ff9e8b80000 - 0x00007ff9e946d000 	C:\Program Files\Common Files\Microsoft Shared\Office16\mso40uiwin32client.dll
0x00007ffa1e0b0000 - 0x00007ffa1e24c000 	C:\WINDOWS\WinSxS\amd64_microsoft.windows.gdiplus_6595b64144ccf1df_1.1.16299.64_none_4c5a740035ade6b7\gdiplus.dll
0x00007ff9e9510000 - 0x00007ff9e9cdc000 	C:\Program Files\Common Files\Microsoft Shared\Office16\mso99Lwin32client.dll
0x00007ffa1e300000 - 0x00007ffa1e307000 	C:\WINDOWS\SYSTEM32\MSIMG32.dll
0x00007ffa219e0000 - 0x00007ffa21a07000 	C:\WINDOWS\SYSTEM32\SLC.dll
0x00007ffa21950000 - 0x00007ffa21976000 	C:\WINDOWS\SYSTEM32\sppc.dll
0x00007ff9d8ad0000 - 0x00007ff9d9dbf000 	C:\Program Files\Common Files\Microsoft Shared\Office16\mso.dll
0x00007ff9f1e80000 - 0x00007ff9f2265000 	C:\WINDOWS\SYSTEM32\msi.dll
0x00007ff9e8790000 - 0x00007ff9e87b8000 	C:\WINDOWS\SYSTEM32\srpapi.dll
0x00007ffa23570000 - 0x00007ffa23b28000 	C:\WINDOWS\SYSTEM32\d2d1.dll
0x00007ffa21b80000 - 0x00007ffa21b93000 	C:\WINDOWS\SYSTEM32\WTSAPI32.dll
0x00007ffa254c0000 - 0x00007ffa25515000 	C:\WINDOWS\SYSTEM32\WINSTA.dll
0x00007ff9ee810000 - 0x00007ff9eea5b000 	C:\Program Files\Common Files\Microsoft Shared\OFFICE16\ACECORE.DLL
0x00007ffa26210000 - 0x00007ffa26240000 	C:\WINDOWS\SYSTEM32\SspiCli.dll
0x00007ffa07260000 - 0x00007ffa0756f000 	C:\WINDOWS\SYSTEM32\DWrite.dll
0x00007ffa14c10000 - 0x00007ffa14c41000 	C:\WINDOWS\SYSTEM32\d3d10_1.dll
0x00007ffa079a0000 - 0x00007ffa079fc000 	C:\WINDOWS\SYSTEM32\d3d10_1core.dll
0x00007ff9e9ce0000 - 0x00007ff9ea44c000 	C:\WINDOWS\SYSTEM32\D3D10Warp.dll
0x00007ffa26240000 - 0x00007ffa26269000 	C:\WINDOWS\SYSTEM32\USERENV.dll
0x00007ffa25e40000 - 0x00007ffa25e66000 	C:\WINDOWS\SYSTEM32\ncrypt.dll
0x00007ffa25e00000 - 0x00007ffa25e36000 	C:\WINDOWS\SYSTEM32\NTASN1.dll
0x00007ffa21d70000 - 0x00007ffa21d8c000 	C:\WINDOWS\SYSTEM32\davclnt.dll
0x00007ffa21d60000 - 0x00007ffa21d6c000 	C:\WINDOWS\SYSTEM32\DAVHLPR.dll
0x00007ff9ed9b0000 - 0x00007ff9eda85000 	C:\Program Files\Common Files\Microsoft Shared\OFFICE16\1033\ACEWSTR.DLL
0x00007ffa1d0f0000 - 0x00007ffa1d188000 	C:\WINDOWS\System32\TextInputFramework.dll
0x00007ffa23b40000 - 0x00007ffa23c1d000 	C:\WINDOWS\System32\CoreMessaging.dll
0x00007ffa20bc0000 - 0x00007ffa20eae000 	C:\WINDOWS\System32\CoreUIComponents.dll
0x00007ffa25450000 - 0x00007ffa25481000 	C:\WINDOWS\SYSTEM32\ntmarta.dll
0x00007ffa22380000 - 0x00007ffa224b6000 	C:\WINDOWS\SYSTEM32\wintypes.dll
0x000000005e0b0000 - 0x000000005e0da000 	C:\Program Files\Java\jdk1.7.0_67\jre\bin\dcpr.dll
0x00007ffa22710000 - 0x00007ffa2274a000 	C:\WINDOWS\System32\netprofm.dll
0x00007ffa1e030000 - 0x00007ffa1e03e000 	C:\WINDOWS\System32\npmproxy.dll
0x00007ff9fe4a0000 - 0x00007ff9fe5ec000 	C:\WINDOWS\SYSTEM32\webservices.dll
0x00007ffa1a770000 - 0x00007ffa1a77c000 	C:\WINDOWS\SYSTEM32\Secur32.dll
0x00007ffa298b0000 - 0x00007ffa298b8000 	C:\WINDOWS\System32\Normaliz.dll
0x00007ffa22ed0000 - 0x00007ffa22fae000 	C:\WINDOWS\SYSTEM32\WINHTTP.dll
0x00007ffa25930000 - 0x00007ffa25969000 	C:\WINDOWS\SYSTEM32\IPHLPAPI.DLL
0x00007ffa29b30000 - 0x00007ffa29b38000 	C:\WINDOWS\System32\NSI.dll
0x00007ffa1ed20000 - 0x00007ffa1ed36000 	C:\WINDOWS\SYSTEM32\dhcpcsvc6.DLL
0x00007ffa1ed00000 - 0x00007ffa1ed1a000 	C:\WINDOWS\SYSTEM32\dhcpcsvc.DLL
0x00007ffa153f0000 - 0x00007ffa155bc000 	C:\WINDOWS\SYSTEM32\urlmon.dll
0x00007ffa292e0000 - 0x00007ffa292fd000 	C:\WINDOWS\System32\imagehlp.dll
0x00007ffa14eb0000 - 0x00007ffa15149000 	C:\WINDOWS\SYSTEM32\iertutil.dll
0x00007ffa25d80000 - 0x00007ffa25d8b000 	C:\WINDOWS\SYSTEM32\CRYPTBASE.DLL
0x00007ffa092e0000 - 0x00007ffa0934f000 	C:\WINDOWS\SYSTEM32\msiso.dll
0x00007ffa17760000 - 0x00007ffa17a94000 	C:\WINDOWS\SYSTEM32\WININET.dll
0x00007ffa1fd00000 - 0x00007ffa1fd15000 	C:\WINDOWS\SYSTEM32\ondemandconnroutehelper.dll
0x00007ffa1fe60000 - 0x00007ffa1fe6b000 	C:\WINDOWS\SYSTEM32\WINNSI.DLL
0x00007ffa18760000 - 0x00007ffa187f5000 	C:\WINDOWS\SYSTEM32\webio.dll
0x00007ffa25970000 - 0x00007ffa25a26000 	C:\WINDOWS\SYSTEM32\DNSAPI.dll
0x00007ffa1c880000 - 0x00007ffa1c88a000 	C:\Windows\System32\rasadhlp.dll
0x00007ffa1eea0000 - 0x00007ffa1ef10000 	C:\WINDOWS\System32\fwpuclnt.dll
0x00007ffa256f0000 - 0x00007ffa2576a000 	C:\WINDOWS\system32\schannel.DLL
0x00007ffa19b60000 - 0x00007ffa19b74000 	C:\WINDOWS\SYSTEM32\mskeyprotect.dll
0x00007ffa05520000 - 0x00007ffa05541000 	C:\WINDOWS\system32\ncryptsslp.dll
0x00007ff9f9d90000 - 0x00007ff9f9de5000 	C:\Program Files\COMMON~1\MICROS~1\OFFICE16\ACEODBC.DLL
0x00007ffa27630000 - 0x00007ffa2773a000 	C:\WINDOWS\System32\COMDLG32.dll
0x00007ffa143c0000 - 0x00007ffa14588000 	C:\WINDOWS\SYSTEM32\dbghelp.dll

VM Arguments:
jvm_args: -Dfile.encoding=UTF-8 
java_command: Project.Borrow
Launcher Type: SUN_STANDARD

Environment Variables:
PATH=
[error occurred during error reporting (printing environment variables), id 0xc0000005]



---------------  S Y S T E M  ---------------

OS: Windows 8.1 , 64 bit Build 9600 

CPU:total 8 (4 cores per cpu, 2 threads per core) family 6 model 94 stepping 3, cmov, cx8, fxsr, mmx, sse, sse2, sse3, ssse3, sse4.1, sse4.2, popcnt, avx, avx2, aes, erms, ht, tsc, tscinvbit

Memory: 4k page, physical 8298012k(3219504k free), swap 9608732k(1770760k free)

vm_info: Java HotSpot(TM) 64-Bit Server VM (24.65-b04) for windows-amd64 JRE (1.7.0_67-b01), built on Jul 25 2014 08:55:00 by "java_re" with unknown MS VC++:1600

time: Tue Dec 12 00:52:03 2017
elapsed time: 8 seconds

