#
# A fatal error has been detected by the Java Runtime Environment:
#
#  EXCEPTION_ACCESS_VIOLATION (0xc0000005) at pc=0x00007ff9da842729, pid=11584, tid=4568
#
# JRE version: Java(TM) SE Runtime Environment (7.0_67-b01) (build 1.7.0_67-b01)
# Java VM: Java HotSpot(TM) 64-Bit Server VM (24.65-b04 mixed mode windows-amd64 compressed oops)
# Problematic frame:
# C  [mso40uiwin32client.dll+0x362729]
#
# Failed to write core dump. Minidumps are not enabled by default on client versions of Windows
#
# If you would like to submit a bug report, please visit:
#   http://bugreport.sun.com/bugreport/crash.jsp
# The crash happened outside the Java Virtual Machine in native code.
# See problematic frame for where to report the bug.
#

---------------  T H R E A D  ---------------

Current thread (0x000000000f497000):  JavaThread "AWT-EventQueue-0" [_thread_in_native, id=4568, stack(0x0000000010e00000,0x0000000010f00000)]

siginfo: ExceptionCode=0xc0000005, writing address 0x0000000000000000

Registers:
RAX=0x00007ff9da84271c, RBX=0x0000000010ef92e0, RCX=0x00007ff9da84271c, RDX=0x0000000010ef9510
RSP=0x0000000010ef6e20, RBP=0x0000000010ef9510, RSI=0x0000000010ef6ee0, RDI=0x0000000010ef7b90
R8 =0x0000000000000100, R9 =0x0000000019930520, R10=0x0000752d15b48c2d, R11=0x0000000010ef7130
R12=0x0000000010ef81a8, R13=0x00007ff9da84271c, R14=0x0000000000000000, R15=0x0000000000000000
RIP=0x00007ff9da842729, EFLAGS=0x0000000000010202

Top of Stack: (sp=0x0000000010ef6e20)
0x0000000010ef6e20:   0000000000000000 0000000010ef7430
0x0000000010ef6e30:   0000c42b81813241 006b0009004e0049
0x0000000010ef6e40:   0000000010ef7430 00007ffa00ddc2e0
0x0000000010ef6e50:   00007ff9da84271c 0000000010ef9510
0x0000000010ef6e60:   0000000010ef9510 00650044002d0073
0x0000000010ef6e70:   0000000010ef92e0 00007ffa00dd2a23
0x0000000010ef6e80:   00007ff9da84271c 0000000010ef81a8
0x0000000010ef6e90:   0061007200000100 00510049002d0062
0x0000000010ef6ea0:   0009007900000000 0000000000000000
0x0000000010ef6eb0:   0000000000000000 00007ff9dab6f0a8
0x0000000010ef6ec0:   0000000010ef6ee0 0000000000000000
0x0000000010ef6ed0:   0000000010ef81a8 0000000010ef5f00
0x0000000010ef6ee0:   0000000010ef94a8 0000000000000000
0x0000000010ef6ef0:   0000000010ef9510 0000000010ef7b90
0x0000000010ef6f00:   0000000010ef7640 00007ff9da4e0000
0x0000000010ef6f10:   0000000010ef7400 0000000010ef8100 

Instructions: (pc=0x00007ff9da842729)
0x00007ff9da842709:   f3 68 e7 ff 90 90 90 48 8d 4a 50 e9 e7 68 e7 ff
0x00007ff9da842719:   90 90 90 48 89 54 24 10 55 48 83 ec 20 48 8b ea
0x00007ff9da842729:   c7 04 25 00 00 00 00 01 00 00 00 33 c9 cd 29 48
0x00007ff9da842739:   8d 4a 58 e9 bf 68 e7 ff 90 90 90 48 8d 4a 58 e9 


Register to memory mapping:

RAX=0x00007ff9da84271c is an unknown value
RBX=0x0000000010ef92e0 is pointing into the stack for thread: 0x000000000f497000
RCX=0x00007ff9da84271c is an unknown value
RDX=0x0000000010ef9510 is pointing into the stack for thread: 0x000000000f497000
RSP=0x0000000010ef6e20 is pointing into the stack for thread: 0x000000000f497000
RBP=0x0000000010ef9510 is pointing into the stack for thread: 0x000000000f497000
RSI=0x0000000010ef6ee0 is pointing into the stack for thread: 0x000000000f497000
RDI=0x0000000010ef7b90 is pointing into the stack for thread: 0x000000000f497000
R8 =0x0000000000000100 is an unknown value
R9 =0x0000000019930520 is an unknown value
R10=0x0000752d15b48c2d is an unknown value
R11=0x0000000010ef7130 is pointing into the stack for thread: 0x000000000f497000
R12=0x0000000010ef81a8 is pointing into the stack for thread: 0x000000000f497000
R13=0x00007ff9da84271c is an unknown value
R14=0x0000000000000000 is an unknown value
R15=0x0000000000000000 is an unknown value


Stack: [0x0000000010e00000,0x0000000010f00000],  sp=0x0000000010ef6e20,  free space=987k
Native frames: (J=compiled Java code, j=interpreted, Vv=VM code, C=native code)
C  [mso40uiwin32client.dll+0x362729]
C  [mso40uiwin32client.dll+0x6d7d08]

Java frames: (J=compiled Java code, j=interpreted, Vv=VM code)
j  sun.jdbc.odbc.JdbcOdbc.driverConnect(J[B[B)V+0
j  sun.jdbc.odbc.JdbcOdbc.SQLDriverConnect(JLjava/lang/String;)V+93
j  sun.jdbc.odbc.JdbcOdbcConnection.initialize(Ljava/lang/String;Ljava/util/Properties;I)V+984
j  sun.jdbc.odbc.JdbcOdbcDriver.connect(Ljava/lang/String;Ljava/util/Properties;)Ljava/sql/Connection;+129
j  java.sql.DriverManager.getConnection(Ljava/lang/String;Ljava/util/Properties;Ljava/lang/Class;)Ljava/sql/Connection;+172
j  java.sql.DriverManager.getConnection(Ljava/lang/String;)Ljava/sql/Connection;+13
j  Project.Project_Book.connectDB()Ljava/sql/Connection;+8
j  Project.FramProject.jButton1ActionPerformed(Ljava/awt/event/ActionEvent;)V+146
j  Project.FramProject.access$100(LProject/FramProject;Ljava/awt/event/ActionEvent;)V+2
j  Project.FramProject$2.actionPerformed(Ljava/awt/event/ActionEvent;)V+5
j  javax.swing.AbstractButton.fireActionPerformed(Ljava/awt/event/ActionEvent;)V+84
j  javax.swing.AbstractButton$Handler.actionPerformed(Ljava/awt/event/ActionEvent;)V+5
j  javax.swing.DefaultButtonModel.fireActionPerformed(Ljava/awt/event/ActionEvent;)V+35
j  javax.swing.DefaultButtonModel.setPressed(Z)V+117
j  javax.swing.plaf.basic.BasicButtonListener.mouseReleased(Ljava/awt/event/MouseEvent;)V+35
j  java.awt.AWTEventMulticaster.mouseReleased(Ljava/awt/event/MouseEvent;)V+8
j  java.awt.Component.processMouseEvent(Ljava/awt/event/MouseEvent;)V+64
j  javax.swing.JComponent.processMouseEvent(Ljava/awt/event/MouseEvent;)V+23
j  java.awt.Component.processEvent(Ljava/awt/AWTEvent;)V+81
j  java.awt.Container.processEvent(Ljava/awt/AWTEvent;)V+18
j  java.awt.Component.dispatchEventImpl(Ljava/awt/AWTEvent;)V+581
j  java.awt.Container.dispatchEventImpl(Ljava/awt/AWTEvent;)V+42
J 95 C2 java.awt.LightweightDispatcher.retargetMouseEvent(Ljava/awt/Component;ILjava/awt/event/MouseEvent;)V (350 bytes) @ 0x0000000004cd3a38 [0x0000000004cd34c0+0x578]
j  java.awt.LightweightDispatcher.processMouseEvent(Ljava/awt/event/MouseEvent;)Z+139
j  java.awt.LightweightDispatcher.dispatchEvent(Ljava/awt/AWTEvent;)Z+50
j  java.awt.Container.dispatchEventImpl(Ljava/awt/AWTEvent;)V+12
J 166 C2 java.awt.EventQueue$3.run()Ljava/lang/Object; (5 bytes) @ 0x0000000004cf0360 [0x0000000004ceffc0+0x3a0]
v  ~StubRoutines::call_stub
J 123  java.security.AccessController.doPrivileged(Ljava/security/PrivilegedAction;Ljava/security/AccessControlContext;)Ljava/lang/Object; (0 bytes) @ 0x0000000004cd0806 [0x0000000004cd07a0+0x66]
J 153 C2 java.security.ProtectionDomain$1.doIntersectionPrivilege(Ljava/security/PrivilegedAction;Ljava/security/AccessControlContext;Ljava/security/AccessControlContext;)Ljava/lang/Object; (32 bytes) @ 0x0000000004ce40c8 [0x0000000004ce4000+0xc8]
j  java.security.ProtectionDomain$1.doIntersectionPrivilege(Ljava/security/PrivilegedAction;Ljava/security/AccessControlContext;)Ljava/lang/Object;+6
j  java.awt.EventQueue$4.run()Ljava/lang/Void;+11
j  java.awt.EventQueue$4.run()Ljava/lang/Object;+1
v  ~StubRoutines::call_stub
J 123  java.security.AccessController.doPrivileged(Ljava/security/PrivilegedAction;Ljava/security/AccessControlContext;)Ljava/lang/Object; (0 bytes) @ 0x0000000004cd0806 [0x0000000004cd07a0+0x66]
J 106 C2 java.awt.EventDispatchThread.pumpOneEventForFilters(I)V (295 bytes) @ 0x0000000004cdc3b0 [0x0000000004cdb6e0+0xcd0]
j  java.awt.EventDispatchThread.pumpEventsForFilter(ILjava/awt/Conditional;Ljava/awt/EventFilter;)V+35
j  java.awt.EventDispatchThread.pumpEventsForHierarchy(ILjava/awt/Conditional;Ljava/awt/Component;)V+11
j  java.awt.EventDispatchThread.pumpEvents(ILjava/awt/Conditional;)V+4
j  java.awt.EventDispatchThread.pumpEvents(Ljava/awt/Conditional;)V+3
j  java.awt.EventDispatchThread.run()V+9
v  ~StubRoutines::call_stub

---------------  P R O C E S S  ---------------

Java Threads: ( => current thread )
  0x000000000f636000 JavaThread "Abandoned connection cleanup thread" daemon [_thread_blocked, id=11180, stack(0x0000000011910000,0x0000000011a10000)]
  0x000000000f5ac800 JavaThread "TimerQueue" daemon [_thread_blocked, id=7688, stack(0x0000000010f00000,0x0000000011000000)]
  0x0000000004b20800 JavaThread "DestroyJavaVM" [_thread_blocked, id=2172, stack(0x0000000004a20000,0x0000000004b20000)]
=>0x000000000f497000 JavaThread "AWT-EventQueue-0" [_thread_in_native, id=4568, stack(0x0000000010e00000,0x0000000010f00000)]
  0x000000000f333800 JavaThread "AWT-Windows" daemon [_thread_in_native, id=10400, stack(0x00000000102a0000,0x00000000103a0000)]
  0x000000000f332800 JavaThread "AWT-Shutdown" [_thread_blocked, id=7372, stack(0x00000000101a0000,0x00000000102a0000)]
  0x000000000f416800 JavaThread "Java2D Disposer" daemon [_thread_blocked, id=3452, stack(0x00000000100a0000,0x00000000101a0000)]
  0x0000000004c1c000 JavaThread "Service Thread" daemon [_thread_blocked, id=11540, stack(0x000000000fab0000,0x000000000fbb0000)]
  0x0000000004c1a800 JavaThread "C2 CompilerThread1" daemon [_thread_blocked, id=8716, stack(0x000000000f9b0000,0x000000000fab0000)]
  0x0000000004c15000 JavaThread "C2 CompilerThread0" daemon [_thread_blocked, id=7488, stack(0x000000000f8b0000,0x000000000f9b0000)]
  0x0000000004c14800 JavaThread "Attach Listener" daemon [_thread_blocked, id=11808, stack(0x000000000f7b0000,0x000000000f8b0000)]
  0x000000000f2d1800 JavaThread "Signal Dispatcher" daemon [_thread_blocked, id=552, stack(0x000000000f6b0000,0x000000000f7b0000)]
  0x000000000d2df800 JavaThread "Finalizer" daemon [_thread_blocked, id=1196, stack(0x000000000f1b0000,0x000000000f2b0000)]
  0x000000000d2d9000 JavaThread "Reference Handler" daemon [_thread_blocked, id=10048, stack(0x000000000f0b0000,0x000000000f1b0000)]

Other Threads:
  0x000000000d2d5000 VMThread [stack: 0x000000000efb0000,0x000000000f0b0000] [id=508]
  0x000000000f2de800 WatcherThread [stack: 0x000000000fbb0000,0x000000000fcb0000] [id=11320]

VM state:not at safepoint (normal execution)

VM Mutex/Monitor currently owned by a thread: None

Heap
 PSYoungGen      total 38400K, used 8633K [0x00000007d5c80000, 0x00000007d8700000, 0x0000000800000000)
  eden space 33280K, 11% used [0x00000007d5c80000,0x00000007d6034f48,0x00000007d7d00000)
  from space 5120K, 94% used [0x00000007d7d00000,0x00000007d81b9760,0x00000007d8200000)
  to   space 5120K, 0% used [0x00000007d8200000,0x00000007d8200000,0x00000007d8700000)
 ParOldGen       total 86016K, used 4828K [0x0000000781600000, 0x0000000786a00000, 0x00000007d5c80000)
  object space 86016K, 5% used [0x0000000781600000,0x0000000781ab7180,0x0000000786a00000)
 PSPermGen       total 21504K, used 12881K [0x000000077c400000, 0x000000077d900000, 0x0000000781600000)
  object space 21504K, 59% used [0x000000077c400000,0x000000077d0947c0,0x000000077d900000)

Card table byte_map: [0x0000000007c20000,0x0000000008040000] byte_map_base: 0x000000000403e000

Polling page: 0x00000000030c0000

Code Cache  [0x0000000004c20000, 0x0000000004e90000, 0x0000000007c20000)
 total_blobs=670 nmethods=169 adapters=453 free_code_cache=48316Kb largest_free_block=49447424

Compilation events (10 events):
Event: 18.910 Thread 0x0000000004c15000  165             java.awt.Component$1::getAppContext (5 bytes)
Event: 18.911 Thread 0x0000000004c15000 nmethod 165 0x0000000004ce6450 code [0x0000000004ce6580, 0x0000000004ce65f8]
Event: 18.932 Thread 0x0000000004c1a800  166             java.awt.EventQueue$3::run (5 bytes)
Event: 18.932 Thread 0x0000000004c15000  167             java.awt.EventQueue$3::run (17 bytes)
Event: 18.972 Thread 0x0000000004c1a800 nmethod 166 0x0000000004cefbd0 code [0x0000000004ceffc0, 0x0000000004cf1c48]
Event: 18.972 Thread 0x0000000004c1a800  168             sun.awt.EventQueueDelegate::getDelegate (13 bytes)
Event: 18.972 Thread 0x0000000004c15000 nmethod 167 0x0000000004ce7e10 code [0x0000000004ce8200, 0x0000000004ce9e88]
Event: 18.973 Thread 0x0000000004c1a800 nmethod 168 0x0000000004ce5fd0 code [0x0000000004ce6140, 0x0000000004ce62b8]
Event: 19.219 Thread 0x0000000004c15000  169   !         sun.java2d.pipe.DrawImage::renderImageXform (773 bytes)
Event: 19.236 Thread 0x0000000004c15000 nmethod 169 0x0000000004cf4890 code [0x0000000004cf4bc0, 0x0000000004cf6040]

GC Heap History (2 events):
Event: 18.227 GC heap before
{Heap before GC invocations=1 (full 0):
 PSYoungGen      total 38400K, used 33280K [0x00000007d5c80000, 0x00000007d8700000, 0x0000000800000000)
  eden space 33280K, 100% used [0x00000007d5c80000,0x00000007d7d00000,0x00000007d7d00000)
  from space 5120K, 0% used [0x00000007d8200000,0x00000007d8200000,0x00000007d8700000)
  to   space 5120K, 0% used [0x00000007d7d00000,0x00000007d7d00000,0x00000007d8200000)
 ParOldGen       total 86016K, used 0K [0x0000000781600000, 0x0000000786a00000, 0x00000007d5c80000)
  object space 86016K, 0% used [0x0000000781600000,0x0000000781600000,0x0000000786a00000)
 PSPermGen       total 21504K, used 12867K [0x000000077c400000, 0x000000077d900000, 0x0000000781600000)
  object space 21504K, 59% used [0x000000077c400000,0x000000077d090cc0,0x000000077d900000)
Event: 18.234 GC heap after
Heap after GC invocations=1 (full 0):
 PSYoungGen      total 38400K, used 4837K [0x00000007d5c80000, 0x00000007d8700000, 0x0000000800000000)
  eden space 33280K, 0% used [0x00000007d5c80000,0x00000007d5c80000,0x00000007d7d00000)
  from space 5120K, 94% used [0x00000007d7d00000,0x00000007d81b9760,0x00000007d8200000)
  to   space 5120K, 0% used [0x00000007d8200000,0x00000007d8200000,0x00000007d8700000)
 ParOldGen       total 86016K, used 4828K [0x0000000781600000, 0x0000000786a00000, 0x00000007d5c80000)
  object space 86016K, 5% used [0x0000000781600000,0x0000000781ab7180,0x0000000786a00000)
 PSPermGen       total 21504K, used 12867K [0x000000077c400000, 0x000000077d900000, 0x0000000781600000)
  object space 21504K, 59% used [0x000000077c400000,0x000000077d090cc0,0x000000077d900000)
}

Deoptimization events (5 events):
Event: 0.265 Thread 0x000000000f497000 Uncommon trap: reason=class_check action=maybe_recompile pc=0x0000000004c9343c method=java.lang.String.equals(Ljava/lang/Object;)Z @ 8
Event: 0.285 Thread 0x000000000f497000 Uncommon trap: reason=class_check action=maybe_recompile pc=0x0000000004c9343c method=java.lang.String.equals(Ljava/lang/Object;)Z @ 8
Event: 0.358 Thread 0x000000000f497000 Uncommon trap: reason=class_check action=maybe_recompile pc=0x0000000004c9343c method=java.lang.String.equals(Ljava/lang/Object;)Z @ 8
Event: 0.359 Thread 0x000000000f497000 Uncommon trap: reason=class_check action=maybe_recompile pc=0x0000000004c9343c method=java.lang.String.equals(Ljava/lang/Object;)Z @ 8
Event: 19.344 Thread 0x000000000f497000 Uncommon trap: reason=bimorphic action=maybe_recompile pc=0x0000000004cf13a4 method=java.awt.Component.dispatchEvent(Ljava/awt/AWTEvent;)V @ 2

Internal exceptions (10 events):
Event: 0.227 Thread 0x000000000f497000 Threw 0x00000007d616ade0 at C:\re\jdk7u67\1368\hotspot\src\share\vm\prims\jvm.cpp:1244
Event: 0.243 Thread 0x000000000f497000 Threw 0x00000007d618d1b0 at C:\re\jdk7u67\1368\hotspot\src\share\vm\prims\jvm.cpp:1244
Event: 0.243 Thread 0x000000000f497000 Threw 0x00000007d618d3d8 at C:\re\jdk7u67\1368\hotspot\src\share\vm\prims\jvm.cpp:1244
Event: 0.244 Thread 0x000000000f497000 Threw 0x00000007d6191250 at C:\re\jdk7u67\1368\hotspot\src\share\vm\prims\jvm.cpp:1244
Event: 0.244 Thread 0x000000000f497000 Threw 0x00000007d6191478 at C:\re\jdk7u67\1368\hotspot\src\share\vm\prims\jvm.cpp:1244
Event: 0.300 Thread 0x000000000f497000 Threw 0x00000007d62d0dd0 at C:\re\jdk7u67\1368\hotspot\src\share\vm\prims\jvm.cpp:1244
Event: 0.302 Thread 0x000000000f497000 Threw 0x00000007d62e7690 at C:\re\jdk7u67\1368\hotspot\src\share\vm\prims\jvm.cpp:1244
Event: 0.303 Thread 0x000000000f497000 Threw 0x00000007d62f23a8 at C:\re\jdk7u67\1368\hotspot\src\share\vm\prims\jvm.cpp:1244
Event: 0.306 Thread 0x000000000f497000 Threw 0x00000007d6300a20 at C:\re\jdk7u67\1368\hotspot\src\share\vm\prims\jvm.cpp:1244
Event: 0.307 Thread 0x000000000f497000 Threw 0x00000007d6309c68 at C:\re\jdk7u67\1368\hotspot\src\share\vm\prims\jvm.cpp:1244

Events (10 events):
Event: 10.184 loading class 0x000000000f5706c0 done
Event: 15.485 loading class 0x000000000f31c810
Event: 15.485 loading class 0x000000000f31c810 done
Event: 18.226 Executing VM operation: ParallelGCFailedAllocation
Event: 18.234 Executing VM operation: ParallelGCFailedAllocation done
Event: 18.951 loading class 0x000000000f3bc230
Event: 18.951 loading class 0x000000000f3bc230 done
Event: 19.344 Thread 0x000000000f497000 Uncommon trap: trap_request=0xffffffc6 fr.pc=0x0000000004cf13a4
Event: 19.344 Thread 0x000000000f497000 DEOPT PACKING pc=0x0000000004cf13a4 sp=0x0000000010efdd40
Event: 19.344 Thread 0x000000000f497000 DEOPT UNPACKING pc=0x0000000004c575a4 sp=0x0000000010efdbb8 mode 2


Dynamic libraries:
0x00007ff626cc0000 - 0x00007ff626cf3000 	C:\Program Files\Java\jdk1.7.0_67\bin\java.exe
0x00007ffa29fc0000 - 0x00007ffa2a1a0000 	C:\WINDOWS\SYSTEM32\ntdll.dll
0x00007ffa29800000 - 0x00007ffa298ae000 	C:\WINDOWS\System32\KERNEL32.DLL
0x00007ffa26550000 - 0x00007ffa267b6000 	C:\WINDOWS\System32\KERNELBASE.dll
0x00007ffa29570000 - 0x00007ffa29611000 	C:\WINDOWS\System32\ADVAPI32.dll
0x00007ffa28cb0000 - 0x00007ffa28d4d000 	C:\WINDOWS\System32\msvcrt.dll
0x00007ffa29220000 - 0x00007ffa2927b000 	C:\WINDOWS\System32\sechost.dll
0x00007ffa298c0000 - 0x00007ffa299df000 	C:\WINDOWS\System32\RPCRT4.dll
0x00007ffa29090000 - 0x00007ffa2921f000 	C:\WINDOWS\System32\USER32.dll
0x00007ffa27470000 - 0x00007ffa27490000 	C:\WINDOWS\System32\win32u.dll
0x00007ffa296d0000 - 0x00007ffa296f8000 	C:\WINDOWS\System32\GDI32.dll
0x00007ffa267c0000 - 0x00007ffa26954000 	C:\WINDOWS\System32\gdi32full.dll
0x00007ffa269b0000 - 0x00007ffa26a4b000 	C:\WINDOWS\System32\msvcp_win.dll
0x00007ffa26c20000 - 0x00007ffa26d16000 	C:\WINDOWS\System32\ucrtbase.dll
0x00007ffa09a60000 - 0x00007ffa09cc9000 	C:\WINDOWS\WinSxS\amd64_microsoft.windows.common-controls_6595b64144ccf1df_6.0.16299.64_none_cc9304e22215ca8f\COMCTL32.dll
0x00007ffa28d80000 - 0x00007ffa29088000 	C:\WINDOWS\System32\combase.dll
0x00007ffa264d0000 - 0x00007ffa26542000 	C:\WINDOWS\System32\bcryptPrimitives.dll
0x00007ffa28d50000 - 0x00007ffa28d7d000 	C:\WINDOWS\System32\IMM32.DLL
0x000000005eba0000 - 0x000000005ec72000 	C:\Program Files\Java\jdk1.7.0_67\jre\bin\msvcr100.dll
0x000000005e3c0000 - 0x000000005eb92000 	C:\Program Files\Java\jdk1.7.0_67\jre\bin\server\jvm.dll
0x00007ffa29470000 - 0x00007ffa29478000 	C:\WINDOWS\System32\PSAPI.DLL
0x00007ffa18970000 - 0x00007ffa18979000 	C:\WINDOWS\SYSTEM32\WSOCK32.dll
0x00007ffa219b0000 - 0x00007ffa219d3000 	C:\WINDOWS\SYSTEM32\WINMM.dll
0x00007ffa29500000 - 0x00007ffa2956c000 	C:\WINDOWS\System32\WS2_32.dll
0x00007ffa21980000 - 0x00007ffa219aa000 	C:\WINDOWS\SYSTEM32\winmmbase.dll
0x00007ffa26960000 - 0x00007ffa269aa000 	C:\WINDOWS\System32\cfgmgr32.dll
0x000000005e3b0000 - 0x000000005e3bf000 	C:\Program Files\Java\jdk1.7.0_67\jre\bin\verify.dll
0x000000005e380000 - 0x000000005e3a8000 	C:\Program Files\Java\jdk1.7.0_67\jre\bin\java.dll
0x000000005e360000 - 0x000000005e375000 	C:\Program Files\Java\jdk1.7.0_67\jre\bin\zip.dll
0x000000005e1c0000 - 0x000000005e355000 	C:\Program Files\Java\jdk1.7.0_67\jre\bin\awt.dll
0x00007ffa28b80000 - 0x00007ffa28c45000 	C:\WINDOWS\System32\OLEAUT32.dll
0x00007ffa245f0000 - 0x00007ffa24677000 	C:\WINDOWS\SYSTEM32\apphelp.dll
0x00007ffa247d0000 - 0x00007ffa24865000 	C:\WINDOWS\system32\uxtheme.dll
0x00007ffa29300000 - 0x00007ffa29467000 	C:\WINDOWS\System32\MSCTF.dll
0x00007ffa24ae0000 - 0x00007ffa24b0a000 	C:\WINDOWS\system32\dwmapi.dll
0x00007ffa299e0000 - 0x00007ffa29b29000 	C:\WINDOWS\System32\ole32.dll
0x00007ffa26380000 - 0x00007ffa26391000 	C:\WINDOWS\System32\kernel.appcore.dll
0x00007ffa27740000 - 0x00007ffa28b77000 	C:\WINDOWS\System32\SHELL32.dll
0x00007ffa29620000 - 0x00007ffa296c6000 	C:\WINDOWS\System32\shcore.dll
0x00007ffa26d20000 - 0x00007ffa27467000 	C:\WINDOWS\System32\windows.storage.dll
0x00007ffa29280000 - 0x00007ffa292d1000 	C:\WINDOWS\System32\shlwapi.dll
0x00007ffa26330000 - 0x00007ffa2637c000 	C:\WINDOWS\System32\powrprof.dll
0x00007ffa263a0000 - 0x00007ffa263bb000 	C:\WINDOWS\System32\profapi.dll
0x000000005e170000 - 0x000000005e1b7000 	C:\Program Files\Java\jdk1.7.0_67\jre\bin\fontmanager.dll
0x000000005e150000 - 0x000000005e169000 	C:\Program Files\Java\jdk1.7.0_67\jre\bin\net.dll
0x00007ffa25ba0000 - 0x00007ffa25c06000 	C:\WINDOWS\system32\mswsock.dll
0x000000005e130000 - 0x000000005e141000 	C:\Program Files\Java\jdk1.7.0_67\jre\bin\nio.dll
0x000000005e0e0000 - 0x000000005e121000 	C:\Program Files\Java\jdk1.7.0_67\jre\bin\t2k.dll
0x00007ffa29700000 - 0x00007ffa2979e000 	C:\WINDOWS\System32\clbcatq.dll
0x00007ffa21200000 - 0x00007ffa213ab000 	C:\WINDOWS\SYSTEM32\WindowsCodecs.dll
0x00007ff9fc0d0000 - 0x00007ff9fc11f000 	C:\WINDOWS\system32\dataexchange.dll
0x00007ffa22fb0000 - 0x00007ffa23292000 	C:\WINDOWS\system32\d3d11.dll
0x00007ffa23c40000 - 0x00007ffa23d82000 	C:\WINDOWS\system32\dcomp.dll
0x00007ffa25180000 - 0x00007ffa2522f000 	C:\WINDOWS\system32\dxgi.dll
0x00007ffa24bd0000 - 0x00007ffa24d4b000 	C:\WINDOWS\system32\twinapi.appcore.dll
0x00007ffa24d50000 - 0x00007ffa24d70000 	C:\WINDOWS\system32\RMCLIENT.dll
0x00007ffa25e70000 - 0x00007ffa25e95000 	C:\WINDOWS\system32\bcrypt.dll
0x000000005e0c0000 - 0x000000005e0d3000 	C:\Program Files\Java\jdk1.7.0_67\jre\bin\JdbcOdbc.dll
0x00007ffa09cd0000 - 0x00007ffa09d85000 	C:\WINDOWS\SYSTEM32\ODBC32.dll
0x00007ffa26a50000 - 0x00007ffa26c1e000 	C:\WINDOWS\System32\CRYPT32.dll
0x00007ffa26310000 - 0x00007ffa26322000 	C:\WINDOWS\System32\MSASN1.dll
0x00007ffa257f0000 - 0x00007ffa257fa000 	C:\WINDOWS\SYSTEM32\DPAPI.DLL
0x00007ffa00dd0000 - 0x00007ffa00de6000 	C:\WINDOWS\SYSTEM32\VCRUNTIME140.dll
0x00007ff9feaa0000 - 0x00007ff9feda6000 	C:\Program Files\Common Files\Microsoft Shared\Office16\mso20win32client.dll
0x00007ff9fedb0000 - 0x00007ff9fee4c000 	C:\WINDOWS\SYSTEM32\MSVCP140.dll
0x00007ff9e6ec0000 - 0x00007ff9e734c000 	C:\Program Files\Common Files\Microsoft Shared\Office16\mso30win32client.dll
0x00007ff9da4e0000 - 0x00007ff9dadcd000 	C:\Program Files\Common Files\Microsoft Shared\Office16\mso40uiwin32client.dll
0x00007ffa1e0b0000 - 0x00007ffa1e24c000 	C:\WINDOWS\WinSxS\amd64_microsoft.windows.gdiplus_6595b64144ccf1df_1.1.16299.64_none_4c5a740035ade6b7\gdiplus.dll
0x00007ff9e2490000 - 0x00007ff9e2c5c000 	C:\Program Files\Common Files\Microsoft Shared\Office16\mso99Lwin32client.dll
0x00007ffa219e0000 - 0x00007ffa21a07000 	C:\WINDOWS\SYSTEM32\SLC.dll
0x00007ffa1e300000 - 0x00007ffa1e307000 	C:\WINDOWS\SYSTEM32\MSIMG32.dll
0x00007ffa21950000 - 0x00007ffa21976000 	C:\WINDOWS\SYSTEM32\sppc.dll
0x00007ff9cf780000 - 0x00007ff9d0a6f000 	C:\Program Files\Common Files\Microsoft Shared\Office16\mso.dll
0x00007ff9f1e80000 - 0x00007ff9f2265000 	C:\WINDOWS\SYSTEM32\msi.dll
0x00007ff9e8790000 - 0x00007ff9e87b8000 	C:\WINDOWS\SYSTEM32\srpapi.dll
0x00007ffa23570000 - 0x00007ffa23b28000 	C:\WINDOWS\SYSTEM32\d2d1.dll
0x00007ffa21b80000 - 0x00007ffa21b93000 	C:\WINDOWS\SYSTEM32\WTSAPI32.dll
0x00007ffa254c0000 - 0x00007ffa25515000 	C:\WINDOWS\SYSTEM32\WINSTA.dll
0x00007ff9d7720000 - 0x00007ff9d796b000 	C:\Program Files\Common Files\Microsoft Shared\OFFICE16\ACECORE.DLL
0x00007ffa26210000 - 0x00007ffa26240000 	C:\WINDOWS\SYSTEM32\SspiCli.dll
0x00007ffa05210000 - 0x00007ffa0551f000 	C:\WINDOWS\SYSTEM32\DWrite.dll
0x00007ffa1bce0000 - 0x00007ffa1bd11000 	C:\WINDOWS\SYSTEM32\d3d10_1.dll
0x00007ffa06440000 - 0x00007ffa0649c000 	C:\WINDOWS\SYSTEM32\d3d10_1core.dll
0x00007ff9eb180000 - 0x00007ff9eb8ec000 	C:\WINDOWS\SYSTEM32\D3D10Warp.dll
0x00007ffa26240000 - 0x00007ffa26269000 	C:\WINDOWS\SYSTEM32\USERENV.dll
0x00007ffa25e40000 - 0x00007ffa25e66000 	C:\WINDOWS\SYSTEM32\ncrypt.dll
0x00007ffa25e00000 - 0x00007ffa25e36000 	C:\WINDOWS\SYSTEM32\NTASN1.dll
0x00007ffa20280000 - 0x00007ffa2029c000 	C:\WINDOWS\SYSTEM32\davclnt.dll
0x00007ffa20270000 - 0x00007ffa2027c000 	C:\WINDOWS\SYSTEM32\DAVHLPR.dll
0x00007ff9f6990000 - 0x00007ff9f6a65000 	C:\Program Files\Common Files\Microsoft Shared\OFFICE16\1033\ACEWSTR.DLL
0x00007ffa076d0000 - 0x00007ffa07768000 	C:\WINDOWS\System32\TextInputFramework.dll
0x00007ffa23b40000 - 0x00007ffa23c1d000 	C:\WINDOWS\System32\CoreMessaging.dll
0x00007ffa20bc0000 - 0x00007ffa20eae000 	C:\WINDOWS\System32\CoreUIComponents.dll
0x00007ffa25450000 - 0x00007ffa25481000 	C:\WINDOWS\SYSTEM32\ntmarta.dll
0x00007ffa22380000 - 0x00007ffa224b6000 	C:\WINDOWS\SYSTEM32\wintypes.dll
0x000000005e090000 - 0x000000005e0ba000 	C:\Program Files\Java\jdk1.7.0_67\jre\bin\dcpr.dll
0x00007ffa22710000 - 0x00007ffa2274a000 	C:\WINDOWS\System32\netprofm.dll
0x00007ffa1e030000 - 0x00007ffa1e03e000 	C:\WINDOWS\System32\npmproxy.dll
0x00007ff9fe4a0000 - 0x00007ff9fe5ec000 	C:\WINDOWS\SYSTEM32\webservices.dll
0x00007ffa1a770000 - 0x00007ffa1a77c000 	C:\WINDOWS\SYSTEM32\Secur32.dll
0x00007ffa298b0000 - 0x00007ffa298b8000 	C:\WINDOWS\System32\Normaliz.dll
0x00007ffa22ed0000 - 0x00007ffa22fae000 	C:\WINDOWS\SYSTEM32\WINHTTP.dll
0x00007ffa25930000 - 0x00007ffa25969000 	C:\WINDOWS\SYSTEM32\IPHLPAPI.DLL
0x00007ffa29b30000 - 0x00007ffa29b38000 	C:\WINDOWS\System32\NSI.dll
0x00007ffa1ed20000 - 0x00007ffa1ed36000 	C:\WINDOWS\SYSTEM32\dhcpcsvc6.DLL
0x00007ffa1ed00000 - 0x00007ffa1ed1a000 	C:\WINDOWS\SYSTEM32\dhcpcsvc.DLL
0x00007ffa153f0000 - 0x00007ffa155bc000 	C:\WINDOWS\SYSTEM32\urlmon.dll
0x00007ffa292e0000 - 0x00007ffa292fd000 	C:\WINDOWS\System32\imagehlp.dll
0x00007ffa14eb0000 - 0x00007ffa15149000 	C:\WINDOWS\SYSTEM32\iertutil.dll
0x00007ffa25d80000 - 0x00007ffa25d8b000 	C:\WINDOWS\SYSTEM32\CRYPTBASE.DLL
0x00007ffa092e0000 - 0x00007ffa0934f000 	C:\WINDOWS\SYSTEM32\msiso.dll
0x00007ffa17760000 - 0x00007ffa17a94000 	C:\WINDOWS\SYSTEM32\WININET.dll
0x00007ffa1fd00000 - 0x00007ffa1fd15000 	C:\WINDOWS\SYSTEM32\ondemandconnroutehelper.dll
0x00007ffa1fe60000 - 0x00007ffa1fe6b000 	C:\WINDOWS\SYSTEM32\WINNSI.DLL
0x00007ffa18760000 - 0x00007ffa187f5000 	C:\WINDOWS\SYSTEM32\webio.dll
0x00007ffa25970000 - 0x00007ffa25a26000 	C:\WINDOWS\SYSTEM32\DNSAPI.dll
0x00007ffa1c880000 - 0x00007ffa1c88a000 	C:\Windows\System32\rasadhlp.dll
0x00007ffa1eea0000 - 0x00007ffa1ef10000 	C:\WINDOWS\System32\fwpuclnt.dll
0x00007ffa256f0000 - 0x00007ffa2576a000 	C:\WINDOWS\system32\schannel.DLL
0x00007ffa19b60000 - 0x00007ffa19b74000 	C:\WINDOWS\SYSTEM32\mskeyprotect.dll
0x00007ffa05520000 - 0x00007ffa05541000 	C:\WINDOWS\system32\ncryptsslp.dll
0x00007ff9ed140000 - 0x00007ff9ed195000 	C:\Program Files\COMMON~1\MICROS~1\OFFICE16\ACEODBC.DLL
0x00007ffa27630000 - 0x00007ffa2773a000 	C:\WINDOWS\System32\COMDLG32.dll
0x00007ffa143c0000 - 0x00007ffa14588000 	C:\WINDOWS\SYSTEM32\dbghelp.dll

VM Arguments:
jvm_args: -Dfile.encoding=UTF-8 
java_command: Project.FramProject
Launcher Type: SUN_STANDARD

Environment Variables:
PATH=
[error occurred during error reporting (printing environment variables), id 0xc0000005]



---------------  S Y S T E M  ---------------

OS: Windows 8.1 , 64 bit Build 9600 

CPU:total 8 (4 cores per cpu, 2 threads per core) family 6 model 94 stepping 3, cmov, cx8, fxsr, mmx, sse, sse2, sse3, ssse3, sse4.1, sse4.2, popcnt, avx, avx2, aes, erms, ht, tsc, tscinvbit

Memory: 4k page, physical 8298012k(3399640k free), swap 9608732k(2822020k free)

vm_info: Java HotSpot(TM) 64-Bit Server VM (24.65-b04) for windows-amd64 JRE (1.7.0_67-b01), built on Jul 25 2014 08:55:00 by "java_re" with unknown MS VC++:1600

time: Mon Dec 04 19:09:09 2017
elapsed time: 19 seconds

