#
# A fatal error has been detected by the Java Runtime Environment:
#
#  EXCEPTION_ACCESS_VIOLATION (0xc0000005) at pc=0x00007ff9e38e2729, pid=13256, tid=10868
#
# JRE version: Java(TM) SE Runtime Environment (7.0_67-b01) (build 1.7.0_67-b01)
# Java VM: Java HotSpot(TM) 64-Bit Server VM (24.65-b04 mixed mode windows-amd64 compressed oops)
# Problematic frame:
# C  [mso40uiwin32client.dll+0x362729]
#
# Failed to write core dump. Minidumps are not enabled by default on client versions of Windows
#
# If you would like to submit a bug report, please visit:
#   http://bugreport.sun.com/bugreport/crash.jsp
# The crash happened outside the Java Virtual Machine in native code.
# See problematic frame for where to report the bug.
#

---------------  T H R E A D  ---------------

Current thread (0x000000000f6c2000):  JavaThread "AWT-EventQueue-0" [_thread_in_native, id=10868, stack(0x0000000010fd0000,0x00000000110d0000)]

siginfo: ExceptionCode=0xc0000005, writing address 0x0000000000000000

Registers:
RAX=0x00007ff9e38e271c, RBX=0x00000000110c9000, RCX=0x00007ff9e38e271c, RDX=0x00000000110c9230
RSP=0x00000000110c6b40, RBP=0x00000000110c9230, RSI=0x00000000110c6c00, RDI=0x00000000110c78b0
R8 =0x0000000000000100, R9 =0x0000000019930520, R10=0x0000fe22c189fa1e, R11=0x00000000110c6e50
R12=0x00000000110c7ec8, R13=0x00007ff9e38e271c, R14=0x0000000000000000, R15=0x0000000000000000
RIP=0x00007ff9e38e2729, EFLAGS=0x0000000000010202

Top of Stack: (sp=0x00000000110c6b40)
0x00000000110c6b40:   0000000000000000 00000000110c7150
0x00000000110c6b50:   0000e6307e81ebf0 006b0009004e0049
0x00000000110c6b60:   00000000110c7150 00007ffa00ddc2e0
0x00000000110c6b70:   00007ff9e38e271c 00000000110c9230
0x00000000110c6b80:   00000000110c9230 00650044002d0073
0x00000000110c6b90:   00000000110c9000 00007ffa00dd2a23
0x00000000110c6ba0:   00007ff9e38e271c 00000000110c7ec8
0x00000000110c6bb0:   0061007200000100 00510049002d0062
0x00000000110c6bc0:   0009007900000000 0000000000000000
0x00000000110c6bd0:   0000000000000000 00007ff9e3c0f0a8
0x00000000110c6be0:   00000000110c6c00 0000000000000000
0x00000000110c6bf0:   00000000110c7ec8 00000000110c5c40
0x00000000110c6c00:   00000000110c91c8 0000000000000000
0x00000000110c6c10:   00000000110c9230 00000000110c78b0
0x00000000110c6c20:   00000000110c7360 00007ff9e3580000
0x00000000110c6c30:   00000000110c7120 00000000110c7e20 

Instructions: (pc=0x00007ff9e38e2729)
0x00007ff9e38e2709:   f3 68 e7 ff 90 90 90 48 8d 4a 50 e9 e7 68 e7 ff
0x00007ff9e38e2719:   90 90 90 48 89 54 24 10 55 48 83 ec 20 48 8b ea
0x00007ff9e38e2729:   c7 04 25 00 00 00 00 01 00 00 00 33 c9 cd 29 48
0x00007ff9e38e2739:   8d 4a 58 e9 bf 68 e7 ff 90 90 90 48 8d 4a 58 e9 


Register to memory mapping:

RAX=0x00007ff9e38e271c is an unknown value
RBX=0x00000000110c9000 is pointing into the stack for thread: 0x000000000f6c2000
RCX=0x00007ff9e38e271c is an unknown value
RDX=0x00000000110c9230 is pointing into the stack for thread: 0x000000000f6c2000
RSP=0x00000000110c6b40 is pointing into the stack for thread: 0x000000000f6c2000
RBP=0x00000000110c9230 is pointing into the stack for thread: 0x000000000f6c2000
RSI=0x00000000110c6c00 is pointing into the stack for thread: 0x000000000f6c2000
RDI=0x00000000110c78b0 is pointing into the stack for thread: 0x000000000f6c2000
R8 =0x0000000000000100 is an unknown value
R9 =0x0000000019930520 is an unknown value
R10=0x0000fe22c189fa1e is an unknown value
R11=0x00000000110c6e50 is pointing into the stack for thread: 0x000000000f6c2000
R12=0x00000000110c7ec8 is pointing into the stack for thread: 0x000000000f6c2000
R13=0x00007ff9e38e271c is an unknown value
R14=0x0000000000000000 is an unknown value
R15=0x0000000000000000 is an unknown value


Stack: [0x0000000010fd0000,0x00000000110d0000],  sp=0x00000000110c6b40,  free space=986k
Native frames: (J=compiled Java code, j=interpreted, Vv=VM code, C=native code)
C  [mso40uiwin32client.dll+0x362729]
C  [mso40uiwin32client.dll+0x6d7d08]

Java frames: (J=compiled Java code, j=interpreted, Vv=VM code)
j  sun.jdbc.odbc.JdbcOdbc.driverConnect(J[B[B)V+0
j  sun.jdbc.odbc.JdbcOdbc.SQLDriverConnect(JLjava/lang/String;)V+93
j  sun.jdbc.odbc.JdbcOdbcConnection.initialize(Ljava/lang/String;Ljava/util/Properties;I)V+984
j  sun.jdbc.odbc.JdbcOdbcDriver.connect(Ljava/lang/String;Ljava/util/Properties;)Ljava/sql/Connection;+129
j  java.sql.DriverManager.getConnection(Ljava/lang/String;Ljava/util/Properties;Ljava/lang/Class;)Ljava/sql/Connection;+172
j  java.sql.DriverManager.getConnection(Ljava/lang/String;)Ljava/sql/Connection;+13
j  Project.Project_Book.connectDB()Ljava/sql/Connection;+8
j  Project.Return_book.deleteRecord()V+46
j  Project.Return_book.jButton2ActionPerformed(Ljava/awt/event/ActionEvent;)V+1
j  Project.Return_book.access$400(LProject/Return_book;Ljava/awt/event/ActionEvent;)V+2
j  Project.Return_book$5.actionPerformed(Ljava/awt/event/ActionEvent;)V+5
j  javax.swing.AbstractButton.fireActionPerformed(Ljava/awt/event/ActionEvent;)V+84
j  javax.swing.AbstractButton$Handler.actionPerformed(Ljava/awt/event/ActionEvent;)V+5
j  javax.swing.DefaultButtonModel.fireActionPerformed(Ljava/awt/event/ActionEvent;)V+35
j  javax.swing.DefaultButtonModel.setPressed(Z)V+117
j  javax.swing.plaf.basic.BasicButtonListener.mouseReleased(Ljava/awt/event/MouseEvent;)V+35
j  java.awt.Component.processMouseEvent(Ljava/awt/event/MouseEvent;)V+64
j  javax.swing.JComponent.processMouseEvent(Ljava/awt/event/MouseEvent;)V+23
j  java.awt.Component.processEvent(Ljava/awt/AWTEvent;)V+81
j  java.awt.Container.processEvent(Ljava/awt/AWTEvent;)V+18
j  java.awt.Component.dispatchEventImpl(Ljava/awt/AWTEvent;)V+581
j  java.awt.Container.dispatchEventImpl(Ljava/awt/AWTEvent;)V+42
j  java.awt.Component.dispatchEvent(Ljava/awt/AWTEvent;)V+2
j  java.awt.LightweightDispatcher.retargetMouseEvent(Ljava/awt/Component;ILjava/awt/event/MouseEvent;)V+327
j  java.awt.LightweightDispatcher.processMouseEvent(Ljava/awt/event/MouseEvent;)Z+139
j  java.awt.LightweightDispatcher.dispatchEvent(Ljava/awt/AWTEvent;)Z+50
j  java.awt.Container.dispatchEventImpl(Ljava/awt/AWTEvent;)V+12
j  java.awt.Window.dispatchEventImpl(Ljava/awt/AWTEvent;)V+19
j  java.awt.Component.dispatchEvent(Ljava/awt/AWTEvent;)V+2
j  java.awt.EventQueue.dispatchEventImpl(Ljava/awt/AWTEvent;Ljava/lang/Object;)V+41
j  java.awt.EventQueue.access$200(Ljava/awt/EventQueue;Ljava/awt/AWTEvent;Ljava/lang/Object;)V+3
j  java.awt.EventQueue$3.run()Ljava/lang/Void;+12
j  java.awt.EventQueue$3.run()Ljava/lang/Object;+1
v  ~StubRoutines::call_stub
J 220  java.security.AccessController.doPrivileged(Ljava/security/PrivilegedAction;Ljava/security/AccessControlContext;)Ljava/lang/Object; (0 bytes) @ 0x0000000004e2f506 [0x0000000004e2f4a0+0x66]
J 221 C2 java.security.ProtectionDomain$1.doIntersectionPrivilege(Ljava/security/PrivilegedAction;Ljava/security/AccessControlContext;Ljava/security/AccessControlContext;)Ljava/lang/Object; (32 bytes) @ 0x0000000004e34904 [0x0000000004e347a0+0x164]
j  java.security.ProtectionDomain$1.doIntersectionPrivilege(Ljava/security/PrivilegedAction;Ljava/security/AccessControlContext;)Ljava/lang/Object;+6
j  java.awt.EventQueue$4.run()Ljava/lang/Void;+11
j  java.awt.EventQueue$4.run()Ljava/lang/Object;+1
v  ~StubRoutines::call_stub
J 220  java.security.AccessController.doPrivileged(Ljava/security/PrivilegedAction;Ljava/security/AccessControlContext;)Ljava/lang/Object; (0 bytes) @ 0x0000000004e2f506 [0x0000000004e2f4a0+0x66]
J 221 C2 java.security.ProtectionDomain$1.doIntersectionPrivilege(Ljava/security/PrivilegedAction;Ljava/security/AccessControlContext;Ljava/security/AccessControlContext;)Ljava/lang/Object; (32 bytes) @ 0x0000000004e34904 [0x0000000004e347a0+0x164]
J 224 C2 java.awt.EventDispatchThread.pumpOneEventForFilters(I)V (295 bytes) @ 0x0000000004e46348 [0x0000000004e45a80+0x8c8]
j  java.awt.EventDispatchThread.pumpEventsForFilter(ILjava/awt/Conditional;Ljava/awt/EventFilter;)V+35
j  java.awt.EventDispatchThread.pumpEventsForHierarchy(ILjava/awt/Conditional;Ljava/awt/Component;)V+11
j  java.awt.EventDispatchThread.pumpEvents(ILjava/awt/Conditional;)V+4
j  java.awt.EventDispatchThread.pumpEvents(Ljava/awt/Conditional;)V+3
j  java.awt.EventDispatchThread.run()V+9
v  ~StubRoutines::call_stub

---------------  P R O C E S S  ---------------

Java Threads: ( => current thread )
  0x000000001117c000 JavaThread "Abandoned connection cleanup thread" daemon [_thread_blocked, id=4916, stack(0x00000000122c0000,0x00000000123c0000)]
  0x000000000f891000 JavaThread "TimerQueue" daemon [_thread_blocked, id=13320, stack(0x00000000118d0000,0x00000000119d0000)]
  0x0000000004c50800 JavaThread "DestroyJavaVM" [_thread_blocked, id=13464, stack(0x0000000004ab0000,0x0000000004bb0000)]
=>0x000000000f6c2000 JavaThread "AWT-EventQueue-0" [_thread_in_native, id=10868, stack(0x0000000010fd0000,0x00000000110d0000)]
  0x000000000f61d800 JavaThread "AWT-Windows" daemon [_thread_in_native, id=9528, stack(0x00000000104b0000,0x00000000105b0000)]
  0x000000000f61d000 JavaThread "AWT-Shutdown" [_thread_blocked, id=9676, stack(0x00000000103b0000,0x00000000104b0000)]
  0x000000000f61a000 JavaThread "Java2D Disposer" daemon [_thread_blocked, id=5012, stack(0x00000000102b0000,0x00000000103b0000)]
  0x0000000004d42000 JavaThread "Service Thread" daemon [_thread_blocked, id=12768, stack(0x000000000fcc0000,0x000000000fdc0000)]
  0x0000000004d41000 JavaThread "C2 CompilerThread1" daemon [_thread_blocked, id=11304, stack(0x000000000fbc0000,0x000000000fcc0000)]
  0x0000000004d3d000 JavaThread "C2 CompilerThread0" daemon [_thread_blocked, id=5788, stack(0x000000000fac0000,0x000000000fbc0000)]
  0x0000000004d3c000 JavaThread "Attach Listener" daemon [_thread_blocked, id=2228, stack(0x000000000f9c0000,0x000000000fac0000)]
  0x000000000f4e1800 JavaThread "Signal Dispatcher" daemon [_thread_blocked, id=13652, stack(0x000000000f8c0000,0x000000000f9c0000)]
  0x000000000d4d0000 JavaThread "Finalizer" daemon [_thread_blocked, id=10632, stack(0x000000000f3c0000,0x000000000f4c0000)]
  0x000000000d4c9800 JavaThread "Reference Handler" daemon [_thread_blocked, id=4956, stack(0x000000000f2c0000,0x000000000f3c0000)]

Other Threads:
  0x000000000d4c5000 VMThread [stack: 0x000000000f1c0000,0x000000000f2c0000] [id=4828]
  0x0000000004d49800 WatcherThread [stack: 0x000000000fdc0000,0x000000000fec0000] [id=4812]

VM state:not at safepoint (normal execution)

VM Mutex/Monitor currently owned by a thread: None

Heap
 PSYoungGen      total 38400K, used 7925K [0x00000007d5c80000, 0x00000007d8700000, 0x0000000800000000)
  eden space 33280K, 8% used [0x00000007d5c80000,0x00000007d5f45308,0x00000007d7d00000)
  from space 5120K, 99% used [0x00000007d7d00000,0x00000007d81f8268,0x00000007d8200000)
  to   space 5120K, 0% used [0x00000007d8200000,0x00000007d8200000,0x00000007d8700000)
 ParOldGen       total 86016K, used 7370K [0x0000000781600000, 0x0000000786a00000, 0x00000007d5c80000)
  object space 86016K, 8% used [0x0000000781600000,0x0000000781d32918,0x0000000786a00000)
 PSPermGen       total 21504K, used 14600K [0x000000077c400000, 0x000000077d900000, 0x0000000781600000)
  object space 21504K, 67% used [0x000000077c400000,0x000000077d242130,0x000000077d900000)

Card table byte_map: [0x0000000007e10000,0x0000000008230000] byte_map_base: 0x000000000422e000

Polling page: 0x00000000009f0000

Code Cache  [0x0000000004d50000, 0x0000000004fc0000, 0x0000000007d50000)
 total_blobs=769 nmethods=234 adapters=487 free_code_cache=48190Kb largest_free_block=49297408

Compilation events (10 events):
Event: 11.860 Thread 0x0000000004d3d000  231             java.awt.Rectangle::setBounds (10 bytes)
Event: 11.860 Thread 0x0000000004d3d000 nmethod 231 0x0000000004e31a10 code [0x0000000004e31b40, 0x0000000004e31bb8]
Event: 11.901 Thread 0x0000000004d41000  232             java.awt.Point::<init> (15 bytes)
Event: 11.902 Thread 0x0000000004d41000 nmethod 232 0x0000000004dc3650 code [0x0000000004dc3780, 0x0000000004dc37d8]
Event: 16.170 Thread 0x0000000004d3d000  233             java.lang.AbstractStringBuilder::ensureCapacityInternal (16 bytes)
Event: 16.172 Thread 0x0000000004d3d000 nmethod 233 0x0000000004e314d0 code [0x0000000004e31620, 0x0000000004e318b8]
Event: 18.082 Thread 0x0000000004d41000  234             sun.awt.AWTAutoShutdown::notifyToolkitThreadBusy (8 bytes)
Event: 18.082 Thread 0x0000000004d3d000  235             sun.awt.AWTAutoShutdown::notifyToolkitThreadFree (8 bytes)
Event: 18.082 Thread 0x0000000004d41000 nmethod 234 0x0000000004dc3350 code [0x0000000004dc34a0, 0x0000000004dc3508]
Event: 18.082 Thread 0x0000000004d3d000 nmethod 235 0x0000000004e31290 code [0x0000000004e313e0, 0x0000000004e31448]

GC Heap History (2 events):
Event: 11.205 GC heap before
{Heap before GC invocations=1 (full 0):
 PSYoungGen      total 38400K, used 33280K [0x00000007d5c80000, 0x00000007d8700000, 0x0000000800000000)
  eden space 33280K, 100% used [0x00000007d5c80000,0x00000007d7d00000,0x00000007d7d00000)
  from space 5120K, 0% used [0x00000007d8200000,0x00000007d8200000,0x00000007d8700000)
  to   space 5120K, 0% used [0x00000007d7d00000,0x00000007d7d00000,0x00000007d8200000)
 ParOldGen       total 86016K, used 0K [0x0000000781600000, 0x0000000786a00000, 0x00000007d5c80000)
  object space 86016K, 0% used [0x0000000781600000,0x0000000781600000,0x0000000786a00000)
 PSPermGen       total 21504K, used 14591K [0x000000077c400000, 0x000000077d900000, 0x0000000781600000)
  object space 21504K, 67% used [0x000000077c400000,0x000000077d23fe20,0x000000077d900000)
Event: 11.212 GC heap after
Heap after GC invocations=1 (full 0):
 PSYoungGen      total 38400K, used 5088K [0x00000007d5c80000, 0x00000007d8700000, 0x0000000800000000)
  eden space 33280K, 0% used [0x00000007d5c80000,0x00000007d5c80000,0x00000007d7d00000)
  from space 5120K, 99% used [0x00000007d7d00000,0x00000007d81f8268,0x00000007d8200000)
  to   space 5120K, 0% used [0x00000007d8200000,0x00000007d8200000,0x00000007d8700000)
 ParOldGen       total 86016K, used 7370K [0x0000000781600000, 0x0000000786a00000, 0x00000007d5c80000)
  object space 86016K, 8% used [0x0000000781600000,0x0000000781d32918,0x0000000786a00000)
 PSPermGen       total 21504K, used 14591K [0x000000077c400000, 0x000000077d900000, 0x0000000781600000)
  object space 21504K, 67% used [0x000000077c400000,0x000000077d23fe20,0x000000077d900000)
}

Deoptimization events (10 events):
Event: 6.455 Thread 0x000000000f6c2000 Uncommon trap: reason=bimorphic action=maybe_recompile pc=0x0000000004e06d94 method=javax.swing.plaf.nimbus.NimbusStyle.getExtendedState(Ljavax/swing/plaf/synth/SynthContext;Ljavax/swing/plaf/nimbus/NimbusStyle$Values;)I @ 219
Event: 8.319 Thread 0x000000000f6c2000 Uncommon trap: reason=unreached action=reinterpret pc=0x0000000004e1e1b4 method=sun.awt.SunToolkit.getContainingWindow(Ljava/awt/Component;)Ljava/awt/Window; @ 1
Event: 8.335 Thread 0x000000000f6c2000 Uncommon trap: reason=class_check action=maybe_recompile pc=0x0000000004e3b650 method=java.awt.EventDispatchThread.pumpOneEventForFilters(I)V @ 99
Event: 8.335 Thread 0x000000000f6c2000 Uncommon trap: reason=unreached action=reinterpret pc=0x0000000004e1a420 method=java.security.AccessController.getContext()Ljava/security/AccessControlContext; @ 5
Event: 8.335 Thread 0x000000000f6c2000 Uncommon trap: reason=class_check action=maybe_recompile pc=0x0000000004e3b650 method=java.awt.EventDispatchThread.pumpOneEventForFilters(I)V @ 99
Event: 8.340 Thread 0x000000000f6c2000 Uncommon trap: reason=class_check action=maybe_recompile pc=0x0000000004e3b650 method=java.awt.EventDispatchThread.pumpOneEventForFilters(I)V @ 99
Event: 8.341 Thread 0x000000000f6c2000 Uncommon trap: reason=class_check action=maybe_recompile pc=0x0000000004e3b650 method=java.awt.EventDispatchThread.pumpOneEventForFilters(I)V @ 99
Event: 8.342 Thread 0x000000000f6c2000 Uncommon trap: reason=unreached action=reinterpret pc=0x0000000004e29afc method=java.awt.EventQueue.eventToCacheIndex(Ljava/awt/AWTEvent;)I @ 60
Event: 9.365 Thread 0x000000000f6c2000 Uncommon trap: reason=unreached action=reinterpret pc=0x0000000004e11f3c method=java.awt.EventQueue.removeSourceEvents(Ljava/lang/Object;Z)V @ 51
Event: 16.170 Thread 0x000000000f6c2000 Uncommon trap: reason=range_check action=make_not_entrant pc=0x0000000004e31e38 method=java.util.Vector.elementData(I)Ljava/lang/Object; @ 5

Internal exceptions (10 events):
Event: 0.383 Thread 0x000000000f6c2000 Threw 0x00000007d63c97b0 at C:\re\jdk7u67\1368\hotspot\src\share\vm\prims\jvm.cpp:1244
Event: 0.385 Thread 0x000000000f6c2000 Threw 0x00000007d63dfd98 at C:\re\jdk7u67\1368\hotspot\src\share\vm\prims\jvm.cpp:1244
Event: 0.386 Thread 0x000000000f6c2000 Threw 0x00000007d63ea110 at C:\re\jdk7u67\1368\hotspot\src\share\vm\prims\jvm.cpp:1244
Event: 0.387 Thread 0x000000000f6c2000 Threw 0x00000007d63fca90 at C:\re\jdk7u67\1368\hotspot\src\share\vm\prims\jvm.cpp:1244
Event: 0.388 Thread 0x000000000f6c2000 Threw 0x00000007d6401b10 at C:\re\jdk7u67\1368\hotspot\src\share\vm\prims\jvm.cpp:1244
Event: 6.447 Thread 0x000000000f6c2000 Implicit null exception at 0x0000000004e26628 to 0x0000000004e26666
Event: 6.447 Thread 0x000000000f6c2000 Implicit null exception at 0x0000000004e1ace8 to 0x0000000004e1ad26
Event: 16.170 Thread 0x000000000f6c2000 Threw 0x00000007d5ccaf50 at C:\re\jdk7u67\1368\hotspot\src\share\vm\interpreter\interpreterRuntime.cpp:347
Event: 16.170 Thread 0x000000000f6c2000 Threw 0x00000007d5ccaf50 at C:\re\jdk7u67\1368\hotspot\src\share\vm\prims\jvm.cpp:1248
Event: 16.170 Thread 0x000000000f6c2000 Threw 0x00000007d5ccaf50 at C:\re\jdk7u67\1368\hotspot\src\share\vm\prims\jvm.cpp:1248

Events (10 events):
Event: 11.860 Thread 0x0000000004d3d000 flushing nmethod 0x0000000004dc3350
Event: 16.170 Thread 0x000000000f6c2000 Uncommon trap: trap_request=0xffffffe4 fr.pc=0x0000000004e31e38
Event: 16.170 Thread 0x000000000f6c2000 DEOPT PACKING pc=0x0000000004e31e38 sp=0x00000000110cd040
Event: 16.170 Thread 0x000000000f6c2000 DEOPT UNPACKING pc=0x0000000004d875a4 sp=0x00000000110ccf90 mode 2
Event: 16.170 loading class 0x0000000004ca0390
Event: 16.170 loading class 0x0000000004ca0390 done
Event: 16.170 loading class 0x0000000004caf2a0
Event: 16.170 loading class 0x0000000004caf510
Event: 16.170 loading class 0x0000000004caf510 done
Event: 16.170 loading class 0x0000000004caf2a0 done


Dynamic libraries:
0x00007ff795910000 - 0x00007ff795943000 	C:\Program Files\Java\jdk1.7.0_67\bin\java.exe
0x00007ffa29fc0000 - 0x00007ffa2a1a0000 	C:\WINDOWS\SYSTEM32\ntdll.dll
0x00007ffa29800000 - 0x00007ffa298ae000 	C:\WINDOWS\System32\KERNEL32.DLL
0x00007ffa26550000 - 0x00007ffa267b6000 	C:\WINDOWS\System32\KERNELBASE.dll
0x00007ffa29570000 - 0x00007ffa29611000 	C:\WINDOWS\System32\ADVAPI32.dll
0x00007ffa28cb0000 - 0x00007ffa28d4d000 	C:\WINDOWS\System32\msvcrt.dll
0x00007ffa29220000 - 0x00007ffa2927b000 	C:\WINDOWS\System32\sechost.dll
0x00007ffa298c0000 - 0x00007ffa299df000 	C:\WINDOWS\System32\RPCRT4.dll
0x00007ffa29090000 - 0x00007ffa2921f000 	C:\WINDOWS\System32\USER32.dll
0x00007ffa27470000 - 0x00007ffa27490000 	C:\WINDOWS\System32\win32u.dll
0x00007ffa296d0000 - 0x00007ffa296f8000 	C:\WINDOWS\System32\GDI32.dll
0x00007ffa267c0000 - 0x00007ffa26954000 	C:\WINDOWS\System32\gdi32full.dll
0x00007ffa269b0000 - 0x00007ffa26a4b000 	C:\WINDOWS\System32\msvcp_win.dll
0x00007ffa26c20000 - 0x00007ffa26d16000 	C:\WINDOWS\System32\ucrtbase.dll
0x00007ffa09a60000 - 0x00007ffa09cc9000 	C:\WINDOWS\WinSxS\amd64_microsoft.windows.common-controls_6595b64144ccf1df_6.0.16299.64_none_cc9304e22215ca8f\COMCTL32.dll
0x00007ffa28d80000 - 0x00007ffa29088000 	C:\WINDOWS\System32\combase.dll
0x00007ffa264d0000 - 0x00007ffa26542000 	C:\WINDOWS\System32\bcryptPrimitives.dll
0x00007ffa28d50000 - 0x00007ffa28d7d000 	C:\WINDOWS\System32\IMM32.DLL
0x0000000061070000 - 0x0000000061142000 	C:\Program Files\Java\jdk1.7.0_67\jre\bin\msvcr100.dll
0x000000005efa0000 - 0x000000005f772000 	C:\Program Files\Java\jdk1.7.0_67\jre\bin\server\jvm.dll
0x00007ffa29470000 - 0x00007ffa29478000 	C:\WINDOWS\System32\PSAPI.DLL
0x00007ffa18970000 - 0x00007ffa18979000 	C:\WINDOWS\SYSTEM32\WSOCK32.dll
0x00007ffa219b0000 - 0x00007ffa219d3000 	C:\WINDOWS\SYSTEM32\WINMM.dll
0x00007ffa29500000 - 0x00007ffa2956c000 	C:\WINDOWS\System32\WS2_32.dll
0x00007ffa21980000 - 0x00007ffa219aa000 	C:\WINDOWS\SYSTEM32\WINMMBASE.dll
0x00007ffa26960000 - 0x00007ffa269aa000 	C:\WINDOWS\System32\cfgmgr32.dll
0x0000000061060000 - 0x000000006106f000 	C:\Program Files\Java\jdk1.7.0_67\jre\bin\verify.dll
0x0000000061030000 - 0x0000000061058000 	C:\Program Files\Java\jdk1.7.0_67\jre\bin\java.dll
0x0000000061010000 - 0x0000000061025000 	C:\Program Files\Java\jdk1.7.0_67\jre\bin\zip.dll
0x000000005ee00000 - 0x000000005ef95000 	C:\Program Files\Java\jdk1.7.0_67\jre\bin\awt.dll
0x00007ffa28b80000 - 0x00007ffa28c45000 	C:\WINDOWS\System32\OLEAUT32.dll
0x00007ffa245f0000 - 0x00007ffa24677000 	C:\WINDOWS\SYSTEM32\apphelp.dll
0x00007ffa247d0000 - 0x00007ffa24865000 	C:\WINDOWS\system32\uxtheme.dll
0x00007ffa29300000 - 0x00007ffa29467000 	C:\WINDOWS\System32\MSCTF.dll
0x00007ffa24ae0000 - 0x00007ffa24b0a000 	C:\WINDOWS\system32\dwmapi.dll
0x00007ffa299e0000 - 0x00007ffa29b29000 	C:\WINDOWS\System32\ole32.dll
0x00007ffa26380000 - 0x00007ffa26391000 	C:\WINDOWS\System32\kernel.appcore.dll
0x00007ffa27740000 - 0x00007ffa28b77000 	C:\WINDOWS\System32\SHELL32.dll
0x00007ffa29620000 - 0x00007ffa296c6000 	C:\WINDOWS\System32\shcore.dll
0x00007ffa26d20000 - 0x00007ffa27467000 	C:\WINDOWS\System32\windows.storage.dll
0x00007ffa29280000 - 0x00007ffa292d1000 	C:\WINDOWS\System32\shlwapi.dll
0x00007ffa26330000 - 0x00007ffa2637c000 	C:\WINDOWS\System32\powrprof.dll
0x00007ffa263a0000 - 0x00007ffa263bb000 	C:\WINDOWS\System32\profapi.dll
0x0000000060fc0000 - 0x0000000061007000 	C:\Program Files\Java\jdk1.7.0_67\jre\bin\fontmanager.dll
0x0000000060fa0000 - 0x0000000060fb9000 	C:\Program Files\Java\jdk1.7.0_67\jre\bin\net.dll
0x00007ffa25ba0000 - 0x00007ffa25c06000 	C:\WINDOWS\system32\mswsock.dll
0x000000005ede0000 - 0x000000005edf1000 	C:\Program Files\Java\jdk1.7.0_67\jre\bin\nio.dll
0x000000005ed90000 - 0x000000005edd1000 	C:\Program Files\Java\jdk1.7.0_67\jre\bin\t2k.dll
0x00007ffa29700000 - 0x00007ffa2979e000 	C:\WINDOWS\System32\clbcatq.dll
0x00007ffa21200000 - 0x00007ffa213ab000 	C:\WINDOWS\SYSTEM32\WindowsCodecs.dll
0x00007ffa201b0000 - 0x00007ffa201ff000 	C:\WINDOWS\system32\dataexchange.dll
0x00007ffa22fb0000 - 0x00007ffa23292000 	C:\WINDOWS\system32\d3d11.dll
0x00007ffa23c40000 - 0x00007ffa23d82000 	C:\WINDOWS\system32\dcomp.dll
0x00007ffa25180000 - 0x00007ffa2522f000 	C:\WINDOWS\system32\dxgi.dll
0x00007ffa24bd0000 - 0x00007ffa24d4b000 	C:\WINDOWS\system32\twinapi.appcore.dll
0x00007ffa24d50000 - 0x00007ffa24d70000 	C:\WINDOWS\system32\RMCLIENT.dll
0x00007ffa25e70000 - 0x00007ffa25e95000 	C:\WINDOWS\system32\bcrypt.dll
0x000000005ed70000 - 0x000000005ed83000 	C:\Program Files\Java\jdk1.7.0_67\jre\bin\JdbcOdbc.dll
0x00007ffa09cd0000 - 0x00007ffa09d85000 	C:\WINDOWS\SYSTEM32\ODBC32.dll
0x00007ffa26a50000 - 0x00007ffa26c1e000 	C:\WINDOWS\System32\CRYPT32.dll
0x00007ffa26310000 - 0x00007ffa26322000 	C:\WINDOWS\System32\MSASN1.dll
0x00007ffa257f0000 - 0x00007ffa257fa000 	C:\WINDOWS\SYSTEM32\DPAPI.DLL
0x00007ffa00dd0000 - 0x00007ffa00de6000 	C:\WINDOWS\SYSTEM32\VCRUNTIME140.dll
0x00007ff9feaa0000 - 0x00007ff9feda6000 	C:\Program Files\Common Files\Microsoft Shared\Office16\mso20win32client.dll
0x00007ff9fedb0000 - 0x00007ff9fee4c000 	C:\WINDOWS\SYSTEM32\MSVCP140.dll
0x00007ff9e4410000 - 0x00007ff9e489c000 	C:\Program Files\Common Files\Microsoft Shared\Office16\mso30win32client.dll
0x00007ff9e3580000 - 0x00007ff9e3e6d000 	C:\Program Files\Common Files\Microsoft Shared\Office16\mso40uiwin32client.dll
0x00007ffa1e0b0000 - 0x00007ffa1e24c000 	C:\WINDOWS\WinSxS\amd64_microsoft.windows.gdiplus_6595b64144ccf1df_1.1.16299.64_none_4c5a740035ade6b7\gdiplus.dll
0x00007ff9e2490000 - 0x00007ff9e2c5c000 	C:\Program Files\Common Files\Microsoft Shared\Office16\mso99Lwin32client.dll
0x00007ffa1e300000 - 0x00007ffa1e307000 	C:\WINDOWS\SYSTEM32\MSIMG32.dll
0x00007ffa219e0000 - 0x00007ffa21a07000 	C:\WINDOWS\SYSTEM32\SLC.dll
0x00007ffa21950000 - 0x00007ffa21976000 	C:\WINDOWS\SYSTEM32\sppc.dll
0x00007ff9cec30000 - 0x00007ff9cff1f000 	C:\Program Files\Common Files\Microsoft Shared\Office16\mso.dll
0x00007ff9f1e80000 - 0x00007ff9f2265000 	C:\WINDOWS\SYSTEM32\msi.dll
0x00007ff9e8790000 - 0x00007ff9e87b8000 	C:\WINDOWS\SYSTEM32\srpapi.dll
0x00007ffa23570000 - 0x00007ffa23b28000 	C:\WINDOWS\SYSTEM32\d2d1.dll
0x00007ffa21b80000 - 0x00007ffa21b93000 	C:\WINDOWS\SYSTEM32\WTSAPI32.dll
0x00007ffa254c0000 - 0x00007ffa25515000 	C:\WINDOWS\SYSTEM32\WINSTA.dll
0x00007ffa20b10000 - 0x00007ffa20b1e000 	C:\Program Files\Common Files\Microsoft Shared\OFFICE16\ACEERR.DLL
0x00007ff9e3280000 - 0x00007ff9e34cb000 	C:\Program Files\Common Files\Microsoft Shared\OFFICE16\ACECORE.DLL
0x00007ffa26210000 - 0x00007ffa26240000 	C:\WINDOWS\SYSTEM32\SspiCli.dll
0x00007ffa06450000 - 0x00007ffa0675f000 	C:\WINDOWS\SYSTEM32\DWrite.dll
0x00007ffa1ac60000 - 0x00007ffa1ac91000 	C:\WINDOWS\SYSTEM32\d3d10_1.dll
0x00007ffa158e0000 - 0x00007ffa1593c000 	C:\WINDOWS\SYSTEM32\d3d10_1core.dll
0x00007ff9d5ab0000 - 0x00007ff9d621c000 	C:\WINDOWS\SYSTEM32\D3D10Warp.dll
0x00007ffa26240000 - 0x00007ffa26269000 	C:\WINDOWS\SYSTEM32\USERENV.dll
0x00007ffa25e40000 - 0x00007ffa25e66000 	C:\WINDOWS\SYSTEM32\ncrypt.dll
0x00007ffa25e00000 - 0x00007ffa25e36000 	C:\WINDOWS\SYSTEM32\NTASN1.dll
0x00007ffa1e820000 - 0x00007ffa1e83c000 	C:\WINDOWS\SYSTEM32\davclnt.dll
0x00007ffa1e9b0000 - 0x00007ffa1e9bc000 	C:\WINDOWS\SYSTEM32\DAVHLPR.dll
0x00007ff9f2c40000 - 0x00007ff9f2d15000 	C:\Program Files\Common Files\Microsoft Shared\OFFICE16\1033\ACEWSTR.DLL
0x00007ff9ed140000 - 0x00007ff9ed213000 	C:\Program Files\Common Files\Microsoft Shared\OFFICE16\ACEES.DLL
0x00007ffa20260000 - 0x00007ffa20268000 	C:\Program Files\Common Files\Microsoft Shared\OFFICE16\VBAJET32.DLL
0x00007ff9ed6e0000 - 0x00007ff9ed75a000 	C:\Program Files\Common Files\Microsoft Shared\OFFICE16\expsrv.dll
0x00007ffa1cec0000 - 0x00007ffa1cf58000 	C:\WINDOWS\System32\TextInputFramework.dll
0x00007ffa20bc0000 - 0x00007ffa20eae000 	C:\WINDOWS\System32\CoreUIComponents.dll
0x00007ffa23b40000 - 0x00007ffa23c1d000 	C:\WINDOWS\System32\CoreMessaging.dll
0x00007ffa25450000 - 0x00007ffa25481000 	C:\WINDOWS\SYSTEM32\ntmarta.dll
0x00007ffa22380000 - 0x00007ffa224b6000 	C:\WINDOWS\SYSTEM32\wintypes.dll
0x000000005ed40000 - 0x000000005ed6a000 	C:\Program Files\Java\jdk1.7.0_67\jre\bin\dcpr.dll
0x00007ffa22710000 - 0x00007ffa2274a000 	C:\WINDOWS\System32\netprofm.dll
0x00007ffa1e030000 - 0x00007ffa1e03e000 	C:\WINDOWS\System32\npmproxy.dll
0x00007ff9fe4a0000 - 0x00007ff9fe5ec000 	C:\WINDOWS\SYSTEM32\webservices.dll
0x00007ffa1a770000 - 0x00007ffa1a77c000 	C:\WINDOWS\SYSTEM32\Secur32.dll
0x00007ffa298b0000 - 0x00007ffa298b8000 	C:\WINDOWS\System32\Normaliz.dll
0x00007ffa22ed0000 - 0x00007ffa22fae000 	C:\WINDOWS\SYSTEM32\WINHTTP.dll
0x00007ffa25930000 - 0x00007ffa25969000 	C:\WINDOWS\SYSTEM32\IPHLPAPI.DLL
0x00007ffa29b30000 - 0x00007ffa29b38000 	C:\WINDOWS\System32\NSI.dll
0x00007ffa1ed20000 - 0x00007ffa1ed36000 	C:\WINDOWS\SYSTEM32\dhcpcsvc6.DLL
0x00007ffa1ed00000 - 0x00007ffa1ed1a000 	C:\WINDOWS\SYSTEM32\dhcpcsvc.DLL
0x00007ffa153f0000 - 0x00007ffa155bc000 	C:\WINDOWS\SYSTEM32\urlmon.dll
0x00007ffa292e0000 - 0x00007ffa292fd000 	C:\WINDOWS\System32\imagehlp.dll
0x00007ffa14eb0000 - 0x00007ffa15149000 	C:\WINDOWS\SYSTEM32\iertutil.dll
0x00007ffa25d80000 - 0x00007ffa25d8b000 	C:\WINDOWS\SYSTEM32\CRYPTBASE.DLL
0x00007ffa092e0000 - 0x00007ffa0934f000 	C:\WINDOWS\SYSTEM32\msiso.dll
0x00007ffa17760000 - 0x00007ffa17a94000 	C:\WINDOWS\SYSTEM32\WININET.dll
0x00007ffa1fd00000 - 0x00007ffa1fd15000 	C:\WINDOWS\SYSTEM32\ondemandconnroutehelper.dll
0x00007ffa1fe60000 - 0x00007ffa1fe6b000 	C:\WINDOWS\SYSTEM32\WINNSI.DLL
0x00007ffa18760000 - 0x00007ffa187f5000 	C:\WINDOWS\SYSTEM32\webio.dll
0x00007ffa25970000 - 0x00007ffa25a26000 	C:\WINDOWS\SYSTEM32\DNSAPI.dll
0x00007ffa1c880000 - 0x00007ffa1c88a000 	C:\Windows\System32\rasadhlp.dll
0x00007ffa1eea0000 - 0x00007ffa1ef10000 	C:\WINDOWS\System32\fwpuclnt.dll
0x00007ffa256f0000 - 0x00007ffa2576a000 	C:\WINDOWS\system32\schannel.DLL
0x00007ffa19b60000 - 0x00007ffa19b74000 	C:\WINDOWS\SYSTEM32\mskeyprotect.dll
0x00007ffa05520000 - 0x00007ffa05541000 	C:\WINDOWS\system32\ncryptsslp.dll
0x00007ff9eebf0000 - 0x00007ff9eec45000 	C:\Program Files\COMMON~1\MICROS~1\OFFICE16\ACEODBC.DLL
0x00007ffa27630000 - 0x00007ffa2773a000 	C:\WINDOWS\System32\COMDLG32.dll
0x00007ffa143c0000 - 0x00007ffa14588000 	C:\WINDOWS\SYSTEM32\dbghelp.dll

VM Arguments:
jvm_args: -Dfile.encoding=UTF-8 
java_command: Project.Return_book
Launcher Type: SUN_STANDARD

Environment Variables:
PATH=
[error occurred during error reporting (printing environment variables), id 0xc0000005]



---------------  S Y S T E M  ---------------

OS: Windows 8.1 , 64 bit Build 9600 

CPU:total 8 (4 cores per cpu, 2 threads per core) family 6 model 94 stepping 3, cmov, cx8, fxsr, mmx, sse, sse2, sse3, ssse3, sse4.1, sse4.2, popcnt, avx, avx2, aes, erms, ht, tsc, tscinvbit

Memory: 4k page, physical 8298012k(3655680k free), swap 11649304k(4800092k free)

vm_info: Java HotSpot(TM) 64-Bit Server VM (24.65-b04) for windows-amd64 JRE (1.7.0_67-b01), built on Jul 25 2014 08:55:00 by "java_re" with unknown MS VC++:1600

time: Sat Dec 16 03:56:11 2017
elapsed time: 18 seconds

