#
# A fatal error has been detected by the Java Runtime Environment:
#
#  EXCEPTION_ACCESS_VIOLATION (0xc0000005) at pc=0x00007ff9d9802729, pid=13212, tid=2064
#
# JRE version: Java(TM) SE Runtime Environment (7.0_67-b01) (build 1.7.0_67-b01)
# Java VM: Java HotSpot(TM) 64-Bit Server VM (24.65-b04 mixed mode windows-amd64 compressed oops)
# Problematic frame:
# C  [mso40uiwin32client.dll+0x362729]
#
# Failed to write core dump. Minidumps are not enabled by default on client versions of Windows
#
# If you would like to submit a bug report, please visit:
#   http://bugreport.sun.com/bugreport/crash.jsp
# The crash happened outside the Java Virtual Machine in native code.
# See problematic frame for where to report the bug.
#

---------------  T H R E A D  ---------------

Current thread (0x000000000ef9c000):  JavaThread "AWT-EventQueue-0" [_thread_in_native, id=2064, stack(0x0000000010910000,0x0000000010a10000)]

siginfo: ExceptionCode=0xc0000005, writing address 0x0000000000000000

Registers:
RAX=0x00007ff9d980271c, RBX=0x0000000010a08cc0, RCX=0x00007ff9d980271c, RDX=0x0000000010a08ef0
RSP=0x0000000010a06800, RBP=0x0000000010a08ef0, RSI=0x0000000010a068c0, RDI=0x0000000010a07570
R8 =0x0000000000000100, R9 =0x0000000019930520, R10=0x00008966f493c133, R11=0x0000000010a06b10
R12=0x0000000010a07b88, R13=0x00007ff9d980271c, R14=0x0000000000000000, R15=0x0000000000000000
RIP=0x00007ff9d9802729, EFLAGS=0x0000000000010206

Top of Stack: (sp=0x0000000010a06800)
0x0000000010a06800:   0000000000000000 0000000010a06e10
0x0000000010a06810:   00009c31faae577a 006b0009004e0049
0x0000000010a06820:   0000000010a06e10 00007ffa00ddc2e0
0x0000000010a06830:   00007ff9d980271c 0000000010a08ef0
0x0000000010a06840:   0000000010a08ef0 00650044002d0073
0x0000000010a06850:   0000000010a08cc0 00007ffa00dd2a23
0x0000000010a06860:   00007ff9d980271c 0000000010a07b88
0x0000000010a06870:   0061007200000100 00510049002d0062
0x0000000010a06880:   0009007900000000 0000000000000000
0x0000000010a06890:   0000000000000000 00007ff9d9b2f0a8
0x0000000010a068a0:   0000000010a068c0 0000000000000000
0x0000000010a068b0:   0000000010a07b88 0000000010a05900
0x0000000010a068c0:   0000000010a08e88 0000000000000000
0x0000000010a068d0:   0000000010a08ef0 0000000010a07570
0x0000000010a068e0:   0000000010a07020 00007ff9d94a0000
0x0000000010a068f0:   0000000010a06de0 0000000010a07ae0 

Instructions: (pc=0x00007ff9d9802729)
0x00007ff9d9802709:   f3 68 e7 ff 90 90 90 48 8d 4a 50 e9 e7 68 e7 ff
0x00007ff9d9802719:   90 90 90 48 89 54 24 10 55 48 83 ec 20 48 8b ea
0x00007ff9d9802729:   c7 04 25 00 00 00 00 01 00 00 00 33 c9 cd 29 48
0x00007ff9d9802739:   8d 4a 58 e9 bf 68 e7 ff 90 90 90 48 8d 4a 58 e9 


Register to memory mapping:

RAX=0x00007ff9d980271c is an unknown value
RBX=0x0000000010a08cc0 is pointing into the stack for thread: 0x000000000ef9c000
RCX=0x00007ff9d980271c is an unknown value
RDX=0x0000000010a08ef0 is pointing into the stack for thread: 0x000000000ef9c000
RSP=0x0000000010a06800 is pointing into the stack for thread: 0x000000000ef9c000
RBP=0x0000000010a08ef0 is pointing into the stack for thread: 0x000000000ef9c000
RSI=0x0000000010a068c0 is pointing into the stack for thread: 0x000000000ef9c000
RDI=0x0000000010a07570 is pointing into the stack for thread: 0x000000000ef9c000
R8 =0x0000000000000100 is an unknown value
R9 =0x0000000019930520 is an unknown value
R10=0x00008966f493c133 is an unknown value
R11=0x0000000010a06b10 is pointing into the stack for thread: 0x000000000ef9c000
R12=0x0000000010a07b88 is pointing into the stack for thread: 0x000000000ef9c000
R13=0x00007ff9d980271c is an unknown value
R14=0x0000000000000000 is an unknown value
R15=0x0000000000000000 is an unknown value


Stack: [0x0000000010910000,0x0000000010a10000],  sp=0x0000000010a06800,  free space=986k
Native frames: (J=compiled Java code, j=interpreted, Vv=VM code, C=native code)
C  [mso40uiwin32client.dll+0x362729]
C  [mso40uiwin32client.dll+0x6d7d08]

Java frames: (J=compiled Java code, j=interpreted, Vv=VM code)
j  sun.jdbc.odbc.JdbcOdbc.driverConnect(J[B[B)V+0
j  sun.jdbc.odbc.JdbcOdbc.SQLDriverConnect(JLjava/lang/String;)V+93
j  sun.jdbc.odbc.JdbcOdbcConnection.initialize(Ljava/lang/String;Ljava/util/Properties;I)V+984
j  sun.jdbc.odbc.JdbcOdbcDriver.connect(Ljava/lang/String;Ljava/util/Properties;)Ljava/sql/Connection;+129
j  java.sql.DriverManager.getConnection(Ljava/lang/String;Ljava/util/Properties;Ljava/lang/Class;)Ljava/sql/Connection;+172
j  java.sql.DriverManager.getConnection(Ljava/lang/String;)Ljava/sql/Connection;+13
j  Project.Project_Book.connectDB()Ljava/sql/Connection;+8
j  Project.TB_book.udpateRecord()V+149
j  Project.TB_book.jEditActionPerformed(Ljava/awt/event/ActionEvent;)V+1
j  Project.TB_book.access$400(LProject/TB_book;Ljava/awt/event/ActionEvent;)V+2
j  Project.TB_book$5.actionPerformed(Ljava/awt/event/ActionEvent;)V+5
j  javax.swing.AbstractButton.fireActionPerformed(Ljava/awt/event/ActionEvent;)V+84
j  javax.swing.AbstractButton$Handler.actionPerformed(Ljava/awt/event/ActionEvent;)V+5
j  javax.swing.DefaultButtonModel.fireActionPerformed(Ljava/awt/event/ActionEvent;)V+35
j  javax.swing.DefaultButtonModel.setPressed(Z)V+117
j  javax.swing.plaf.basic.BasicButtonListener.mouseReleased(Ljava/awt/event/MouseEvent;)V+35
j  java.awt.AWTEventMulticaster.mouseReleased(Ljava/awt/event/MouseEvent;)V+8
j  java.awt.Component.processMouseEvent(Ljava/awt/event/MouseEvent;)V+64
j  javax.swing.JComponent.processMouseEvent(Ljava/awt/event/MouseEvent;)V+23
j  java.awt.Component.processEvent(Ljava/awt/AWTEvent;)V+81
j  java.awt.Container.processEvent(Ljava/awt/AWTEvent;)V+18
j  java.awt.Component.dispatchEventImpl(Ljava/awt/AWTEvent;)V+581
j  java.awt.Container.dispatchEventImpl(Ljava/awt/AWTEvent;)V+42
J 152 C2 java.awt.LightweightDispatcher.retargetMouseEvent(Ljava/awt/Component;ILjava/awt/event/MouseEvent;)V (350 bytes) @ 0x0000000004716764 [0x00000000047162a0+0x4c4]
j  java.awt.LightweightDispatcher.processMouseEvent(Ljava/awt/event/MouseEvent;)Z+139
j  java.awt.LightweightDispatcher.dispatchEvent(Ljava/awt/AWTEvent;)Z+50
j  java.awt.Container.dispatchEventImpl(Ljava/awt/AWTEvent;)V+12
j  java.awt.Window.dispatchEventImpl(Ljava/awt/AWTEvent;)V+19
J 231 C2 java.awt.EventQueue$3.run()Ljava/lang/Object; (5 bytes) @ 0x00000000047349a4 [0x0000000004734780+0x224]
v  ~StubRoutines::call_stub
J 140  java.security.AccessController.doPrivileged(Ljava/security/PrivilegedAction;Ljava/security/AccessControlContext;)Ljava/lang/Object; (0 bytes) @ 0x0000000004707406 [0x00000000047073a0+0x66]
J 156 C2 java.security.ProtectionDomain$1.doIntersectionPrivilege(Ljava/security/PrivilegedAction;Ljava/security/AccessControlContext;Ljava/security/AccessControlContext;)Ljava/lang/Object; (32 bytes) @ 0x00000000046fcc08 [0x00000000046fcb40+0xc8]
j  java.security.ProtectionDomain$1.doIntersectionPrivilege(Ljava/security/PrivilegedAction;Ljava/security/AccessControlContext;)Ljava/lang/Object;+6
j  java.awt.EventQueue$4.run()Ljava/lang/Void;+11
j  java.awt.EventQueue$4.run()Ljava/lang/Object;+1
v  ~StubRoutines::call_stub
J 140  java.security.AccessController.doPrivileged(Ljava/security/PrivilegedAction;Ljava/security/AccessControlContext;)Ljava/lang/Object; (0 bytes) @ 0x0000000004707406 [0x00000000047073a0+0x66]
J 228 C2 java.awt.EventDispatchThread.pumpOneEventForFilters(I)V (295 bytes) @ 0x000000000473b99c [0x000000000473aae0+0xebc]
j  java.awt.EventDispatchThread.pumpEventsForFilter(ILjava/awt/Conditional;Ljava/awt/EventFilter;)V+35
j  java.awt.EventDispatchThread.pumpEventsForHierarchy(ILjava/awt/Conditional;Ljava/awt/Component;)V+11
j  java.awt.EventDispatchThread.pumpEvents(ILjava/awt/Conditional;)V+4
j  java.awt.EventDispatchThread.pumpEvents(Ljava/awt/Conditional;)V+3
j  java.awt.EventDispatchThread.run()V+9
v  ~StubRoutines::call_stub

---------------  P R O C E S S  ---------------

Java Threads: ( => current thread )
  0x000000000f140800 JavaThread "TimerQueue" daemon [_thread_blocked, id=11296, stack(0x0000000024250000,0x0000000024350000)]
  0x000000000f16d000 JavaThread "Abandoned connection cleanup thread" daemon [_thread_blocked, id=3580, stack(0x0000000011320000,0x0000000011420000)]
  0x0000000004540800 JavaThread "DestroyJavaVM" [_thread_blocked, id=11236, stack(0x0000000004440000,0x0000000004540000)]
=>0x000000000ef9c000 JavaThread "AWT-EventQueue-0" [_thread_in_native, id=2064, stack(0x0000000010910000,0x0000000010a10000)]
  0x000000000ef15800 JavaThread "AWT-Windows" daemon [_thread_in_native, id=11156, stack(0x000000000fda0000,0x000000000fea0000)]
  0x000000000ef14800 JavaThread "AWT-Shutdown" [_thread_blocked, id=12680, stack(0x000000000fca0000,0x000000000fda0000)]
  0x000000000edf8000 JavaThread "Java2D Disposer" daemon [_thread_blocked, id=3028, stack(0x000000000fba0000,0x000000000fca0000)]
  0x0000000004632000 JavaThread "Service Thread" daemon [_thread_blocked, id=4144, stack(0x000000000f5b0000,0x000000000f6b0000)]
  0x0000000004631000 JavaThread "C2 CompilerThread1" daemon [_thread_blocked, id=6488, stack(0x000000000f4b0000,0x000000000f5b0000)]
  0x000000000462d000 JavaThread "C2 CompilerThread0" daemon [_thread_blocked, id=9508, stack(0x000000000f3b0000,0x000000000f4b0000)]
  0x000000000462c000 JavaThread "Attach Listener" daemon [_thread_blocked, id=1692, stack(0x000000000f2b0000,0x000000000f3b0000)]
  0x000000000edd1800 JavaThread "Signal Dispatcher" daemon [_thread_blocked, id=8284, stack(0x000000000f1b0000,0x000000000f2b0000)]
  0x000000000cdc0000 JavaThread "Finalizer" daemon [_thread_blocked, id=5456, stack(0x000000000ec90000,0x000000000ed90000)]
  0x000000000cdb9800 JavaThread "Reference Handler" daemon [_thread_blocked, id=12976, stack(0x000000000eb90000,0x000000000ec90000)]

Other Threads:
  0x000000000cdb5000 VMThread [stack: 0x000000000ea90000,0x000000000eb90000] [id=10964]
  0x0000000004639800 WatcherThread [stack: 0x000000000f6b0000,0x000000000f7b0000] [id=4132]

VM state:not at safepoint (normal execution)

VM Mutex/Monitor currently owned by a thread: None

Heap
 PSYoungGen      total 38400K, used 13258K [0x00000007d5c80000, 0x00000007d8700000, 0x0000000800000000)
  eden space 33280K, 24% used [0x00000007d5c80000,0x00000007d64778a0,0x00000007d7d00000)
  from space 5120K, 99% used [0x00000007d7d00000,0x00000007d81fb048,0x00000007d8200000)
  to   space 5120K, 0% used [0x00000007d8200000,0x00000007d8200000,0x00000007d8700000)
 ParOldGen       total 86016K, used 5073K [0x0000000781600000, 0x0000000786a00000, 0x00000007d5c80000)
  object space 86016K, 5% used [0x0000000781600000,0x0000000781af47c0,0x0000000786a00000)
 PSPermGen       total 21504K, used 13452K [0x000000077c400000, 0x000000077d900000, 0x0000000781600000)
  object space 21504K, 62% used [0x000000077c400000,0x000000077d1231e8,0x000000077d900000)

Card table byte_map: [0x0000000007700000,0x0000000007b20000] byte_map_base: 0x0000000003b1e000

Polling page: 0x0000000002b90000

Code Cache  [0x0000000004640000, 0x00000000048b0000, 0x0000000007640000)
 total_blobs=734 nmethods=228 adapters=458 free_code_cache=48152Kb largest_free_block=49252928

Compilation events (10 events):
Event: 36.852 Thread 0x000000000462d000  237   !         sun.java2d.pipe.DrawImage::renderImageXform (773 bytes)
Event: 36.878 Thread 0x000000000462d000 nmethod 237 0x0000000004744050 code [0x0000000004744380, 0x0000000004745800]
Event: 36.969 Thread 0x0000000004631000  238             java.awt.Component::getFont_NoClientCode (29 bytes)
Event: 36.970 Thread 0x0000000004631000 nmethod 238 0x0000000004734290 code [0x00000000047343e0, 0x00000000047344a8]
Event: 37.867 Thread 0x000000000462d000  239             java.awt.Component::getLocationOnScreen_NoTreeLock (104 bytes)
Event: 37.871 Thread 0x000000000462d000 nmethod 239 0x00000000046e66d0 code [0x00000000046e6860, 0x00000000046e6b78]
Event: 38.569 Thread 0x0000000004631000  240 %           java.awt.EventDispatchThread::pumpEventsForFilter @ 10 (47 bytes)
Event: 38.572 Thread 0x0000000004631000 nmethod 240% 0x00000000046e2950 code [0x00000000046e2b00, 0x00000000046e2f20]
Event: 38.844 Thread 0x000000000462d000  241             java.awt.geom.Point2D$Float::<init> (5 bytes)
Event: 38.844 Thread 0x000000000462d000 nmethod 241 0x00000000046e1ad0 code [0x00000000046e1c00, 0x00000000046e1c58]

GC Heap History (2 events):
Event: 30.017 GC heap before
{Heap before GC invocations=1 (full 0):
 PSYoungGen      total 38400K, used 33280K [0x00000007d5c80000, 0x00000007d8700000, 0x0000000800000000)
  eden space 33280K, 100% used [0x00000007d5c80000,0x00000007d7d00000,0x00000007d7d00000)
  from space 5120K, 0% used [0x00000007d8200000,0x00000007d8200000,0x00000007d8700000)
  to   space 5120K, 0% used [0x00000007d7d00000,0x00000007d7d00000,0x00000007d8200000)
 ParOldGen       total 86016K, used 0K [0x0000000781600000, 0x0000000786a00000, 0x00000007d5c80000)
  object space 86016K, 0% used [0x0000000781600000,0x0000000781600000,0x0000000786a00000)
 PSPermGen       total 21504K, used 13422K [0x000000077c400000, 0x000000077d900000, 0x0000000781600000)
  object space 21504K, 62% used [0x000000077c400000,0x000000077d11b9c8,0x000000077d900000)
Event: 30.023 GC heap after
Heap after GC invocations=1 (full 0):
 PSYoungGen      total 38400K, used 5100K [0x00000007d5c80000, 0x00000007d8700000, 0x0000000800000000)
  eden space 33280K, 0% used [0x00000007d5c80000,0x00000007d5c80000,0x00000007d7d00000)
  from space 5120K, 99% used [0x00000007d7d00000,0x00000007d81fb048,0x00000007d8200000)
  to   space 5120K, 0% used [0x00000007d8200000,0x00000007d8200000,0x00000007d8700000)
 ParOldGen       total 86016K, used 5073K [0x0000000781600000, 0x0000000786a00000, 0x00000007d5c80000)
  object space 86016K, 5% used [0x0000000781600000,0x0000000781af47c0,0x0000000786a00000)
 PSPermGen       total 21504K, used 13422K [0x000000077c400000, 0x000000077d900000, 0x0000000781600000)
  object space 21504K, 62% used [0x000000077c400000,0x000000077d11b9c8,0x000000077d900000)
}

Deoptimization events (6 events):
Event: 0.274 Thread 0x000000000ef9c000 Uncommon trap: reason=class_check action=maybe_recompile pc=0x00000000046b343c method=java.lang.String.equals(Ljava/lang/Object;)Z @ 8
Event: 0.275 Thread 0x000000000ef9c000 Uncommon trap: reason=class_check action=maybe_recompile pc=0x00000000046b343c method=java.lang.String.equals(Ljava/lang/Object;)Z @ 8
Event: 0.276 Thread 0x000000000ef9c000 Uncommon trap: reason=class_check action=maybe_recompile pc=0x00000000046b343c method=java.lang.String.equals(Ljava/lang/Object;)Z @ 8
Event: 0.284 Thread 0x000000000ef9c000 Uncommon trap: reason=class_check action=maybe_recompile pc=0x00000000046b343c method=java.lang.String.equals(Ljava/lang/Object;)Z @ 8
Event: 13.470 Thread 0x000000000ef9c000 Uncommon trap: reason=unreached action=reinterpret pc=0x00000000046e65cc method=java.awt.EventQueue.noEvents()Z @ 16
Event: 21.894 Thread 0x000000000ef9c000 Uncommon trap: reason=unreached action=reinterpret pc=0x000000000470bb50 method=java.util.concurrent.locks.AbstractQueuedSynchronizer.isOnSyncQueue(Ljava/util/concurrent/locks/AbstractQueuedSynchronizer$Node;)Z @ 22

Internal exceptions (10 events):
Event: 0.222 Thread 0x000000000ef9c000 Threw 0x00000007d61bbfe8 at C:\re\jdk7u67\1368\hotspot\src\share\vm\prims\jvm.cpp:1244
Event: 0.239 Thread 0x000000000ef9c000 Threw 0x00000007d61e14c0 at C:\re\jdk7u67\1368\hotspot\src\share\vm\prims\jvm.cpp:1244
Event: 0.240 Thread 0x000000000ef9c000 Threw 0x00000007d61e16e8 at C:\re\jdk7u67\1368\hotspot\src\share\vm\prims\jvm.cpp:1244
Event: 0.240 Thread 0x000000000ef9c000 Threw 0x00000007d61e5560 at C:\re\jdk7u67\1368\hotspot\src\share\vm\prims\jvm.cpp:1244
Event: 0.240 Thread 0x000000000ef9c000 Threw 0x00000007d61e5788 at C:\re\jdk7u67\1368\hotspot\src\share\vm\prims\jvm.cpp:1244
Event: 0.298 Thread 0x000000000ef9c000 Threw 0x00000007d6265888 at C:\re\jdk7u67\1368\hotspot\src\share\vm\prims\jvm.cpp:1244
Event: 0.300 Thread 0x000000000ef9c000 Threw 0x00000007d627c020 at C:\re\jdk7u67\1368\hotspot\src\share\vm\prims\jvm.cpp:1244
Event: 0.301 Thread 0x000000000ef9c000 Threw 0x00000007d6286bb8 at C:\re\jdk7u67\1368\hotspot\src\share\vm\prims\jvm.cpp:1244
Event: 0.303 Thread 0x000000000ef9c000 Threw 0x00000007d6299568 at C:\re\jdk7u67\1368\hotspot\src\share\vm\prims\jvm.cpp:1244
Event: 0.304 Thread 0x000000000ef9c000 Threw 0x00000007d629e5e8 at C:\re\jdk7u67\1368\hotspot\src\share\vm\prims\jvm.cpp:1244

Events (10 events):
Event: 36.544 Thread 0x000000000462d000 flushing nmethod 0x00000000046d7990
Event: 36.878 Thread 0x000000000462d000 flushing nmethod 0x00000000046dead0
Event: 36.878 Thread 0x000000000462d000 flushing nmethod 0x00000000046e1ad0
Event: 36.970 Thread 0x0000000004631000 flushing nmethod 0x00000000046e1ed0
Event: 36.970 Thread 0x0000000004631000 flushing nmethod 0x00000000046e5910
Event: 36.970 Thread 0x0000000004631000 flushing nmethod 0x00000000046e5b10
Event: 36.970 Thread 0x0000000004631000 flushing nmethod 0x00000000046e66d0
Event: 36.970 Thread 0x0000000004631000 flushing nmethod 0x00000000046e6a10
Event: 38.572 Thread 0x0000000004631000 flushing nmethod 0x00000000046ef350
Event: 38.572 Thread 0x0000000004631000 flushing nmethod 0x00000000046f5750


Dynamic libraries:
0x00007ff765900000 - 0x00007ff765933000 	C:\Program Files\Java\jdk1.7.0_67\bin\java.exe
0x00007ffa29fc0000 - 0x00007ffa2a1a0000 	C:\WINDOWS\SYSTEM32\ntdll.dll
0x00007ffa29800000 - 0x00007ffa298ae000 	C:\WINDOWS\System32\KERNEL32.DLL
0x00007ffa26550000 - 0x00007ffa267b6000 	C:\WINDOWS\System32\KERNELBASE.dll
0x00007ffa29570000 - 0x00007ffa29611000 	C:\WINDOWS\System32\ADVAPI32.dll
0x00007ffa28cb0000 - 0x00007ffa28d4d000 	C:\WINDOWS\System32\msvcrt.dll
0x00007ffa29220000 - 0x00007ffa2927b000 	C:\WINDOWS\System32\sechost.dll
0x00007ffa298c0000 - 0x00007ffa299df000 	C:\WINDOWS\System32\RPCRT4.dll
0x00007ffa29090000 - 0x00007ffa2921f000 	C:\WINDOWS\System32\USER32.dll
0x00007ffa27470000 - 0x00007ffa27490000 	C:\WINDOWS\System32\win32u.dll
0x00007ffa296d0000 - 0x00007ffa296f8000 	C:\WINDOWS\System32\GDI32.dll
0x00007ffa267c0000 - 0x00007ffa26954000 	C:\WINDOWS\System32\gdi32full.dll
0x00007ffa269b0000 - 0x00007ffa26a4b000 	C:\WINDOWS\System32\msvcp_win.dll
0x00007ffa26c20000 - 0x00007ffa26d16000 	C:\WINDOWS\System32\ucrtbase.dll
0x00007ffa09a60000 - 0x00007ffa09cc9000 	C:\WINDOWS\WinSxS\amd64_microsoft.windows.common-controls_6595b64144ccf1df_6.0.16299.64_none_cc9304e22215ca8f\COMCTL32.dll
0x00007ffa28d80000 - 0x00007ffa29088000 	C:\WINDOWS\System32\combase.dll
0x00007ffa264d0000 - 0x00007ffa26542000 	C:\WINDOWS\System32\bcryptPrimitives.dll
0x00007ffa28d50000 - 0x00007ffa28d7d000 	C:\WINDOWS\System32\IMM32.DLL
0x000000005ec00000 - 0x000000005ecd2000 	C:\Program Files\Java\jdk1.7.0_67\jre\bin\msvcr100.dll
0x000000005e420000 - 0x000000005ebf2000 	C:\Program Files\Java\jdk1.7.0_67\jre\bin\server\jvm.dll
0x00007ffa29470000 - 0x00007ffa29478000 	C:\WINDOWS\System32\PSAPI.DLL
0x00007ffa18970000 - 0x00007ffa18979000 	C:\WINDOWS\SYSTEM32\WSOCK32.dll
0x00007ffa219b0000 - 0x00007ffa219d3000 	C:\WINDOWS\SYSTEM32\WINMM.dll
0x00007ffa29500000 - 0x00007ffa2956c000 	C:\WINDOWS\System32\WS2_32.dll
0x00007ffa21980000 - 0x00007ffa219aa000 	C:\WINDOWS\SYSTEM32\WINMMBASE.dll
0x00007ffa26960000 - 0x00007ffa269aa000 	C:\WINDOWS\System32\cfgmgr32.dll
0x0000000060db0000 - 0x0000000060dbf000 	C:\Program Files\Java\jdk1.7.0_67\jre\bin\verify.dll
0x000000005e3f0000 - 0x000000005e418000 	C:\Program Files\Java\jdk1.7.0_67\jre\bin\java.dll
0x000000005e3d0000 - 0x000000005e3e5000 	C:\Program Files\Java\jdk1.7.0_67\jre\bin\zip.dll
0x000000005e230000 - 0x000000005e3c5000 	C:\Program Files\Java\jdk1.7.0_67\jre\bin\awt.dll
0x00007ffa28b80000 - 0x00007ffa28c45000 	C:\WINDOWS\System32\OLEAUT32.dll
0x00007ffa245f0000 - 0x00007ffa24677000 	C:\WINDOWS\SYSTEM32\apphelp.dll
0x00007ffa247d0000 - 0x00007ffa24865000 	C:\WINDOWS\system32\uxtheme.dll
0x00007ffa29300000 - 0x00007ffa29467000 	C:\WINDOWS\System32\MSCTF.dll
0x00007ffa24ae0000 - 0x00007ffa24b0a000 	C:\WINDOWS\system32\dwmapi.dll
0x00007ffa299e0000 - 0x00007ffa29b29000 	C:\WINDOWS\System32\ole32.dll
0x00007ffa26380000 - 0x00007ffa26391000 	C:\WINDOWS\System32\kernel.appcore.dll
0x00007ffa27740000 - 0x00007ffa28b77000 	C:\WINDOWS\System32\SHELL32.dll
0x00007ffa29620000 - 0x00007ffa296c6000 	C:\WINDOWS\System32\shcore.dll
0x00007ffa26d20000 - 0x00007ffa27467000 	C:\WINDOWS\System32\windows.storage.dll
0x00007ffa29280000 - 0x00007ffa292d1000 	C:\WINDOWS\System32\shlwapi.dll
0x00007ffa26330000 - 0x00007ffa2637c000 	C:\WINDOWS\System32\powrprof.dll
0x00007ffa263a0000 - 0x00007ffa263bb000 	C:\WINDOWS\System32\profapi.dll
0x000000005e1e0000 - 0x000000005e227000 	C:\Program Files\Java\jdk1.7.0_67\jre\bin\fontmanager.dll
0x000000005e1c0000 - 0x000000005e1d9000 	C:\Program Files\Java\jdk1.7.0_67\jre\bin\net.dll
0x00007ffa25ba0000 - 0x00007ffa25c06000 	C:\WINDOWS\system32\mswsock.dll
0x000000005e1a0000 - 0x000000005e1b1000 	C:\Program Files\Java\jdk1.7.0_67\jre\bin\nio.dll
0x000000005e150000 - 0x000000005e191000 	C:\Program Files\Java\jdk1.7.0_67\jre\bin\t2k.dll
0x00007ffa29700000 - 0x00007ffa2979e000 	C:\WINDOWS\System32\clbcatq.dll
0x00007ffa21200000 - 0x00007ffa213ab000 	C:\WINDOWS\SYSTEM32\WindowsCodecs.dll
0x00007ffa077e0000 - 0x00007ffa0782f000 	C:\WINDOWS\system32\dataexchange.dll
0x00007ffa23c40000 - 0x00007ffa23d82000 	C:\WINDOWS\system32\dcomp.dll
0x00007ffa22fb0000 - 0x00007ffa23292000 	C:\WINDOWS\system32\d3d11.dll
0x00007ffa25180000 - 0x00007ffa2522f000 	C:\WINDOWS\system32\dxgi.dll
0x00007ffa24bd0000 - 0x00007ffa24d4b000 	C:\WINDOWS\system32\twinapi.appcore.dll
0x00007ffa24d50000 - 0x00007ffa24d70000 	C:\WINDOWS\system32\RMCLIENT.dll
0x00007ffa25e70000 - 0x00007ffa25e95000 	C:\WINDOWS\system32\bcrypt.dll
0x000000005e130000 - 0x000000005e143000 	C:\Program Files\Java\jdk1.7.0_67\jre\bin\JdbcOdbc.dll
0x00007ffa09cd0000 - 0x00007ffa09d85000 	C:\WINDOWS\SYSTEM32\ODBC32.dll
0x00007ffa26a50000 - 0x00007ffa26c1e000 	C:\WINDOWS\System32\CRYPT32.dll
0x00007ffa26310000 - 0x00007ffa26322000 	C:\WINDOWS\System32\MSASN1.dll
0x00007ffa257f0000 - 0x00007ffa257fa000 	C:\WINDOWS\SYSTEM32\DPAPI.DLL
0x00007ffa00dd0000 - 0x00007ffa00de6000 	C:\WINDOWS\SYSTEM32\VCRUNTIME140.dll
0x00007ff9feaa0000 - 0x00007ff9feda6000 	C:\Program Files\Common Files\Microsoft Shared\Office16\mso20win32client.dll
0x00007ff9fedb0000 - 0x00007ff9fee4c000 	C:\WINDOWS\SYSTEM32\MSVCP140.dll
0x00007ff9e27d0000 - 0x00007ff9e2c5c000 	C:\Program Files\Common Files\Microsoft Shared\Office16\mso30win32client.dll
0x00007ff9d94a0000 - 0x00007ff9d9d8d000 	C:\Program Files\Common Files\Microsoft Shared\Office16\mso40uiwin32client.dll
0x00007ffa1e0b0000 - 0x00007ffa1e24c000 	C:\WINDOWS\WinSxS\amd64_microsoft.windows.gdiplus_6595b64144ccf1df_1.1.16299.64_none_4c5a740035ade6b7\gdiplus.dll
0x00007ff9d8cd0000 - 0x00007ff9d949c000 	C:\Program Files\Common Files\Microsoft Shared\Office16\mso99Lwin32client.dll
0x00007ffa1e300000 - 0x00007ffa1e307000 	C:\WINDOWS\SYSTEM32\MSIMG32.dll
0x00007ffa219e0000 - 0x00007ffa21a07000 	C:\WINDOWS\SYSTEM32\SLC.dll
0x00007ffa21950000 - 0x00007ffa21976000 	C:\WINDOWS\SYSTEM32\sppc.dll
0x00007ff9ce280000 - 0x00007ff9cf56f000 	C:\Program Files\Common Files\Microsoft Shared\Office16\mso.dll
0x00007ff9f1e80000 - 0x00007ff9f2265000 	C:\WINDOWS\SYSTEM32\msi.dll
0x00007ff9e8790000 - 0x00007ff9e87b8000 	C:\WINDOWS\SYSTEM32\srpapi.dll
0x00007ffa23570000 - 0x00007ffa23b28000 	C:\WINDOWS\SYSTEM32\d2d1.dll
0x00007ffa21b80000 - 0x00007ffa21b93000 	C:\WINDOWS\SYSTEM32\WTSAPI32.dll
0x00007ffa254c0000 - 0x00007ffa25515000 	C:\WINDOWS\SYSTEM32\WINSTA.dll
0x00007ffa24560000 - 0x00007ffa2456e000 	C:\Program Files\Common Files\Microsoft Shared\OFFICE16\ACEERR.DLL
0x00007ff9e8210000 - 0x00007ff9e845b000 	C:\Program Files\Common Files\Microsoft Shared\OFFICE16\ACECORE.DLL
0x00007ffa26210000 - 0x00007ffa26240000 	C:\WINDOWS\SYSTEM32\SspiCli.dll
0x00007ffa01d50000 - 0x00007ffa0205f000 	C:\WINDOWS\SYSTEM32\DWrite.dll
0x00007ffa19e20000 - 0x00007ffa19e51000 	C:\WINDOWS\SYSTEM32\d3d10_1.dll
0x00007ffa14bf0000 - 0x00007ffa14c4c000 	C:\WINDOWS\SYSTEM32\d3d10_1core.dll
0x00007ff9cdb10000 - 0x00007ff9ce27c000 	C:\WINDOWS\SYSTEM32\D3D10Warp.dll
0x00007ffa26240000 - 0x00007ffa26269000 	C:\WINDOWS\SYSTEM32\USERENV.dll
0x00007ffa25e40000 - 0x00007ffa25e66000 	C:\WINDOWS\SYSTEM32\ncrypt.dll
0x00007ffa25e00000 - 0x00007ffa25e36000 	C:\WINDOWS\SYSTEM32\NTASN1.dll
0x00007ffa24580000 - 0x00007ffa2459c000 	C:\WINDOWS\SYSTEM32\davclnt.dll
0x00007ffa24570000 - 0x00007ffa2457c000 	C:\WINDOWS\SYSTEM32\DAVHLPR.dll
0x00007ff9ecc80000 - 0x00007ff9ecd55000 	C:\Program Files\Common Files\Microsoft Shared\OFFICE16\1033\ACEWSTR.DLL
0x00007ffa14c50000 - 0x00007ffa14ce8000 	C:\WINDOWS\System32\TextInputFramework.dll
0x00007ffa20bc0000 - 0x00007ffa20eae000 	C:\WINDOWS\System32\CoreUIComponents.dll
0x00007ffa23b40000 - 0x00007ffa23c1d000 	C:\WINDOWS\System32\CoreMessaging.dll
0x00007ffa25450000 - 0x00007ffa25481000 	C:\WINDOWS\SYSTEM32\ntmarta.dll
0x00007ffa22380000 - 0x00007ffa224b6000 	C:\WINDOWS\SYSTEM32\wintypes.dll
0x000000005e100000 - 0x000000005e12a000 	C:\Program Files\Java\jdk1.7.0_67\jre\bin\dcpr.dll
0x00007ffa22710000 - 0x00007ffa2274a000 	C:\WINDOWS\System32\netprofm.dll
0x00007ffa1e030000 - 0x00007ffa1e03e000 	C:\WINDOWS\System32\npmproxy.dll
0x00007ff9fe4a0000 - 0x00007ff9fe5ec000 	C:\WINDOWS\SYSTEM32\webservices.dll
0x00007ffa1a770000 - 0x00007ffa1a77c000 	C:\WINDOWS\SYSTEM32\Secur32.dll
0x00007ffa298b0000 - 0x00007ffa298b8000 	C:\WINDOWS\System32\Normaliz.dll
0x00007ffa22ed0000 - 0x00007ffa22fae000 	C:\WINDOWS\SYSTEM32\WINHTTP.dll
0x00007ffa25930000 - 0x00007ffa25969000 	C:\WINDOWS\SYSTEM32\IPHLPAPI.DLL
0x00007ffa29b30000 - 0x00007ffa29b38000 	C:\WINDOWS\System32\NSI.dll
0x00007ffa1ed20000 - 0x00007ffa1ed36000 	C:\WINDOWS\SYSTEM32\dhcpcsvc6.DLL
0x00007ffa1ed00000 - 0x00007ffa1ed1a000 	C:\WINDOWS\SYSTEM32\dhcpcsvc.DLL
0x00007ffa153f0000 - 0x00007ffa155bc000 	C:\WINDOWS\SYSTEM32\urlmon.dll
0x00007ffa292e0000 - 0x00007ffa292fd000 	C:\WINDOWS\System32\imagehlp.dll
0x00007ffa14eb0000 - 0x00007ffa15149000 	C:\WINDOWS\SYSTEM32\iertutil.dll
0x00007ffa25d80000 - 0x00007ffa25d8b000 	C:\WINDOWS\SYSTEM32\CRYPTBASE.DLL
0x00007ffa092e0000 - 0x00007ffa0934f000 	C:\WINDOWS\SYSTEM32\msiso.dll
0x00007ffa17760000 - 0x00007ffa17a94000 	C:\WINDOWS\SYSTEM32\WININET.dll
0x00007ffa1fd00000 - 0x00007ffa1fd15000 	C:\WINDOWS\SYSTEM32\ondemandconnroutehelper.dll
0x00007ffa1fe60000 - 0x00007ffa1fe6b000 	C:\WINDOWS\SYSTEM32\WINNSI.DLL
0x00007ffa18760000 - 0x00007ffa187f5000 	C:\WINDOWS\SYSTEM32\webio.dll
0x00007ffa25970000 - 0x00007ffa25a26000 	C:\WINDOWS\SYSTEM32\DNSAPI.dll
0x00007ffa1c880000 - 0x00007ffa1c88a000 	C:\Windows\System32\rasadhlp.dll
0x00007ffa1eea0000 - 0x00007ffa1ef10000 	C:\WINDOWS\System32\fwpuclnt.dll
0x00007ffa256f0000 - 0x00007ffa2576a000 	C:\WINDOWS\system32\schannel.DLL
0x00007ffa19b60000 - 0x00007ffa19b74000 	C:\WINDOWS\SYSTEM32\mskeyprotect.dll
0x00007ffa05520000 - 0x00007ffa05541000 	C:\WINDOWS\system32\ncryptsslp.dll
0x00007ff9ecba0000 - 0x00007ff9ecc73000 	C:\Program Files\Common Files\Microsoft Shared\OFFICE16\ACEES.DLL
0x00007ffa21e80000 - 0x00007ffa21e88000 	C:\Program Files\Common Files\Microsoft Shared\OFFICE16\VBAJET32.DLL
0x00007ff9f26f0000 - 0x00007ff9f276a000 	C:\Program Files\Common Files\Microsoft Shared\OFFICE16\expsrv.dll
0x00007ff9f9fb0000 - 0x00007ff9fa005000 	C:\Program Files\COMMON~1\MICROS~1\OFFICE16\ACEODBC.DLL
0x00007ffa27630000 - 0x00007ffa2773a000 	C:\WINDOWS\System32\COMDLG32.dll
0x00007ffa143c0000 - 0x00007ffa14588000 	C:\WINDOWS\SYSTEM32\dbghelp.dll

VM Arguments:
jvm_args: -Dfile.encoding=UTF-8 
java_command: Project.TB_book
Launcher Type: SUN_STANDARD

Environment Variables:
PATH=
[error occurred during error reporting (printing environment variables), id 0xc0000005]



---------------  S Y S T E M  ---------------

OS: Windows 8.1 , 64 bit Build 9600 

CPU:total 8 (4 cores per cpu, 2 threads per core) family 6 model 94 stepping 3, cmov, cx8, fxsr, mmx, sse, sse2, sse3, ssse3, sse4.1, sse4.2, popcnt, avx, avx2, aes, erms, ht, tsc, tscinvbit

Memory: 4k page, physical 8298012k(4180240k free), swap 10954316k(4324284k free)

vm_info: Java HotSpot(TM) 64-Bit Server VM (24.65-b04) for windows-amd64 JRE (1.7.0_67-b01), built on Jul 25 2014 08:55:00 by "java_re" with unknown MS VC++:1600

time: Sat Dec 09 22:55:01 2017
elapsed time: 38 seconds

