#
# A fatal error has been detected by the Java Runtime Environment:
#
#  EXCEPTION_ACCESS_VIOLATION (0xc0000005) at pc=0x00007ff9d30d2729, pid=11260, tid=9476
#
# JRE version: Java(TM) SE Runtime Environment (7.0_67-b01) (build 1.7.0_67-b01)
# Java VM: Java HotSpot(TM) 64-Bit Server VM (24.65-b04 mixed mode windows-amd64 compressed oops)
# Problematic frame:
# C  [mso40uiwin32client.dll+0x362729]
#
# Failed to write core dump. Minidumps are not enabled by default on client versions of Windows
#
# If you would like to submit a bug report, please visit:
#   http://bugreport.sun.com/bugreport/crash.jsp
# The crash happened outside the Java Virtual Machine in native code.
# See problematic frame for where to report the bug.
#

---------------  T H R E A D  ---------------

Current thread (0x000000000f600000):  JavaThread "AWT-EventQueue-0" [_thread_in_native, id=9476, stack(0x0000000010f20000,0x0000000011020000)]

siginfo: ExceptionCode=0xc0000005, writing address 0x0000000000000000

Registers:
RAX=0x00007ff9d30d271c, RBX=0x0000000011018b40, RCX=0x00007ff9d30d271c, RDX=0x0000000011018d70
RSP=0x0000000011016680, RBP=0x0000000011018d70, RSI=0x0000000011016740, RDI=0x00000000110173f0
R8 =0x0000000000000100, R9 =0x0000000019930520, R10=0x000022b34a03cf2c, R11=0x0000000011016990
R12=0x0000000011017a08, R13=0x00007ff9d30d271c, R14=0x0000000000000000, R15=0x0000000000000000
RIP=0x00007ff9d30d2729, EFLAGS=0x0000000000010202

Top of Stack: (sp=0x0000000011016680)
0x0000000011016680:   0000000000000000 0000000011016c90
0x0000000011016690:   0000990970403711 006b0009004e0049
0x00000000110166a0:   0000000011016c90 00007ffa00ddc2e0
0x00000000110166b0:   00007ff9d30d271c 0000000011018d70
0x00000000110166c0:   0000000011018d70 00650044002d0073
0x00000000110166d0:   0000000011018b40 00007ffa00dd2a23
0x00000000110166e0:   00007ff9d30d271c 0000000011017a08
0x00000000110166f0:   0061007200000100 00510049002d0062
0x0000000011016700:   0009007900000000 0000000000000000
0x0000000011016710:   0000000000000000 00007ff9d33ff0a8
0x0000000011016720:   0000000011016740 0000000000000000
0x0000000011016730:   0000000011017a08 0000000011015780
0x0000000011016740:   0000000011018d08 0000000000000000
0x0000000011016750:   0000000011018d70 00000000110173f0
0x0000000011016760:   0000000011016ea0 00007ff9d2d70000
0x0000000011016770:   0000000011016c60 0000000011017960 

Instructions: (pc=0x00007ff9d30d2729)
0x00007ff9d30d2709:   f3 68 e7 ff 90 90 90 48 8d 4a 50 e9 e7 68 e7 ff
0x00007ff9d30d2719:   90 90 90 48 89 54 24 10 55 48 83 ec 20 48 8b ea
0x00007ff9d30d2729:   c7 04 25 00 00 00 00 01 00 00 00 33 c9 cd 29 48
0x00007ff9d30d2739:   8d 4a 58 e9 bf 68 e7 ff 90 90 90 48 8d 4a 58 e9 


Register to memory mapping:

RAX=0x00007ff9d30d271c is an unknown value
RBX=0x0000000011018b40 is pointing into the stack for thread: 0x000000000f600000
RCX=0x00007ff9d30d271c is an unknown value
RDX=0x0000000011018d70 is pointing into the stack for thread: 0x000000000f600000
RSP=0x0000000011016680 is pointing into the stack for thread: 0x000000000f600000
RBP=0x0000000011018d70 is pointing into the stack for thread: 0x000000000f600000
RSI=0x0000000011016740 is pointing into the stack for thread: 0x000000000f600000
RDI=0x00000000110173f0 is pointing into the stack for thread: 0x000000000f600000
R8 =0x0000000000000100 is an unknown value
R9 =0x0000000019930520 is an unknown value
R10=0x000022b34a03cf2c is an unknown value
R11=0x0000000011016990 is pointing into the stack for thread: 0x000000000f600000
R12=0x0000000011017a08 is pointing into the stack for thread: 0x000000000f600000
R13=0x00007ff9d30d271c is an unknown value
R14=0x0000000000000000 is an unknown value
R15=0x0000000000000000 is an unknown value


Stack: [0x0000000010f20000,0x0000000011020000],  sp=0x0000000011016680,  free space=985k
Native frames: (J=compiled Java code, j=interpreted, Vv=VM code, C=native code)
C  [mso40uiwin32client.dll+0x362729]
C  [mso40uiwin32client.dll+0x6d7d08]

Java frames: (J=compiled Java code, j=interpreted, Vv=VM code)
j  sun.jdbc.odbc.JdbcOdbc.driverConnect(J[B[B)V+0
j  sun.jdbc.odbc.JdbcOdbc.SQLDriverConnect(JLjava/lang/String;)V+93
j  sun.jdbc.odbc.JdbcOdbcConnection.initialize(Ljava/lang/String;Ljava/util/Properties;I)V+984
j  sun.jdbc.odbc.JdbcOdbcDriver.connect(Ljava/lang/String;Ljava/util/Properties;)Ljava/sql/Connection;+129
j  java.sql.DriverManager.getConnection(Ljava/lang/String;Ljava/util/Properties;Ljava/lang/Class;)Ljava/sql/Connection;+172
j  java.sql.DriverManager.getConnection(Ljava/lang/String;)Ljava/sql/Connection;+13
j  Project.Project_Book.connectDB()Ljava/sql/Connection;+8
j  Project.User_book.insertdata()V+144
j  Project.User_book.jSaveActionPerformed(Ljava/awt/event/ActionEvent;)V+1
j  Project.User_book.access$600(LProject/User_book;Ljava/awt/event/ActionEvent;)V+2
j  Project.User_book$7.actionPerformed(Ljava/awt/event/ActionEvent;)V+5
j  javax.swing.AbstractButton.fireActionPerformed(Ljava/awt/event/ActionEvent;)V+84
j  javax.swing.AbstractButton$Handler.actionPerformed(Ljava/awt/event/ActionEvent;)V+5
j  javax.swing.DefaultButtonModel.fireActionPerformed(Ljava/awt/event/ActionEvent;)V+35
j  javax.swing.DefaultButtonModel.setPressed(Z)V+117
j  javax.swing.plaf.basic.BasicButtonListener.mouseReleased(Ljava/awt/event/MouseEvent;)V+35
j  java.awt.AWTEventMulticaster.mouseReleased(Ljava/awt/event/MouseEvent;)V+8
j  java.awt.Component.processMouseEvent(Ljava/awt/event/MouseEvent;)V+64
j  javax.swing.JComponent.processMouseEvent(Ljava/awt/event/MouseEvent;)V+23
j  java.awt.Component.processEvent(Ljava/awt/AWTEvent;)V+81
j  java.awt.Container.processEvent(Ljava/awt/AWTEvent;)V+18
j  java.awt.Component.dispatchEventImpl(Ljava/awt/AWTEvent;)V+581
j  java.awt.Container.dispatchEventImpl(Ljava/awt/AWTEvent;)V+42
j  java.awt.Component.dispatchEvent(Ljava/awt/AWTEvent;)V+2
j  java.awt.LightweightDispatcher.retargetMouseEvent(Ljava/awt/Component;ILjava/awt/event/MouseEvent;)V+327
j  java.awt.LightweightDispatcher.processMouseEvent(Ljava/awt/event/MouseEvent;)Z+139
j  java.awt.LightweightDispatcher.dispatchEvent(Ljava/awt/AWTEvent;)Z+50
j  java.awt.Container.dispatchEventImpl(Ljava/awt/AWTEvent;)V+12
j  java.awt.Window.dispatchEventImpl(Ljava/awt/AWTEvent;)V+19
j  java.awt.Component.dispatchEvent(Ljava/awt/AWTEvent;)V+2
j  java.awt.EventQueue.dispatchEventImpl(Ljava/awt/AWTEvent;Ljava/lang/Object;)V+41
j  java.awt.EventQueue.access$200(Ljava/awt/EventQueue;Ljava/awt/AWTEvent;Ljava/lang/Object;)V+3
j  java.awt.EventQueue$3.run()Ljava/lang/Void;+12
j  java.awt.EventQueue$3.run()Ljava/lang/Object;+1
v  ~StubRoutines::call_stub
j  java.security.AccessController.doPrivileged(Ljava/security/PrivilegedAction;Ljava/security/AccessControlContext;)Ljava/lang/Object;+0
j  java.security.ProtectionDomain$1.doIntersectionPrivilege(Ljava/security/PrivilegedAction;Ljava/security/AccessControlContext;Ljava/security/AccessControlContext;)Ljava/lang/Object;+28
j  java.security.ProtectionDomain$1.doIntersectionPrivilege(Ljava/security/PrivilegedAction;Ljava/security/AccessControlContext;)Ljava/lang/Object;+6
j  java.awt.EventQueue$4.run()Ljava/lang/Void;+11
j  java.awt.EventQueue$4.run()Ljava/lang/Object;+1
v  ~StubRoutines::call_stub
j  java.security.AccessController.doPrivileged(Ljava/security/PrivilegedAction;Ljava/security/AccessControlContext;)Ljava/lang/Object;+0
J 136 C2 java.awt.EventDispatchThread.pumpOneEventForFilters(I)V (295 bytes) @ 0x0000000004d89b3c [0x0000000004d89180+0x9bc]
j  java.awt.EventDispatchThread.pumpEventsForFilter(ILjava/awt/Conditional;Ljava/awt/EventFilter;)V+35
j  java.awt.EventDispatchThread.pumpEventsForHierarchy(ILjava/awt/Conditional;Ljava/awt/Component;)V+11
j  java.awt.EventDispatchThread.pumpEvents(ILjava/awt/Conditional;)V+4
j  java.awt.EventDispatchThread.pumpEvents(Ljava/awt/Conditional;)V+3
j  java.awt.EventDispatchThread.run()V+9
v  ~StubRoutines::call_stub

---------------  P R O C E S S  ---------------

Java Threads: ( => current thread )
  0x000000000f7f3000 JavaThread "Abandoned connection cleanup thread" daemon [_thread_blocked, id=5400, stack(0x0000000012250000,0x0000000012350000)]
  0x000000000f7f9800 JavaThread "TimerQueue" daemon [_thread_blocked, id=12072, stack(0x0000000012150000,0x0000000012250000)]
  0x0000000004bc0800 JavaThread "DestroyJavaVM" [_thread_blocked, id=268, stack(0x0000000004ac0000,0x0000000004bc0000)]
=>0x000000000f600000 JavaThread "AWT-EventQueue-0" [_thread_in_native, id=9476, stack(0x0000000010f20000,0x0000000011020000)]
  0x000000000f56e800 JavaThread "AWT-Windows" daemon [_thread_in_native, id=13300, stack(0x0000000010400000,0x0000000010500000)]
  0x000000000f56e000 JavaThread "AWT-Shutdown" [_thread_blocked, id=1868, stack(0x0000000010300000,0x0000000010400000)]
  0x000000000f56d000 JavaThread "Java2D Disposer" daemon [_thread_blocked, id=13096, stack(0x0000000010200000,0x0000000010300000)]
  0x0000000004cbb800 JavaThread "Service Thread" daemon [_thread_blocked, id=13084, stack(0x000000000fc10000,0x000000000fd10000)]
  0x0000000004cb6800 JavaThread "C2 CompilerThread1" daemon [_thread_blocked, id=12960, stack(0x000000000fb10000,0x000000000fc10000)]
  0x0000000004cb4800 JavaThread "C2 CompilerThread0" daemon [_thread_blocked, id=10308, stack(0x000000000fa10000,0x000000000fb10000)]
  0x0000000004cb3800 JavaThread "Attach Listener" daemon [_thread_blocked, id=11632, stack(0x000000000f910000,0x000000000fa10000)]
  0x000000000f431800 JavaThread "Signal Dispatcher" daemon [_thread_blocked, id=11324, stack(0x000000000f810000,0x000000000f910000)]
  0x000000000d440000 JavaThread "Finalizer" daemon [_thread_blocked, id=13244, stack(0x000000000f310000,0x000000000f410000)]
  0x000000000d439800 JavaThread "Reference Handler" daemon [_thread_blocked, id=6604, stack(0x000000000f210000,0x000000000f310000)]

Other Threads:
  0x000000000d435000 VMThread [stack: 0x000000000f110000,0x000000000f210000] [id=9116]
  0x000000000f440000 WatcherThread [stack: 0x000000000fd10000,0x000000000fe10000] [id=6216]

VM state:not at safepoint (normal execution)

VM Mutex/Monitor currently owned by a thread: None

Heap
 PSYoungGen      total 38400K, used 10428K [0x00000007d5c80000, 0x00000007d8700000, 0x0000000800000000)
  eden space 33280K, 16% used [0x00000007d5c80000,0x00000007d61b58a8,0x00000007d7d00000)
  from space 5120K, 99% used [0x00000007d7d00000,0x00000007d81f9798,0x00000007d8200000)
  to   space 5120K, 0% used [0x00000007d8200000,0x00000007d8200000,0x00000007d8700000)
 ParOldGen       total 86016K, used 4976K [0x0000000781600000, 0x0000000786a00000, 0x00000007d5c80000)
  object space 86016K, 5% used [0x0000000781600000,0x0000000781adc110,0x0000000786a00000)
 PSPermGen       total 21504K, used 14197K [0x000000077c400000, 0x000000077d900000, 0x0000000781600000)
  object space 21504K, 66% used [0x000000077c400000,0x000000077d1dd458,0x000000077d900000)

Card table byte_map: [0x0000000007d80000,0x00000000081a0000] byte_map_base: 0x000000000419e000

Polling page: 0x0000000003210000

Code Cache  [0x0000000004cc0000, 0x0000000004f30000, 0x0000000007cc0000)
 total_blobs=674 nmethods=143 adapters=483 free_code_cache=48363Kb largest_free_block=49482560

Compilation events (10 events):
Event: 34.714 Thread 0x0000000004cb6800  138             sun.awt.EventQueueItem::<init> (10 bytes)
Event: 34.715 Thread 0x0000000004cb6800 nmethod 138 0x0000000004d7f8d0 code [0x0000000004d7fa00, 0x0000000004d7fa78]
Event: 34.750 Thread 0x0000000004cb4800  139  s!         java.awt.Toolkit::getDefaultToolkit (39 bytes)
Event: 34.752 Thread 0x0000000004cb4800 nmethod 139 0x0000000004d7a190 code [0x0000000004d7a2e0, 0x0000000004d7a538]
Event: 34.983 Thread 0x0000000004cb6800  141             java.awt.Point::<init> (15 bytes)
Event: 34.983 Thread 0x0000000004cb6800 nmethod 141 0x0000000004d79f50 code [0x0000000004d7a080, 0x0000000004d7a0d8]
Event: 35.069 Thread 0x0000000004cb4800  142             java.util.concurrent.locks.ReentrantLock$Sync::isHeldExclusively (16 bytes)
Event: 35.070 Thread 0x0000000004cb4800 nmethod 142 0x0000000004d7fcd0 code [0x0000000004d7fe00, 0x0000000004d7fe98]
Event: 35.175 Thread 0x0000000004cb6800  143             sun.java2d.SurfaceData::getDefaultScale (2 bytes)
Event: 35.175 Thread 0x0000000004cb6800 nmethod 143 0x0000000004d7d750 code [0x0000000004d7d880, 0x0000000004d7d8d8]

GC Heap History (2 events):
Event: 33.746 GC heap before
{Heap before GC invocations=1 (full 0):
 PSYoungGen      total 38400K, used 33280K [0x00000007d5c80000, 0x00000007d8700000, 0x0000000800000000)
  eden space 33280K, 100% used [0x00000007d5c80000,0x00000007d7d00000,0x00000007d7d00000)
  from space 5120K, 0% used [0x00000007d8200000,0x00000007d8200000,0x00000007d8700000)
  to   space 5120K, 0% used [0x00000007d7d00000,0x00000007d7d00000,0x00000007d8200000)
 ParOldGen       total 86016K, used 0K [0x0000000781600000, 0x0000000786a00000, 0x00000007d5c80000)
  object space 86016K, 0% used [0x0000000781600000,0x0000000781600000,0x0000000786a00000)
 PSPermGen       total 21504K, used 14179K [0x000000077c400000, 0x000000077d900000, 0x0000000781600000)
  object space 21504K, 65% used [0x000000077c400000,0x000000077d1d8e90,0x000000077d900000)
Event: 33.755 GC heap after
Heap after GC invocations=1 (full 0):
 PSYoungGen      total 38400K, used 5093K [0x00000007d5c80000, 0x00000007d8700000, 0x0000000800000000)
  eden space 33280K, 0% used [0x00000007d5c80000,0x00000007d5c80000,0x00000007d7d00000)
  from space 5120K, 99% used [0x00000007d7d00000,0x00000007d81f9798,0x00000007d8200000)
  to   space 5120K, 0% used [0x00000007d8200000,0x00000007d8200000,0x00000007d8700000)
 ParOldGen       total 86016K, used 4976K [0x0000000781600000, 0x0000000786a00000, 0x00000007d5c80000)
  object space 86016K, 5% used [0x0000000781600000,0x0000000781adc110,0x0000000786a00000)
 PSPermGen       total 21504K, used 14179K [0x000000077c400000, 0x000000077d900000, 0x0000000781600000)
  object space 21504K, 65% used [0x000000077c400000,0x000000077d1d8e90,0x000000077d900000)
}

Deoptimization events (4 events):
Event: 0.332 Thread 0x000000000f600000 Uncommon trap: reason=class_check action=maybe_recompile pc=0x0000000004d3343c method=java.lang.String.equals(Ljava/lang/Object;)Z @ 8
Event: 0.337 Thread 0x000000000f600000 Uncommon trap: reason=class_check action=maybe_recompile pc=0x0000000004d3343c method=java.lang.String.equals(Ljava/lang/Object;)Z @ 8
Event: 0.339 Thread 0x000000000f600000 Uncommon trap: reason=class_check action=maybe_recompile pc=0x0000000004d3343c method=java.lang.String.equals(Ljava/lang/Object;)Z @ 8
Event: 0.339 Thread 0x000000000f600000 Uncommon trap: reason=class_check action=maybe_recompile pc=0x0000000004d3343c method=java.lang.String.equals(Ljava/lang/Object;)Z @ 8

Internal exceptions (10 events):
Event: 0.292 Thread 0x000000000f600000 Threw 0x00000007d61fbd40 at C:\re\jdk7u67\1368\hotspot\src\share\vm\prims\jvm.cpp:1244
Event: 0.397 Thread 0x000000000f600000 Threw 0x00000007d6275870 at C:\re\jdk7u67\1368\hotspot\src\share\vm\prims\jvm.cpp:1244
Event: 0.401 Thread 0x000000000f600000 Threw 0x00000007d628bf28 at C:\re\jdk7u67\1368\hotspot\src\share\vm\prims\jvm.cpp:1244
Event: 0.402 Thread 0x000000000f600000 Threw 0x00000007d62962a0 at C:\re\jdk7u67\1368\hotspot\src\share\vm\prims\jvm.cpp:1244
Event: 0.405 Thread 0x000000000f600000 Threw 0x00000007d62a8900 at C:\re\jdk7u67\1368\hotspot\src\share\vm\prims\jvm.cpp:1244
Event: 0.407 Thread 0x000000000f600000 Threw 0x00000007d62ad908 at C:\re\jdk7u67\1368\hotspot\src\share\vm\prims\jvm.cpp:1244
Event: 0.554 Thread 0x000000000f600000 Threw 0x00000007d66fd528 at C:\re\jdk7u67\1368\hotspot\src\share\vm\prims\jvm.cpp:1244
Event: 0.554 Thread 0x000000000f600000 Threw 0x00000007d66fea18 at C:\re\jdk7u67\1368\hotspot\src\share\vm\prims\jvm.cpp:1244
Event: 0.555 Thread 0x000000000f600000 Threw 0x00000007d6700b70 at C:\re\jdk7u67\1368\hotspot\src\share\vm\prims\jvm.cpp:1244
Event: 0.555 Thread 0x000000000f600000 Threw 0x00000007d6702080 at C:\re\jdk7u67\1368\hotspot\src\share\vm\prims\jvm.cpp:1244

Events (10 events):
Event: 33.764 Executing VM operation: RevokeBias
Event: 33.764 Executing VM operation: RevokeBias done
Event: 33.765 Executing VM operation: RevokeBias
Event: 33.765 Executing VM operation: RevokeBias done
Event: 33.766 Executing VM operation: RevokeBias
Event: 33.766 Executing VM operation: RevokeBias done
Event: 33.766 Executing VM operation: RevokeBias
Event: 33.766 Executing VM operation: RevokeBias done
Event: 33.766 Executing VM operation: RevokeBias
Event: 33.766 Executing VM operation: RevokeBias done


Dynamic libraries:
0x00007ff6fe940000 - 0x00007ff6fe973000 	C:\Program Files\Java\jdk1.7.0_67\bin\java.exe
0x00007ffa29fc0000 - 0x00007ffa2a1a0000 	C:\WINDOWS\SYSTEM32\ntdll.dll
0x00007ffa29800000 - 0x00007ffa298ae000 	C:\WINDOWS\System32\KERNEL32.DLL
0x00007ffa26550000 - 0x00007ffa267b6000 	C:\WINDOWS\System32\KERNELBASE.dll
0x00007ffa29570000 - 0x00007ffa29611000 	C:\WINDOWS\System32\ADVAPI32.dll
0x00007ffa28cb0000 - 0x00007ffa28d4d000 	C:\WINDOWS\System32\msvcrt.dll
0x00007ffa29220000 - 0x00007ffa2927b000 	C:\WINDOWS\System32\sechost.dll
0x00007ffa298c0000 - 0x00007ffa299df000 	C:\WINDOWS\System32\RPCRT4.dll
0x00007ffa29090000 - 0x00007ffa2921f000 	C:\WINDOWS\System32\USER32.dll
0x00007ffa27470000 - 0x00007ffa27490000 	C:\WINDOWS\System32\win32u.dll
0x00007ffa296d0000 - 0x00007ffa296f8000 	C:\WINDOWS\System32\GDI32.dll
0x00007ffa267c0000 - 0x00007ffa26954000 	C:\WINDOWS\System32\gdi32full.dll
0x00007ffa269b0000 - 0x00007ffa26a4b000 	C:\WINDOWS\System32\msvcp_win.dll
0x00007ffa26c20000 - 0x00007ffa26d16000 	C:\WINDOWS\System32\ucrtbase.dll
0x00007ffa09a60000 - 0x00007ffa09cc9000 	C:\WINDOWS\WinSxS\amd64_microsoft.windows.common-controls_6595b64144ccf1df_6.0.16299.64_none_cc9304e22215ca8f\COMCTL32.dll
0x00007ffa28d80000 - 0x00007ffa29088000 	C:\WINDOWS\System32\combase.dll
0x00007ffa264d0000 - 0x00007ffa26542000 	C:\WINDOWS\System32\bcryptPrimitives.dll
0x00007ffa28d50000 - 0x00007ffa28d7d000 	C:\WINDOWS\System32\IMM32.DLL
0x000000005ec30000 - 0x000000005ed02000 	C:\Program Files\Java\jdk1.7.0_67\jre\bin\msvcr100.dll
0x000000005e450000 - 0x000000005ec22000 	C:\Program Files\Java\jdk1.7.0_67\jre\bin\server\jvm.dll
0x00007ffa29470000 - 0x00007ffa29478000 	C:\WINDOWS\System32\PSAPI.DLL
0x00007ffa219b0000 - 0x00007ffa219d3000 	C:\WINDOWS\SYSTEM32\WINMM.dll
0x00007ffa18970000 - 0x00007ffa18979000 	C:\WINDOWS\SYSTEM32\WSOCK32.dll
0x00007ffa29500000 - 0x00007ffa2956c000 	C:\WINDOWS\System32\WS2_32.dll
0x00007ffa21980000 - 0x00007ffa219aa000 	C:\WINDOWS\SYSTEM32\winmmbase.dll
0x00007ffa26960000 - 0x00007ffa269aa000 	C:\WINDOWS\System32\cfgmgr32.dll
0x0000000060db0000 - 0x0000000060dbf000 	C:\Program Files\Java\jdk1.7.0_67\jre\bin\verify.dll
0x000000005e420000 - 0x000000005e448000 	C:\Program Files\Java\jdk1.7.0_67\jre\bin\java.dll
0x000000005e400000 - 0x000000005e415000 	C:\Program Files\Java\jdk1.7.0_67\jre\bin\zip.dll
0x000000005e260000 - 0x000000005e3f5000 	C:\Program Files\Java\jdk1.7.0_67\jre\bin\awt.dll
0x00007ffa28b80000 - 0x00007ffa28c45000 	C:\WINDOWS\System32\OLEAUT32.dll
0x00007ffa245f0000 - 0x00007ffa24677000 	C:\WINDOWS\SYSTEM32\apphelp.dll
0x00007ffa247d0000 - 0x00007ffa24865000 	C:\WINDOWS\system32\uxtheme.dll
0x00007ffa29300000 - 0x00007ffa29467000 	C:\WINDOWS\System32\MSCTF.dll
0x00007ffa24ae0000 - 0x00007ffa24b0a000 	C:\WINDOWS\system32\dwmapi.dll
0x00007ffa299e0000 - 0x00007ffa29b29000 	C:\WINDOWS\System32\ole32.dll
0x00007ffa26380000 - 0x00007ffa26391000 	C:\WINDOWS\System32\kernel.appcore.dll
0x00007ffa27740000 - 0x00007ffa28b77000 	C:\WINDOWS\System32\SHELL32.dll
0x00007ffa29620000 - 0x00007ffa296c6000 	C:\WINDOWS\System32\shcore.dll
0x00007ffa26d20000 - 0x00007ffa27467000 	C:\WINDOWS\System32\windows.storage.dll
0x00007ffa29280000 - 0x00007ffa292d1000 	C:\WINDOWS\System32\shlwapi.dll
0x00007ffa26330000 - 0x00007ffa2637c000 	C:\WINDOWS\System32\powrprof.dll
0x00007ffa263a0000 - 0x00007ffa263bb000 	C:\WINDOWS\System32\profapi.dll
0x000000005e210000 - 0x000000005e257000 	C:\Program Files\Java\jdk1.7.0_67\jre\bin\fontmanager.dll
0x000000005e1f0000 - 0x000000005e209000 	C:\Program Files\Java\jdk1.7.0_67\jre\bin\net.dll
0x00007ffa25ba0000 - 0x00007ffa25c06000 	C:\WINDOWS\system32\mswsock.dll
0x000000005e1d0000 - 0x000000005e1e1000 	C:\Program Files\Java\jdk1.7.0_67\jre\bin\nio.dll
0x000000005e180000 - 0x000000005e1c1000 	C:\Program Files\Java\jdk1.7.0_67\jre\bin\t2k.dll
0x00007ffa29700000 - 0x00007ffa2979e000 	C:\WINDOWS\System32\clbcatq.dll
0x00007ffa21200000 - 0x00007ffa213ab000 	C:\WINDOWS\SYSTEM32\WindowsCodecs.dll
0x00007ffa19e50000 - 0x00007ffa19e9f000 	C:\WINDOWS\system32\dataexchange.dll
0x00007ffa22fb0000 - 0x00007ffa23292000 	C:\WINDOWS\system32\d3d11.dll
0x00007ffa23c40000 - 0x00007ffa23d82000 	C:\WINDOWS\system32\dcomp.dll
0x00007ffa25180000 - 0x00007ffa2522f000 	C:\WINDOWS\system32\dxgi.dll
0x00007ffa24bd0000 - 0x00007ffa24d4b000 	C:\WINDOWS\system32\twinapi.appcore.dll
0x00007ffa25e70000 - 0x00007ffa25e95000 	C:\WINDOWS\system32\bcrypt.dll
0x00007ffa24d50000 - 0x00007ffa24d70000 	C:\WINDOWS\system32\RMCLIENT.dll
0x000000005e160000 - 0x000000005e173000 	C:\Program Files\Java\jdk1.7.0_67\jre\bin\JdbcOdbc.dll
0x00007ffa09cd0000 - 0x00007ffa09d85000 	C:\WINDOWS\SYSTEM32\ODBC32.dll
0x00007ffa26a50000 - 0x00007ffa26c1e000 	C:\WINDOWS\System32\CRYPT32.dll
0x00007ffa26310000 - 0x00007ffa26322000 	C:\WINDOWS\System32\MSASN1.dll
0x00007ffa257f0000 - 0x00007ffa257fa000 	C:\WINDOWS\SYSTEM32\DPAPI.DLL
0x00007ffa00dd0000 - 0x00007ffa00de6000 	C:\WINDOWS\SYSTEM32\VCRUNTIME140.dll
0x00007ff9feaa0000 - 0x00007ff9feda6000 	C:\Program Files\Common Files\Microsoft Shared\Office16\mso20win32client.dll
0x00007ff9fedb0000 - 0x00007ff9fee4c000 	C:\WINDOWS\SYSTEM32\MSVCP140.dll
0x00007ff9e6f00000 - 0x00007ff9e738c000 	C:\Program Files\Common Files\Microsoft Shared\Office16\mso30win32client.dll
0x00007ff9d2d70000 - 0x00007ff9d365d000 	C:\Program Files\Common Files\Microsoft Shared\Office16\mso40uiwin32client.dll
0x00007ffa1e0b0000 - 0x00007ffa1e24c000 	C:\WINDOWS\WinSxS\amd64_microsoft.windows.gdiplus_6595b64144ccf1df_1.1.16299.64_none_4c5a740035ade6b7\gdiplus.dll
0x00007ff9d25a0000 - 0x00007ff9d2d6c000 	C:\Program Files\Common Files\Microsoft Shared\Office16\mso99Lwin32client.dll
0x00007ffa1e300000 - 0x00007ffa1e307000 	C:\WINDOWS\SYSTEM32\MSIMG32.dll
0x00007ffa219e0000 - 0x00007ffa21a07000 	C:\WINDOWS\SYSTEM32\SLC.dll
0x00007ffa21950000 - 0x00007ffa21976000 	C:\WINDOWS\SYSTEM32\sppc.dll
0x00007ff9d12b0000 - 0x00007ff9d259f000 	C:\Program Files\Common Files\Microsoft Shared\Office16\mso.dll
0x00007ff9f1e80000 - 0x00007ff9f2265000 	C:\WINDOWS\SYSTEM32\msi.dll
0x00007ff9e8790000 - 0x00007ff9e87b8000 	C:\WINDOWS\SYSTEM32\srpapi.dll
0x00007ffa23570000 - 0x00007ffa23b28000 	C:\WINDOWS\SYSTEM32\d2d1.dll
0x00007ffa21b80000 - 0x00007ffa21b93000 	C:\WINDOWS\SYSTEM32\WTSAPI32.dll
0x00007ffa254c0000 - 0x00007ffa25515000 	C:\WINDOWS\SYSTEM32\WINSTA.dll
0x00007ffa20960000 - 0x00007ffa2096e000 	C:\Program Files\Common Files\Microsoft Shared\OFFICE16\ACEERR.DLL
0x00007ff9ef600000 - 0x00007ff9ef84b000 	C:\Program Files\Common Files\Microsoft Shared\OFFICE16\ACECORE.DLL
0x00007ffa26210000 - 0x00007ffa26240000 	C:\WINDOWS\SYSTEM32\SspiCli.dll
0x00007ffa1cd50000 - 0x00007ffa1d05f000 	C:\WINDOWS\SYSTEM32\DWrite.dll
0x00007ffa077f0000 - 0x00007ffa07821000 	C:\WINDOWS\SYSTEM32\d3d10_1.dll
0x00007ffa06920000 - 0x00007ffa0697c000 	C:\WINDOWS\SYSTEM32\d3d10_1core.dll
0x00007ff9eb180000 - 0x00007ff9eb8ec000 	C:\WINDOWS\SYSTEM32\D3D10Warp.dll
0x00007ffa26240000 - 0x00007ffa26269000 	C:\WINDOWS\SYSTEM32\USERENV.dll
0x00007ffa1fe90000 - 0x00007ffa1feac000 	C:\WINDOWS\SYSTEM32\davclnt.dll
0x00007ffa21e80000 - 0x00007ffa21e8c000 	C:\WINDOWS\SYSTEM32\DAVHLPR.dll
0x00007ffa1b500000 - 0x00007ffa1b5d5000 	C:\Program Files\Common Files\Microsoft Shared\OFFICE16\1033\ACEWSTR.DLL
0x00007ffa1d270000 - 0x00007ffa1d308000 	C:\WINDOWS\System32\TextInputFramework.dll
0x00007ffa20bc0000 - 0x00007ffa20eae000 	C:\WINDOWS\System32\CoreUIComponents.dll
0x00007ffa23b40000 - 0x00007ffa23c1d000 	C:\WINDOWS\System32\CoreMessaging.dll
0x00007ffa25450000 - 0x00007ffa25481000 	C:\WINDOWS\SYSTEM32\ntmarta.dll
0x00007ffa22380000 - 0x00007ffa224b6000 	C:\WINDOWS\SYSTEM32\wintypes.dll
0x000000005e130000 - 0x000000005e15a000 	C:\Program Files\Java\jdk1.7.0_67\jre\bin\dcpr.dll
0x00007ffa22710000 - 0x00007ffa2274a000 	C:\WINDOWS\System32\netprofm.dll
0x00007ffa1e030000 - 0x00007ffa1e03e000 	C:\WINDOWS\System32\npmproxy.dll
0x00007ffa1a770000 - 0x00007ffa1a77c000 	C:\WINDOWS\SYSTEM32\Secur32.dll
0x00007ffa1b420000 - 0x00007ffa1b4f3000 	C:\Program Files\Common Files\Microsoft Shared\OFFICE16\ACEES.DLL
0x00007ffa22510000 - 0x00007ffa22518000 	C:\Program Files\Common Files\Microsoft Shared\OFFICE16\VBAJET32.DLL
0x00007ffa065a0000 - 0x00007ffa0661a000 	C:\Program Files\Common Files\Microsoft Shared\OFFICE16\expsrv.dll
0x00007ffa1e070000 - 0x00007ffa1e0a5000 	C:\Program Files\Common Files\Microsoft Shared\OFFICE16\1033\ACEINTL.DLL
0x00007ffa064a0000 - 0x00007ffa064f5000 	C:\Program Files\COMMON~1\MICROS~1\OFFICE16\ACEODBC.DLL
0x00007ffa27630000 - 0x00007ffa2773a000 	C:\WINDOWS\System32\COMDLG32.dll
0x00007ffa143c0000 - 0x00007ffa14588000 	C:\WINDOWS\SYSTEM32\dbghelp.dll

VM Arguments:
jvm_args: -Dfile.encoding=UTF-8 
java_command: Project.User_book
Launcher Type: SUN_STANDARD

Environment Variables:
PATH=
[error occurred during error reporting (printing environment variables), id 0xc0000005]



---------------  S Y S T E M  ---------------

OS: Windows 8.1 , 64 bit Build 9600 

CPU:total 8 (4 cores per cpu, 2 threads per core) family 6 model 94 stepping 3, cmov, cx8, fxsr, mmx, sse, sse2, sse3, ssse3, sse4.1, sse4.2, popcnt, avx, avx2, aes, erms, ht, tsc, tscinvbit

Memory: 4k page, physical 8298012k(4054276k free), swap 9608732k(3938572k free)

vm_info: Java HotSpot(TM) 64-Bit Server VM (24.65-b04) for windows-amd64 JRE (1.7.0_67-b01), built on Jul 25 2014 08:55:00 by "java_re" with unknown MS VC++:1600

time: Sun Dec 10 13:20:43 2017
elapsed time: 35 seconds

