#
# A fatal error has been detected by the Java Runtime Environment:
#
#  EXCEPTION_ACCESS_VIOLATION (0xc0000005) at pc=0x00007ff9d9802729, pid=9360, tid=8128
#
# JRE version: Java(TM) SE Runtime Environment (7.0_67-b01) (build 1.7.0_67-b01)
# Java VM: Java HotSpot(TM) 64-Bit Server VM (24.65-b04 mixed mode windows-amd64 compressed oops)
# Problematic frame:
# C  [mso40uiwin32client.dll+0x362729]
#
# Failed to write core dump. Minidumps are not enabled by default on client versions of Windows
#
# If you would like to submit a bug report, please visit:
#   http://bugreport.sun.com/bugreport/crash.jsp
# The crash happened outside the Java Virtual Machine in native code.
# See problematic frame for where to report the bug.
#

---------------  T H R E A D  ---------------

Current thread (0x000000000ee0e000):  JavaThread "AWT-EventQueue-0" [_thread_in_native, id=8128, stack(0x0000000010740000,0x0000000010840000)]

siginfo: ExceptionCode=0xc0000005, writing address 0x0000000000000000

Registers:
RAX=0x00007ff9d980271c, RBX=0x0000000010838fa0, RCX=0x00007ff9d980271c, RDX=0x00000000108391d0
RSP=0x0000000010836ae0, RBP=0x00000000108391d0, RSI=0x0000000010836ba0, RDI=0x0000000010837850
R8 =0x0000000000000100, R9 =0x0000000019930520, R10=0x00003e40fe9162e5, R11=0x0000000010836df0
R12=0x0000000010837e68, R13=0x00007ff9d980271c, R14=0x0000000000000000, R15=0x0000000000000000
RIP=0x00007ff9d9802729, EFLAGS=0x0000000000010202

Top of Stack: (sp=0x0000000010836ae0)
0x0000000010836ae0:   0000000000000000 00000000108370f0
0x0000000010836af0:   00001c3197512fc2 006b0009004e0049
0x0000000010836b00:   00000000108370f0 00007ffa00ddc2e0
0x0000000010836b10:   00007ff9d980271c 00000000108391d0
0x0000000010836b20:   00000000108391d0 00650044002d0073
0x0000000010836b30:   0000000010838fa0 00007ffa00dd2a23
0x0000000010836b40:   00007ff9d980271c 0000000010837e68
0x0000000010836b50:   0061007200000100 00510049002d0062
0x0000000010836b60:   0009007900000000 0000000000000000
0x0000000010836b70:   0000000000000000 00007ff9d9b2f0a8
0x0000000010836b80:   0000000010836ba0 0000000000000000
0x0000000010836b90:   0000000010837e68 0000000010835bc0
0x0000000010836ba0:   0000000010839168 0000000000000000
0x0000000010836bb0:   00000000108391d0 0000000010837850
0x0000000010836bc0:   0000000010837300 00007ff9d94a0000
0x0000000010836bd0:   00000000108370c0 0000000010837dc0 

Instructions: (pc=0x00007ff9d9802729)
0x00007ff9d9802709:   f3 68 e7 ff 90 90 90 48 8d 4a 50 e9 e7 68 e7 ff
0x00007ff9d9802719:   90 90 90 48 89 54 24 10 55 48 83 ec 20 48 8b ea
0x00007ff9d9802729:   c7 04 25 00 00 00 00 01 00 00 00 33 c9 cd 29 48
0x00007ff9d9802739:   8d 4a 58 e9 bf 68 e7 ff 90 90 90 48 8d 4a 58 e9 


Register to memory mapping:

RAX=0x00007ff9d980271c is an unknown value
RBX=0x0000000010838fa0 is pointing into the stack for thread: 0x000000000ee0e000
RCX=0x00007ff9d980271c is an unknown value
RDX=0x00000000108391d0 is pointing into the stack for thread: 0x000000000ee0e000
RSP=0x0000000010836ae0 is pointing into the stack for thread: 0x000000000ee0e000
RBP=0x00000000108391d0 is pointing into the stack for thread: 0x000000000ee0e000
RSI=0x0000000010836ba0 is pointing into the stack for thread: 0x000000000ee0e000
RDI=0x0000000010837850 is pointing into the stack for thread: 0x000000000ee0e000
R8 =0x0000000000000100 is an unknown value
R9 =0x0000000019930520 is an unknown value
R10=0x00003e40fe9162e5 is an unknown value
R11=0x0000000010836df0 is pointing into the stack for thread: 0x000000000ee0e000
R12=0x0000000010837e68 is pointing into the stack for thread: 0x000000000ee0e000
R13=0x00007ff9d980271c is an unknown value
R14=0x0000000000000000 is an unknown value
R15=0x0000000000000000 is an unknown value


Stack: [0x0000000010740000,0x0000000010840000],  sp=0x0000000010836ae0,  free space=986k
Native frames: (J=compiled Java code, j=interpreted, Vv=VM code, C=native code)
C  [mso40uiwin32client.dll+0x362729]
C  [mso40uiwin32client.dll+0x6d7d08]

Java frames: (J=compiled Java code, j=interpreted, Vv=VM code)
j  sun.jdbc.odbc.JdbcOdbc.driverConnect(J[B[B)V+0
j  sun.jdbc.odbc.JdbcOdbc.SQLDriverConnect(JLjava/lang/String;)V+93
j  sun.jdbc.odbc.JdbcOdbcConnection.initialize(Ljava/lang/String;Ljava/util/Properties;I)V+984
j  sun.jdbc.odbc.JdbcOdbcDriver.connect(Ljava/lang/String;Ljava/util/Properties;)Ljava/sql/Connection;+129
j  java.sql.DriverManager.getConnection(Ljava/lang/String;Ljava/util/Properties;Ljava/lang/Class;)Ljava/sql/Connection;+172
j  java.sql.DriverManager.getConnection(Ljava/lang/String;)Ljava/sql/Connection;+13
j  Project.Project_Book.connectDB()Ljava/sql/Connection;+8
j  Project.User_book.udpateRecord()V+144
j  Project.User_book.jEditActionPerformed(Ljava/awt/event/ActionEvent;)V+1
j  Project.User_book.access$400(LProject/User_book;Ljava/awt/event/ActionEvent;)V+2
j  Project.User_book$5.actionPerformed(Ljava/awt/event/ActionEvent;)V+5
j  javax.swing.AbstractButton.fireActionPerformed(Ljava/awt/event/ActionEvent;)V+84
j  javax.swing.AbstractButton$Handler.actionPerformed(Ljava/awt/event/ActionEvent;)V+5
j  javax.swing.DefaultButtonModel.fireActionPerformed(Ljava/awt/event/ActionEvent;)V+35
j  javax.swing.DefaultButtonModel.setPressed(Z)V+117
j  javax.swing.plaf.basic.BasicButtonListener.mouseReleased(Ljava/awt/event/MouseEvent;)V+35
j  java.awt.AWTEventMulticaster.mouseReleased(Ljava/awt/event/MouseEvent;)V+8
j  java.awt.Component.processMouseEvent(Ljava/awt/event/MouseEvent;)V+64
j  javax.swing.JComponent.processMouseEvent(Ljava/awt/event/MouseEvent;)V+23
j  java.awt.Component.processEvent(Ljava/awt/AWTEvent;)V+81
j  java.awt.Container.processEvent(Ljava/awt/AWTEvent;)V+18
j  java.awt.Component.dispatchEventImpl(Ljava/awt/AWTEvent;)V+581
J 224 C2 java.awt.Container.dispatchEventImpl(Ljava/awt/AWTEvent;)V (129 bytes) @ 0x00000000045a9624 [0x00000000045a95c0+0x64]
J 94 C2 java.awt.LightweightDispatcher.retargetMouseEvent(Ljava/awt/Component;ILjava/awt/event/MouseEvent;)V (350 bytes) @ 0x0000000004569b78 [0x0000000004569600+0x578]
J 224 C2 java.awt.Container.dispatchEventImpl(Ljava/awt/AWTEvent;)V (129 bytes) @ 0x00000000045a9a24 [0x00000000045a95c0+0x464]
j  java.awt.Window.dispatchEventImpl(Ljava/awt/AWTEvent;)V+19
J 174 C2 java.awt.EventQueue$3.run()Ljava/lang/Object; (5 bytes) @ 0x000000000457c4e0 [0x000000000457c360+0x180]
v  ~StubRoutines::call_stub
J 136  java.security.AccessController.doPrivileged(Ljava/security/PrivilegedAction;Ljava/security/AccessControlContext;)Ljava/lang/Object; (0 bytes) @ 0x0000000004567646 [0x00000000045675e0+0x66]
J 129 C2 java.security.ProtectionDomain$1.doIntersectionPrivilege(Ljava/security/PrivilegedAction;Ljava/security/AccessControlContext;Ljava/security/AccessControlContext;)Ljava/lang/Object; (32 bytes) @ 0x0000000004572348 [0x0000000004572280+0xc8]
j  java.security.ProtectionDomain$1.doIntersectionPrivilege(Ljava/security/PrivilegedAction;Ljava/security/AccessControlContext;)Ljava/lang/Object;+6
j  java.awt.EventQueue$4.run()Ljava/lang/Void;+11
j  java.awt.EventQueue$4.run()Ljava/lang/Object;+1
v  ~StubRoutines::call_stub
J 136  java.security.AccessController.doPrivileged(Ljava/security/PrivilegedAction;Ljava/security/AccessControlContext;)Ljava/lang/Object; (0 bytes) @ 0x0000000004567646 [0x00000000045675e0+0x66]
J 133 C2 java.awt.EventDispatchThread.pumpOneEventForFilters(I)V (295 bytes) @ 0x0000000004580694 [0x0000000004580220+0x474]
J 245% C2 java.awt.EventDispatchThread.pumpEventsForFilter(ILjava/awt/Conditional;Ljava/awt/EventFilter;)V (47 bytes) @ 0x00000000045a8b34 [0x00000000045a8a40+0xf4]
j  java.awt.EventDispatchThread.pumpEventsForHierarchy(ILjava/awt/Conditional;Ljava/awt/Component;)V+11
j  java.awt.EventDispatchThread.pumpEvents(ILjava/awt/Conditional;)V+4
j  java.awt.EventDispatchThread.pumpEvents(Ljava/awt/Conditional;)V+3
j  java.awt.EventDispatchThread.run()V+9
v  ~StubRoutines::call_stub

---------------  P R O C E S S  ---------------

Java Threads: ( => current thread )
  0x000000000f00b800 JavaThread "Abandoned connection cleanup thread" daemon [_thread_blocked, id=396, stack(0x0000000011a80000,0x0000000011b80000)]
  0x000000000eff5800 JavaThread "TimerQueue" daemon [_thread_blocked, id=9556, stack(0x0000000011980000,0x0000000011a80000)]
  0x00000000043b0800 JavaThread "DestroyJavaVM" [_thread_blocked, id=12952, stack(0x00000000042b0000,0x00000000043b0000)]
=>0x000000000ee0e000 JavaThread "AWT-EventQueue-0" [_thread_in_native, id=8128, stack(0x0000000010740000,0x0000000010840000)]
  0x000000000ed6c800 JavaThread "AWT-Windows" daemon [_thread_in_native, id=3548, stack(0x000000000fc00000,0x000000000fd00000)]
  0x000000000ed6b800 JavaThread "AWT-Shutdown" [_thread_blocked, id=12916, stack(0x000000000fb00000,0x000000000fc00000)]
  0x000000000ed6b000 JavaThread "Java2D Disposer" daemon [_thread_blocked, id=9144, stack(0x000000000fa00000,0x000000000fb00000)]
  0x00000000044aa000 JavaThread "Service Thread" daemon [_thread_blocked, id=1044, stack(0x000000000f410000,0x000000000f510000)]
  0x00000000044a7000 JavaThread "C2 CompilerThread1" daemon [_thread_blocked, id=12836, stack(0x000000000f310000,0x000000000f410000)]
  0x00000000044a5000 JavaThread "C2 CompilerThread0" daemon [_thread_blocked, id=8352, stack(0x000000000f210000,0x000000000f310000)]
  0x000000000ec31800 JavaThread "Attach Listener" daemon [_thread_blocked, id=10448, stack(0x000000000f110000,0x000000000f210000)]
  0x000000000ec30800 JavaThread "Signal Dispatcher" daemon [_thread_blocked, id=2692, stack(0x000000000f010000,0x000000000f110000)]
  0x000000000cc30000 JavaThread "Finalizer" daemon [_thread_blocked, id=7380, stack(0x000000000eaf0000,0x000000000ebf0000)]
  0x000000000cc29800 JavaThread "Reference Handler" daemon [_thread_blocked, id=13284, stack(0x000000000e9f0000,0x000000000eaf0000)]

Other Threads:
  0x000000000cc25000 VMThread [stack: 0x000000000e8f0000,0x000000000e9f0000] [id=12508]
  0x000000000ec34800 WatcherThread [stack: 0x000000000f510000,0x000000000f610000] [id=7360]

VM state:not at safepoint (normal execution)

VM Mutex/Monitor currently owned by a thread: None

Heap
 PSYoungGen      total 38400K, used 15723K [0x00000007d5c80000, 0x00000007d8700000, 0x0000000800000000)
  eden space 33280K, 31% used [0x00000007d5c80000,0x00000007d66ddbb8,0x00000007d7d00000)
  from space 5120K, 99% used [0x00000007d7d00000,0x00000007d81fd288,0x00000007d8200000)
  to   space 5120K, 0% used [0x00000007d8200000,0x00000007d8200000,0x00000007d8700000)
 ParOldGen       total 86016K, used 4947K [0x0000000781600000, 0x0000000786a00000, 0x00000007d5c80000)
  object space 86016K, 5% used [0x0000000781600000,0x0000000781ad4f58,0x0000000786a00000)
 PSPermGen       total 21504K, used 14533K [0x000000077c400000, 0x000000077d900000, 0x0000000781600000)
  object space 21504K, 67% used [0x000000077c400000,0x000000077d231510,0x000000077d900000)

Card table byte_map: [0x0000000007570000,0x0000000007990000] byte_map_base: 0x000000000398e000

Polling page: 0x00000000041f0000

Code Cache  [0x00000000044b0000, 0x0000000004720000, 0x00000000074b0000)
 total_blobs=784 nmethods=245 adapters=491 free_code_cache=48156Kb largest_free_block=49272000

Compilation events (10 events):
Event: 88.771 Thread 0x00000000044a7000  243             javax.swing.JComponent::getX (5 bytes)
Event: 88.771 Thread 0x00000000044a5000  244             javax.swing.JComponent::getY (5 bytes)
Event: 88.772 Thread 0x00000000044a7000 nmethod 243 0x00000000045a5050 code [0x00000000045a5180, 0x00000000045a51d8]
Event: 88.772 Thread 0x00000000044a5000 nmethod 244 0x00000000045a4e50 code [0x00000000045a4f80, 0x00000000045a4fd8]
Event: 88.887 Thread 0x00000000044a7000  245 %           java.awt.EventDispatchThread::pumpEventsForFilter @ 10 (47 bytes)
Event: 88.892 Thread 0x00000000044a7000 nmethod 245% 0x00000000045a8890 code [0x00000000045a8a40, 0x00000000045a8e60]
Event: 89.576 Thread 0x00000000044a5000  246             sun.java2d.SunGraphics2D::getCompClip (19 bytes)
Event: 89.577 Thread 0x00000000044a5000 nmethod 246 0x00000000045a4b10 code [0x00000000045a4c60, 0x00000000045a4d08]
Event: 90.404 Thread 0x00000000044a7000  247             java.util.concurrent.locks.ReentrantLock$NonfairSync::tryAcquire (6 bytes)
Event: 90.406 Thread 0x00000000044a7000 nmethod 247 0x00000000045a85d0 code [0x00000000045a8700, 0x00000000045a87d8]

GC Heap History (2 events):
Event: 75.980 GC heap before
{Heap before GC invocations=1 (full 0):
 PSYoungGen      total 38400K, used 33280K [0x00000007d5c80000, 0x00000007d8700000, 0x0000000800000000)
  eden space 33280K, 100% used [0x00000007d5c80000,0x00000007d7d00000,0x00000007d7d00000)
  from space 5120K, 0% used [0x00000007d8200000,0x00000007d8200000,0x00000007d8700000)
  to   space 5120K, 0% used [0x00000007d7d00000,0x00000007d7d00000,0x00000007d8200000)
 ParOldGen       total 86016K, used 0K [0x0000000781600000, 0x0000000786a00000, 0x00000007d5c80000)
  object space 86016K, 0% used [0x0000000781600000,0x0000000781600000,0x0000000786a00000)
 PSPermGen       total 21504K, used 14482K [0x000000077c400000, 0x000000077d900000, 0x0000000781600000)
  object space 21504K, 67% used [0x000000077c400000,0x000000077d224ad8,0x000000077d900000)
Event: 75.989 GC heap after
Heap after GC invocations=1 (full 0):
 PSYoungGen      total 38400K, used 5108K [0x00000007d5c80000, 0x00000007d8700000, 0x0000000800000000)
  eden space 33280K, 0% used [0x00000007d5c80000,0x00000007d5c80000,0x00000007d7d00000)
  from space 5120K, 99% used [0x00000007d7d00000,0x00000007d81fd288,0x00000007d8200000)
  to   space 5120K, 0% used [0x00000007d8200000,0x00000007d8200000,0x00000007d8700000)
 ParOldGen       total 86016K, used 4947K [0x0000000781600000, 0x0000000786a00000, 0x00000007d5c80000)
  object space 86016K, 5% used [0x0000000781600000,0x0000000781ad4f58,0x0000000786a00000)
 PSPermGen       total 21504K, used 14482K [0x000000077c400000, 0x000000077d900000, 0x0000000781600000)
  object space 21504K, 67% used [0x000000077c400000,0x000000077d224ad8,0x000000077d900000)
}

Deoptimization events (10 events):
Event: 3.379 Thread 0x000000000ee0e000 Uncommon trap: reason=class_check action=maybe_recompile pc=0x0000000004555708 method=java.util.concurrent.locks.AbstractQueuedSynchronizer.release(I)Z @ 2
Event: 3.879 Thread 0x000000000ee0e000 Uncommon trap: reason=class_check action=maybe_recompile pc=0x0000000004555708 method=java.util.concurrent.locks.AbstractQueuedSynchronizer.release(I)Z @ 2
Event: 3.880 Thread 0x000000000ee0e000 Uncommon trap: reason=class_check action=maybe_recompile pc=0x0000000004555708 method=java.util.concurrent.locks.AbstractQueuedSynchronizer.release(I)Z @ 2
Event: 20.753 Thread 0x000000000ee0e000 Uncommon trap: reason=unreached action=reinterpret pc=0x000000000454e74c method=java.awt.EventQueue.noEvents()Z @ 16
Event: 22.469 Thread 0x000000000ee0e000 Uncommon trap: reason=class_check action=maybe_recompile pc=0x0000000004576108 method=java.awt.EventDispatchThread.pumpOneEventForFilters(I)V @ 99
Event: 22.469 Thread 0x000000000ee0e000 Uncommon trap: reason=unreached action=reinterpret pc=0x0000000004565160 method=java.security.AccessController.getContext()Ljava/security/AccessControlContext; @ 5
Event: 22.469 Thread 0x000000000ee0e000 Uncommon trap: reason=class_check action=maybe_recompile pc=0x0000000004576108 method=java.awt.EventDispatchThread.pumpOneEventForFilters(I)V @ 99
Event: 22.472 Thread 0x000000000ee0e000 Uncommon trap: reason=class_check action=maybe_recompile pc=0x0000000004576108 method=java.awt.EventDispatchThread.pumpOneEventForFilters(I)V @ 99
Event: 22.473 Thread 0x000000000ee0e000 Uncommon trap: reason=class_check action=maybe_recompile pc=0x0000000004576108 method=java.awt.EventDispatchThread.pumpOneEventForFilters(I)V @ 99
Event: 22.474 Thread 0x000000000ee0e000 Uncommon trap: reason=unreached action=reinterpret pc=0x000000000455ea3c method=java.awt.EventQueue.eventToCacheIndex(Ljava/awt/AWTEvent;)I @ 60

Internal exceptions (10 events):
Event: 0.234 Thread 0x000000000ee0e000 Threw 0x00000007d61f9938 at C:\re\jdk7u67\1368\hotspot\src\share\vm\prims\jvm.cpp:1244
Event: 0.302 Thread 0x000000000ee0e000 Threw 0x00000007d626e320 at C:\re\jdk7u67\1368\hotspot\src\share\vm\prims\jvm.cpp:1244
Event: 0.303 Thread 0x000000000ee0e000 Threw 0x00000007d6284978 at C:\re\jdk7u67\1368\hotspot\src\share\vm\prims\jvm.cpp:1244
Event: 0.304 Thread 0x000000000ee0e000 Threw 0x00000007d628ecf0 at C:\re\jdk7u67\1368\hotspot\src\share\vm\prims\jvm.cpp:1244
Event: 0.306 Thread 0x000000000ee0e000 Threw 0x00000007d62a13b0 at C:\re\jdk7u67\1368\hotspot\src\share\vm\prims\jvm.cpp:1244
Event: 0.307 Thread 0x000000000ee0e000 Threw 0x00000007d62a63b8 at C:\re\jdk7u67\1368\hotspot\src\share\vm\prims\jvm.cpp:1244
Event: 0.450 Thread 0x000000000ee0e000 Threw 0x00000007d66dccc0 at C:\re\jdk7u67\1368\hotspot\src\share\vm\prims\jvm.cpp:1244
Event: 0.450 Thread 0x000000000ee0e000 Threw 0x00000007d66de1b0 at C:\re\jdk7u67\1368\hotspot\src\share\vm\prims\jvm.cpp:1244
Event: 0.451 Thread 0x000000000ee0e000 Threw 0x00000007d66e0368 at C:\re\jdk7u67\1368\hotspot\src\share\vm\prims\jvm.cpp:1244
Event: 0.451 Thread 0x000000000ee0e000 Threw 0x00000007d66e1878 at C:\re\jdk7u67\1368\hotspot\src\share\vm\prims\jvm.cpp:1244

Events (10 events):
Event: 76.049 Executing VM operation: RevokeBias
Event: 76.049 Executing VM operation: RevokeBias done
Event: 76.049 Executing VM operation: RevokeBias
Event: 76.049 Executing VM operation: RevokeBias done
Event: 76.049 Executing VM operation: RevokeBias
Event: 76.049 Executing VM operation: RevokeBias done
Event: 76.049 Executing VM operation: RevokeBias
Event: 76.049 Executing VM operation: RevokeBias done
Event: 84.488 loading class 0x00000000044087d0
Event: 84.489 loading class 0x00000000044087d0 done


Dynamic libraries:
0x00007ff765900000 - 0x00007ff765933000 	C:\Program Files\Java\jdk1.7.0_67\bin\java.exe
0x00007ffa29fc0000 - 0x00007ffa2a1a0000 	C:\WINDOWS\SYSTEM32\ntdll.dll
0x00007ffa29800000 - 0x00007ffa298ae000 	C:\WINDOWS\System32\KERNEL32.DLL
0x00007ffa26550000 - 0x00007ffa267b6000 	C:\WINDOWS\System32\KERNELBASE.dll
0x00007ffa29570000 - 0x00007ffa29611000 	C:\WINDOWS\System32\ADVAPI32.dll
0x00007ffa28cb0000 - 0x00007ffa28d4d000 	C:\WINDOWS\System32\msvcrt.dll
0x00007ffa29220000 - 0x00007ffa2927b000 	C:\WINDOWS\System32\sechost.dll
0x00007ffa298c0000 - 0x00007ffa299df000 	C:\WINDOWS\System32\RPCRT4.dll
0x00007ffa29090000 - 0x00007ffa2921f000 	C:\WINDOWS\System32\USER32.dll
0x00007ffa27470000 - 0x00007ffa27490000 	C:\WINDOWS\System32\win32u.dll
0x00007ffa296d0000 - 0x00007ffa296f8000 	C:\WINDOWS\System32\GDI32.dll
0x00007ffa267c0000 - 0x00007ffa26954000 	C:\WINDOWS\System32\gdi32full.dll
0x00007ffa269b0000 - 0x00007ffa26a4b000 	C:\WINDOWS\System32\msvcp_win.dll
0x00007ffa26c20000 - 0x00007ffa26d16000 	C:\WINDOWS\System32\ucrtbase.dll
0x00007ffa09a60000 - 0x00007ffa09cc9000 	C:\WINDOWS\WinSxS\amd64_microsoft.windows.common-controls_6595b64144ccf1df_6.0.16299.64_none_cc9304e22215ca8f\COMCTL32.dll
0x00007ffa28d80000 - 0x00007ffa29088000 	C:\WINDOWS\System32\combase.dll
0x00007ffa264d0000 - 0x00007ffa26542000 	C:\WINDOWS\System32\bcryptPrimitives.dll
0x00007ffa28d50000 - 0x00007ffa28d7d000 	C:\WINDOWS\System32\IMM32.DLL
0x000000005ec00000 - 0x000000005ecd2000 	C:\Program Files\Java\jdk1.7.0_67\jre\bin\msvcr100.dll
0x000000005e420000 - 0x000000005ebf2000 	C:\Program Files\Java\jdk1.7.0_67\jre\bin\server\jvm.dll
0x00007ffa29470000 - 0x00007ffa29478000 	C:\WINDOWS\System32\PSAPI.DLL
0x00007ffa219b0000 - 0x00007ffa219d3000 	C:\WINDOWS\SYSTEM32\WINMM.dll
0x00007ffa18970000 - 0x00007ffa18979000 	C:\WINDOWS\SYSTEM32\WSOCK32.dll
0x00007ffa29500000 - 0x00007ffa2956c000 	C:\WINDOWS\System32\WS2_32.dll
0x00007ffa21980000 - 0x00007ffa219aa000 	C:\WINDOWS\SYSTEM32\WINMMBASE.dll
0x00007ffa26960000 - 0x00007ffa269aa000 	C:\WINDOWS\System32\cfgmgr32.dll
0x0000000060db0000 - 0x0000000060dbf000 	C:\Program Files\Java\jdk1.7.0_67\jre\bin\verify.dll
0x000000005e3f0000 - 0x000000005e418000 	C:\Program Files\Java\jdk1.7.0_67\jre\bin\java.dll
0x000000005e3d0000 - 0x000000005e3e5000 	C:\Program Files\Java\jdk1.7.0_67\jre\bin\zip.dll
0x000000005e230000 - 0x000000005e3c5000 	C:\Program Files\Java\jdk1.7.0_67\jre\bin\awt.dll
0x00007ffa28b80000 - 0x00007ffa28c45000 	C:\WINDOWS\System32\OLEAUT32.dll
0x00007ffa245f0000 - 0x00007ffa24677000 	C:\WINDOWS\SYSTEM32\apphelp.dll
0x00007ffa247d0000 - 0x00007ffa24865000 	C:\WINDOWS\system32\uxtheme.dll
0x00007ffa29300000 - 0x00007ffa29467000 	C:\WINDOWS\System32\MSCTF.dll
0x00007ffa24ae0000 - 0x00007ffa24b0a000 	C:\WINDOWS\system32\dwmapi.dll
0x00007ffa299e0000 - 0x00007ffa29b29000 	C:\WINDOWS\System32\ole32.dll
0x00007ffa26380000 - 0x00007ffa26391000 	C:\WINDOWS\System32\kernel.appcore.dll
0x00007ffa27740000 - 0x00007ffa28b77000 	C:\WINDOWS\System32\SHELL32.dll
0x00007ffa29620000 - 0x00007ffa296c6000 	C:\WINDOWS\System32\shcore.dll
0x00007ffa26d20000 - 0x00007ffa27467000 	C:\WINDOWS\System32\windows.storage.dll
0x00007ffa29280000 - 0x00007ffa292d1000 	C:\WINDOWS\System32\shlwapi.dll
0x00007ffa26330000 - 0x00007ffa2637c000 	C:\WINDOWS\System32\powrprof.dll
0x00007ffa263a0000 - 0x00007ffa263bb000 	C:\WINDOWS\System32\profapi.dll
0x000000005e1e0000 - 0x000000005e227000 	C:\Program Files\Java\jdk1.7.0_67\jre\bin\fontmanager.dll
0x000000005e1c0000 - 0x000000005e1d9000 	C:\Program Files\Java\jdk1.7.0_67\jre\bin\net.dll
0x00007ffa25ba0000 - 0x00007ffa25c06000 	C:\WINDOWS\system32\mswsock.dll
0x000000005e1a0000 - 0x000000005e1b1000 	C:\Program Files\Java\jdk1.7.0_67\jre\bin\nio.dll
0x000000005e150000 - 0x000000005e191000 	C:\Program Files\Java\jdk1.7.0_67\jre\bin\t2k.dll
0x00007ffa29700000 - 0x00007ffa2979e000 	C:\WINDOWS\System32\clbcatq.dll
0x00007ffa21200000 - 0x00007ffa213ab000 	C:\WINDOWS\SYSTEM32\WindowsCodecs.dll
0x00007ffa077e0000 - 0x00007ffa0782f000 	C:\WINDOWS\system32\dataexchange.dll
0x00007ffa22fb0000 - 0x00007ffa23292000 	C:\WINDOWS\system32\d3d11.dll
0x00007ffa23c40000 - 0x00007ffa23d82000 	C:\WINDOWS\system32\dcomp.dll
0x00007ffa25180000 - 0x00007ffa2522f000 	C:\WINDOWS\system32\dxgi.dll
0x00007ffa24bd0000 - 0x00007ffa24d4b000 	C:\WINDOWS\system32\twinapi.appcore.dll
0x00007ffa24d50000 - 0x00007ffa24d70000 	C:\WINDOWS\system32\RMCLIENT.dll
0x00007ffa25e70000 - 0x00007ffa25e95000 	C:\WINDOWS\system32\bcrypt.dll
0x000000005e130000 - 0x000000005e143000 	C:\Program Files\Java\jdk1.7.0_67\jre\bin\JdbcOdbc.dll
0x00007ffa09cd0000 - 0x00007ffa09d85000 	C:\WINDOWS\SYSTEM32\ODBC32.dll
0x00007ffa26a50000 - 0x00007ffa26c1e000 	C:\WINDOWS\System32\CRYPT32.dll
0x00007ffa26310000 - 0x00007ffa26322000 	C:\WINDOWS\System32\MSASN1.dll
0x00007ffa257f0000 - 0x00007ffa257fa000 	C:\WINDOWS\SYSTEM32\DPAPI.DLL
0x00007ffa00dd0000 - 0x00007ffa00de6000 	C:\WINDOWS\SYSTEM32\VCRUNTIME140.dll
0x00007ff9feaa0000 - 0x00007ff9feda6000 	C:\Program Files\Common Files\Microsoft Shared\Office16\mso20win32client.dll
0x00007ff9fedb0000 - 0x00007ff9fee4c000 	C:\WINDOWS\SYSTEM32\MSVCP140.dll
0x00007ff9e27d0000 - 0x00007ff9e2c5c000 	C:\Program Files\Common Files\Microsoft Shared\Office16\mso30win32client.dll
0x00007ff9d94a0000 - 0x00007ff9d9d8d000 	C:\Program Files\Common Files\Microsoft Shared\Office16\mso40uiwin32client.dll
0x00007ffa1e0b0000 - 0x00007ffa1e24c000 	C:\WINDOWS\WinSxS\amd64_microsoft.windows.gdiplus_6595b64144ccf1df_1.1.16299.64_none_4c5a740035ade6b7\gdiplus.dll
0x00007ff9d8cd0000 - 0x00007ff9d949c000 	C:\Program Files\Common Files\Microsoft Shared\Office16\mso99Lwin32client.dll
0x00007ffa1e300000 - 0x00007ffa1e307000 	C:\WINDOWS\SYSTEM32\MSIMG32.dll
0x00007ffa219e0000 - 0x00007ffa21a07000 	C:\WINDOWS\SYSTEM32\SLC.dll
0x00007ffa21950000 - 0x00007ffa21976000 	C:\WINDOWS\SYSTEM32\sppc.dll
0x00007ff9ce280000 - 0x00007ff9cf56f000 	C:\Program Files\Common Files\Microsoft Shared\Office16\mso.dll
0x00007ff9f1e80000 - 0x00007ff9f2265000 	C:\WINDOWS\SYSTEM32\msi.dll
0x00007ff9e8790000 - 0x00007ff9e87b8000 	C:\WINDOWS\SYSTEM32\srpapi.dll
0x00007ffa23570000 - 0x00007ffa23b28000 	C:\WINDOWS\SYSTEM32\d2d1.dll
0x00007ffa21b80000 - 0x00007ffa21b93000 	C:\WINDOWS\SYSTEM32\WTSAPI32.dll
0x00007ffa254c0000 - 0x00007ffa25515000 	C:\WINDOWS\SYSTEM32\WINSTA.dll
0x00007ffa24560000 - 0x00007ffa2456e000 	C:\Program Files\Common Files\Microsoft Shared\OFFICE16\ACEERR.DLL
0x00007ff9e8210000 - 0x00007ff9e845b000 	C:\Program Files\Common Files\Microsoft Shared\OFFICE16\ACECORE.DLL
0x00007ffa26210000 - 0x00007ffa26240000 	C:\WINDOWS\SYSTEM32\SspiCli.dll
0x00007ffa01d50000 - 0x00007ffa0205f000 	C:\WINDOWS\SYSTEM32\DWrite.dll
0x00007ffa19e20000 - 0x00007ffa19e51000 	C:\WINDOWS\SYSTEM32\d3d10_1.dll
0x00007ffa14bf0000 - 0x00007ffa14c4c000 	C:\WINDOWS\SYSTEM32\d3d10_1core.dll
0x00007ff9cdb10000 - 0x00007ff9ce27c000 	C:\WINDOWS\SYSTEM32\D3D10Warp.dll
0x00007ffa26240000 - 0x00007ffa26269000 	C:\WINDOWS\SYSTEM32\USERENV.dll
0x00007ffa25e40000 - 0x00007ffa25e66000 	C:\WINDOWS\SYSTEM32\ncrypt.dll
0x00007ffa25e00000 - 0x00007ffa25e36000 	C:\WINDOWS\SYSTEM32\NTASN1.dll
0x00007ffa24580000 - 0x00007ffa2459c000 	C:\WINDOWS\SYSTEM32\davclnt.dll
0x00007ffa24570000 - 0x00007ffa2457c000 	C:\WINDOWS\SYSTEM32\DAVHLPR.dll
0x00007ff9ecc80000 - 0x00007ff9ecd55000 	C:\Program Files\Common Files\Microsoft Shared\OFFICE16\1033\ACEWSTR.DLL
0x00007ffa14c50000 - 0x00007ffa14ce8000 	C:\WINDOWS\System32\TextInputFramework.dll
0x00007ffa20bc0000 - 0x00007ffa20eae000 	C:\WINDOWS\System32\CoreUIComponents.dll
0x00007ffa23b40000 - 0x00007ffa23c1d000 	C:\WINDOWS\System32\CoreMessaging.dll
0x00007ffa25450000 - 0x00007ffa25481000 	C:\WINDOWS\SYSTEM32\ntmarta.dll
0x00007ffa22380000 - 0x00007ffa224b6000 	C:\WINDOWS\SYSTEM32\wintypes.dll
0x000000005e100000 - 0x000000005e12a000 	C:\Program Files\Java\jdk1.7.0_67\jre\bin\dcpr.dll
0x00007ffa22710000 - 0x00007ffa2274a000 	C:\WINDOWS\System32\netprofm.dll
0x00007ffa1e030000 - 0x00007ffa1e03e000 	C:\WINDOWS\System32\npmproxy.dll
0x00007ff9fe4a0000 - 0x00007ff9fe5ec000 	C:\WINDOWS\SYSTEM32\webservices.dll
0x00007ffa1a770000 - 0x00007ffa1a77c000 	C:\WINDOWS\SYSTEM32\Secur32.dll
0x00007ffa298b0000 - 0x00007ffa298b8000 	C:\WINDOWS\System32\Normaliz.dll
0x00007ffa22ed0000 - 0x00007ffa22fae000 	C:\WINDOWS\SYSTEM32\WINHTTP.dll
0x00007ffa25930000 - 0x00007ffa25969000 	C:\WINDOWS\SYSTEM32\IPHLPAPI.DLL
0x00007ffa29b30000 - 0x00007ffa29b38000 	C:\WINDOWS\System32\NSI.dll
0x00007ffa1ed20000 - 0x00007ffa1ed36000 	C:\WINDOWS\SYSTEM32\dhcpcsvc6.DLL
0x00007ffa1ed00000 - 0x00007ffa1ed1a000 	C:\WINDOWS\SYSTEM32\dhcpcsvc.DLL
0x00007ffa153f0000 - 0x00007ffa155bc000 	C:\WINDOWS\SYSTEM32\urlmon.dll
0x00007ffa292e0000 - 0x00007ffa292fd000 	C:\WINDOWS\System32\imagehlp.dll
0x00007ffa14eb0000 - 0x00007ffa15149000 	C:\WINDOWS\SYSTEM32\iertutil.dll
0x00007ffa25d80000 - 0x00007ffa25d8b000 	C:\WINDOWS\SYSTEM32\CRYPTBASE.DLL
0x00007ffa092e0000 - 0x00007ffa0934f000 	C:\WINDOWS\SYSTEM32\msiso.dll
0x00007ffa17760000 - 0x00007ffa17a94000 	C:\WINDOWS\SYSTEM32\WININET.dll
0x00007ffa1fd00000 - 0x00007ffa1fd15000 	C:\WINDOWS\SYSTEM32\ondemandconnroutehelper.dll
0x00007ffa1fe60000 - 0x00007ffa1fe6b000 	C:\WINDOWS\SYSTEM32\WINNSI.DLL
0x00007ffa18760000 - 0x00007ffa187f5000 	C:\WINDOWS\SYSTEM32\webio.dll
0x00007ffa25970000 - 0x00007ffa25a26000 	C:\WINDOWS\SYSTEM32\DNSAPI.dll
0x00007ffa1c880000 - 0x00007ffa1c88a000 	C:\Windows\System32\rasadhlp.dll
0x00007ffa1eea0000 - 0x00007ffa1ef10000 	C:\WINDOWS\System32\fwpuclnt.dll
0x00007ffa256f0000 - 0x00007ffa2576a000 	C:\WINDOWS\system32\schannel.DLL
0x00007ffa19b60000 - 0x00007ffa19b74000 	C:\WINDOWS\SYSTEM32\mskeyprotect.dll
0x00007ffa05520000 - 0x00007ffa05541000 	C:\WINDOWS\system32\ncryptsslp.dll
0x00007ff9ecba0000 - 0x00007ff9ecc73000 	C:\Program Files\Common Files\Microsoft Shared\OFFICE16\ACEES.DLL
0x00007ffa21e80000 - 0x00007ffa21e88000 	C:\Program Files\Common Files\Microsoft Shared\OFFICE16\VBAJET32.DLL
0x00007ff9f2540000 - 0x00007ff9f25ba000 	C:\Program Files\Common Files\Microsoft Shared\OFFICE16\expsrv.dll
0x00007ff9ed350000 - 0x00007ff9ed3a5000 	C:\Program Files\COMMON~1\MICROS~1\OFFICE16\ACEODBC.DLL
0x00007ffa27630000 - 0x00007ffa2773a000 	C:\WINDOWS\System32\COMDLG32.dll
0x00007ffa143c0000 - 0x00007ffa14588000 	C:\WINDOWS\SYSTEM32\dbghelp.dll

VM Arguments:
jvm_args: -Dfile.encoding=UTF-8 
java_command: Project.User_book
Launcher Type: SUN_STANDARD

Environment Variables:
PATH=
[error occurred during error reporting (printing environment variables), id 0xc0000005]



---------------  S Y S T E M  ---------------

OS: Windows 8.1 , 64 bit Build 9600 

CPU:total 8 (4 cores per cpu, 2 threads per core) family 6 model 94 stepping 3, cmov, cx8, fxsr, mmx, sse, sse2, sse3, ssse3, sse4.1, sse4.2, popcnt, avx, avx2, aes, erms, ht, tsc, tscinvbit

Memory: 4k page, physical 8298012k(3947024k free), swap 10954316k(2176928k free)

vm_info: Java HotSpot(TM) 64-Bit Server VM (24.65-b04) for windows-amd64 JRE (1.7.0_67-b01), built on Jul 25 2014 08:55:00 by "java_re" with unknown MS VC++:1600

time: Sat Dec 09 22:22:58 2017
elapsed time: 91 seconds

