#
# A fatal error has been detected by the Java Runtime Environment:
#
#  EXCEPTION_ACCESS_VIOLATION (0xc0000005) at pc=0x00007ff9e0c52729, pid=2984, tid=8360
#
# JRE version: Java(TM) SE Runtime Environment (7.0_67-b01) (build 1.7.0_67-b01)
# Java VM: Java HotSpot(TM) 64-Bit Server VM (24.65-b04 mixed mode windows-amd64 compressed oops)
# Problematic frame:
# C  [mso40uiwin32client.dll+0x362729]
#
# Failed to write core dump. Minidumps are not enabled by default on client versions of Windows
#
# If you would like to submit a bug report, please visit:
#   http://bugreport.sun.com/bugreport/crash.jsp
# The crash happened outside the Java Virtual Machine in native code.
# See problematic frame for where to report the bug.
#

---------------  T H R E A D  ---------------

Current thread (0x000000000f01f000):  JavaThread "AWT-EventQueue-0" [_thread_in_native, id=8360, stack(0x0000000010950000,0x0000000010a50000)]

siginfo: ExceptionCode=0xc0000005, writing address 0x0000000000000000

Registers:
RAX=0x00007ff9e0c5271c, RBX=0x0000000010a49390, RCX=0x00007ff9e0c5271c, RDX=0x0000000010a495c0
RSP=0x0000000010a46ed0, RBP=0x0000000010a495c0, RSI=0x0000000010a46f90, RDI=0x0000000010a47c40
R8 =0x0000000000000100, R9 =0x0000000019930520, R10=0x00000aee6dc907c4, R11=0x0000000010a471e0
R12=0x0000000010a48258, R13=0x00007ff9e0c5271c, R14=0x0000000000000000, R15=0x0000000000000000
RIP=0x00007ff9e0c52729, EFLAGS=0x0000000000010202

Top of Stack: (sp=0x0000000010a46ed0)
0x0000000010a46ed0:   0000000000000000 0000000010a474e0
0x0000000010a46ee0:   000099f1116ac02d 006b0009004e0049
0x0000000010a46ef0:   0000000010a474e0 00007ffa00ddc2e0
0x0000000010a46f00:   00007ff9e0c5271c 0000000010a495c0
0x0000000010a46f10:   0000000010a495c0 00650044002d0073
0x0000000010a46f20:   0000000010a49390 00007ffa00dd2a23
0x0000000010a46f30:   00007ff9e0c5271c 0000000010a48258
0x0000000010a46f40:   0061007200000100 00510049002d0062
0x0000000010a46f50:   0009007900000000 0000000000000000
0x0000000010a46f60:   0000000000000000 00007ff9e0f7f0a8
0x0000000010a46f70:   0000000010a46f90 0000000000000000
0x0000000010a46f80:   0000000010a48258 0000000010a45fc0
0x0000000010a46f90:   0000000010a49558 0000000000000000
0x0000000010a46fa0:   0000000010a495c0 0000000010a47c40
0x0000000010a46fb0:   0000000010a476f0 00007ff9e08f0000
0x0000000010a46fc0:   0000000010a474b0 0000000010a481b0 

Instructions: (pc=0x00007ff9e0c52729)
0x00007ff9e0c52709:   f3 68 e7 ff 90 90 90 48 8d 4a 50 e9 e7 68 e7 ff
0x00007ff9e0c52719:   90 90 90 48 89 54 24 10 55 48 83 ec 20 48 8b ea
0x00007ff9e0c52729:   c7 04 25 00 00 00 00 01 00 00 00 33 c9 cd 29 48
0x00007ff9e0c52739:   8d 4a 58 e9 bf 68 e7 ff 90 90 90 48 8d 4a 58 e9 


Register to memory mapping:

RAX=0x00007ff9e0c5271c is an unknown value
RBX=0x0000000010a49390 is pointing into the stack for thread: 0x000000000f01f000
RCX=0x00007ff9e0c5271c is an unknown value
RDX=0x0000000010a495c0 is pointing into the stack for thread: 0x000000000f01f000
RSP=0x0000000010a46ed0 is pointing into the stack for thread: 0x000000000f01f000
RBP=0x0000000010a495c0 is pointing into the stack for thread: 0x000000000f01f000
RSI=0x0000000010a46f90 is pointing into the stack for thread: 0x000000000f01f000
RDI=0x0000000010a47c40 is pointing into the stack for thread: 0x000000000f01f000
R8 =0x0000000000000100 is an unknown value
R9 =0x0000000019930520 is an unknown value
R10=0x00000aee6dc907c4 is an unknown value
R11=0x0000000010a471e0 is pointing into the stack for thread: 0x000000000f01f000
R12=0x0000000010a48258 is pointing into the stack for thread: 0x000000000f01f000
R13=0x00007ff9e0c5271c is an unknown value
R14=0x0000000000000000 is an unknown value
R15=0x0000000000000000 is an unknown value


Stack: [0x0000000010950000,0x0000000010a50000],  sp=0x0000000010a46ed0,  free space=987k
Native frames: (J=compiled Java code, j=interpreted, Vv=VM code, C=native code)
C  [mso40uiwin32client.dll+0x362729]
C  [mso40uiwin32client.dll+0x6d7d08]

Java frames: (J=compiled Java code, j=interpreted, Vv=VM code)
j  sun.jdbc.odbc.JdbcOdbc.driverConnect(J[B[B)V+0
j  sun.jdbc.odbc.JdbcOdbc.SQLDriverConnect(JLjava/lang/String;)V+93
j  sun.jdbc.odbc.JdbcOdbcConnection.initialize(Ljava/lang/String;Ljava/util/Properties;I)V+984
j  sun.jdbc.odbc.JdbcOdbcDriver.connect(Ljava/lang/String;Ljava/util/Properties;)Ljava/sql/Connection;+129
j  java.sql.DriverManager.getConnection(Ljava/lang/String;Ljava/util/Properties;Ljava/lang/Class;)Ljava/sql/Connection;+172
j  java.sql.DriverManager.getConnection(Ljava/lang/String;)Ljava/sql/Connection;+13
j  Project.Project_Book.connectDB()Ljava/sql/Connection;+8
j  Project.Borrow.jDeleteActionPerformed(Ljava/awt/event/ActionEvent;)V+77
j  Project.Borrow.access$1000(LProject/Borrow;Ljava/awt/event/ActionEvent;)V+2
j  Project.Borrow$11.actionPerformed(Ljava/awt/event/ActionEvent;)V+5
j  javax.swing.AbstractButton.fireActionPerformed(Ljava/awt/event/ActionEvent;)V+84
j  javax.swing.AbstractButton$Handler.actionPerformed(Ljava/awt/event/ActionEvent;)V+5
j  javax.swing.DefaultButtonModel.fireActionPerformed(Ljava/awt/event/ActionEvent;)V+35
j  javax.swing.DefaultButtonModel.setPressed(Z)V+117
j  javax.swing.plaf.basic.BasicButtonListener.mouseReleased(Ljava/awt/event/MouseEvent;)V+35
j  java.awt.AWTEventMulticaster.mouseReleased(Ljava/awt/event/MouseEvent;)V+8
j  java.awt.Component.processMouseEvent(Ljava/awt/event/MouseEvent;)V+64
j  javax.swing.JComponent.processMouseEvent(Ljava/awt/event/MouseEvent;)V+23
j  java.awt.Component.processEvent(Ljava/awt/AWTEvent;)V+81
j  java.awt.Container.processEvent(Ljava/awt/AWTEvent;)V+18
J 587 C2 java.awt.Component.dispatchEventImpl(Ljava/awt/AWTEvent;)V (875 bytes) @ 0x0000000004891bb8 [0x0000000004891260+0x958]
J 335 C2 java.awt.Container.dispatchEventImpl(Ljava/awt/AWTEvent;)V (129 bytes) @ 0x0000000004821618 [0x00000000048215c0+0x58]
J 253 C2 java.awt.LightweightDispatcher.retargetMouseEvent(Ljava/awt/Component;ILjava/awt/event/MouseEvent;)V (350 bytes) @ 0x00000000047a6f50 [0x00000000047a6aa0+0x4b0]
J 335 C2 java.awt.Container.dispatchEventImpl(Ljava/awt/AWTEvent;)V (129 bytes) @ 0x0000000004821a04 [0x00000000048215c0+0x444]
J 756 C2 java.awt.Window.dispatchEventImpl(Ljava/awt/AWTEvent;)V (23 bytes) @ 0x000000000491b9b0 [0x000000000491b960+0x50]
J 283 C2 java.awt.EventQueue$3.run()Ljava/lang/Object; (5 bytes) @ 0x000000000480d0a0 [0x000000000480cf20+0x180]
v  ~StubRoutines::call_stub
J 250  java.security.AccessController.doPrivileged(Ljava/security/PrivilegedAction;Ljava/security/AccessControlContext;)Ljava/lang/Object; (0 bytes) @ 0x0000000004794286 [0x0000000004794220+0x66]
J 594 C2 java.awt.EventQueue$4.run()Ljava/lang/Object; (5 bytes) @ 0x000000000488b09c [0x000000000488afa0+0xfc]
v  ~StubRoutines::call_stub
J 250  java.security.AccessController.doPrivileged(Ljava/security/PrivilegedAction;Ljava/security/AccessControlContext;)Ljava/lang/Object; (0 bytes) @ 0x0000000004794286 [0x0000000004794220+0x66]
J 234 C2 java.awt.EventDispatchThread.pumpOneEventForFilters(I)V (295 bytes) @ 0x00000000047f9e48 [0x00000000047f9340+0xb08]
J 353% C2 java.awt.EventDispatchThread.pumpEventsForFilter(ILjava/awt/Conditional;Ljava/awt/EventFilter;)V (47 bytes) @ 0x00000000047ec674 [0x00000000047ec580+0xf4]
j  java.awt.EventDispatchThread.pumpEventsForHierarchy(ILjava/awt/Conditional;Ljava/awt/Component;)V+11
j  java.awt.EventDispatchThread.pumpEvents(ILjava/awt/Conditional;)V+4
j  java.awt.EventDispatchThread.pumpEvents(Ljava/awt/Conditional;)V+3
j  java.awt.EventDispatchThread.run()V+9
v  ~StubRoutines::call_stub

---------------  P R O C E S S  ---------------

Java Threads: ( => current thread )
  0x00000000114b4000 JavaThread "Abandoned connection cleanup thread" daemon [_thread_blocked, id=9352, stack(0x0000000011c80000,0x0000000011d80000)]
  0x000000000f180800 JavaThread "TimerQueue" daemon [_thread_blocked, id=11348, stack(0x0000000010a50000,0x0000000010b50000)]
  0x00000000045f0800 JavaThread "DestroyJavaVM" [_thread_blocked, id=11812, stack(0x0000000004440000,0x0000000004540000)]
=>0x000000000f01f000 JavaThread "AWT-EventQueue-0" [_thread_in_native, id=8360, stack(0x0000000010950000,0x0000000010a50000)]
  0x000000000ef8e800 JavaThread "AWT-Windows" daemon [_thread_in_native, id=11428, stack(0x000000000fe20000,0x000000000ff20000)]
  0x000000000ef8d800 JavaThread "AWT-Shutdown" [_thread_blocked, id=11568, stack(0x000000000fd20000,0x000000000fe20000)]
  0x000000000ef8b000 JavaThread "Java2D Disposer" daemon [_thread_blocked, id=14172, stack(0x000000000fc20000,0x000000000fd20000)]
  0x00000000046ea800 JavaThread "Service Thread" daemon [_thread_blocked, id=12172, stack(0x000000000f630000,0x000000000f730000)]
  0x000000000ee51000 JavaThread "C2 CompilerThread1" daemon [_thread_blocked, id=9628, stack(0x000000000f530000,0x000000000f630000)]
  0x000000000ee50800 JavaThread "C2 CompilerThread0" daemon [_thread_blocked, id=3784, stack(0x000000000f430000,0x000000000f530000)]
  0x00000000046e6000 JavaThread "Attach Listener" daemon [_thread_blocked, id=2192, stack(0x000000000f330000,0x000000000f430000)]
  0x00000000046e1000 JavaThread "Signal Dispatcher" daemon [_thread_blocked, id=2552, stack(0x000000000f230000,0x000000000f330000)]
  0x000000000ce71000 JavaThread "Finalizer" daemon [_thread_blocked, id=2792, stack(0x000000000ed30000,0x000000000ee30000)]
  0x000000000ce69800 JavaThread "Reference Handler" daemon [_thread_blocked, id=13360, stack(0x000000000ec30000,0x000000000ed30000)]

Other Threads:
  0x000000000ce65000 VMThread [stack: 0x000000000eb30000,0x000000000ec30000] [id=9040]
  0x000000000ee65000 WatcherThread [stack: 0x000000000f730000,0x000000000f830000] [id=5584]

VM state:not at safepoint (normal execution)

VM Mutex/Monitor currently owned by a thread: None

Heap
 PSYoungGen      total 38400K, used 34148K [0x00000007d5c80000, 0x00000007d8700000, 0x0000000800000000)
  eden space 33280K, 88% used [0x00000007d5c80000,0x00000007d7945ba0,0x00000007d7d00000)
  from space 5120K, 91% used [0x00000007d8200000,0x00000007d86935d0,0x00000007d8700000)
  to   space 5120K, 0% used [0x00000007d7d00000,0x00000007d7d00000,0x00000007d8200000)
 ParOldGen       total 86016K, used 22768K [0x0000000781600000, 0x0000000786a00000, 0x00000007d5c80000)
  object space 86016K, 26% used [0x0000000781600000,0x0000000782c3c020,0x0000000786a00000)
 PSPermGen       total 21504K, used 14975K [0x000000077c400000, 0x000000077d900000, 0x0000000781600000)
  object space 21504K, 69% used [0x000000077c400000,0x000000077d29fd08,0x000000077d900000)

Card table byte_map: [0x00000000077b0000,0x0000000007bd0000] byte_map_base: 0x0000000003bce000

Polling page: 0x0000000002c40000

Code Cache  [0x00000000046f0000, 0x0000000004960000, 0x00000000076f0000)
 total_blobs=1274 nmethods=734 adapters=491 free_code_cache=46930Kb largest_free_block=48009600

Compilation events (10 events):
Event: 99.937 Thread 0x000000000ee50800  756             java.awt.Window::dispatchEventImpl (23 bytes)
Event: 99.940 Thread 0x000000000ee50800 nmethod 756 0x000000000491b7d0 code [0x000000000491b960, 0x000000000491be78]
Event: 100.142 Thread 0x000000000ee51000  757             sun.java2d.SunGraphics2D::getSurfaceData (5 bytes)
Event: 100.143 Thread 0x000000000ee51000 nmethod 757 0x0000000004904550 code [0x0000000004904680, 0x00000000049046f8]
Event: 103.441 Thread 0x000000000ee50800  758             sun.awt.image.IntegerInterleavedRaster::getDataElements (154 bytes)
Event: 103.441 Thread 0x000000000ee51000  759             sun.awt.image.IntegerInterleavedRaster::setDataElements (137 bytes)
Event: 103.444 Thread 0x000000000ee51000 nmethod 759 0x0000000004912410 code [0x0000000004912560, 0x0000000004912818]
Event: 103.444 Thread 0x000000000ee50800 nmethod 758 0x0000000004902350 code [0x00000000049024a0, 0x0000000004902798]
Event: 103.494 Thread 0x000000000ee51000  760             java.awt.Component::getGraphics (124 bytes)
Event: 103.517 Thread 0x000000000ee51000 nmethod 760 0x0000000004919150 code [0x0000000004919420, 0x000000000491a5a8]

GC Heap History (4 events):
Event: 4.003 GC heap before
{Heap before GC invocations=1 (full 0):
 PSYoungGen      total 38400K, used 33280K [0x00000007d5c80000, 0x00000007d8700000, 0x0000000800000000)
  eden space 33280K, 100% used [0x00000007d5c80000,0x00000007d7d00000,0x00000007d7d00000)
  from space 5120K, 0% used [0x00000007d8200000,0x00000007d8200000,0x00000007d8700000)
  to   space 5120K, 0% used [0x00000007d7d00000,0x00000007d7d00000,0x00000007d8200000)
 ParOldGen       total 86016K, used 0K [0x0000000781600000, 0x0000000786a00000, 0x00000007d5c80000)
  object space 86016K, 0% used [0x0000000781600000,0x0000000781600000,0x0000000786a00000)
 PSPermGen       total 21504K, used 13949K [0x000000077c400000, 0x000000077d900000, 0x0000000781600000)
  object space 21504K, 64% used [0x000000077c400000,0x000000077d19f6f8,0x000000077d900000)
Event: 4.014 GC heap after
Heap after GC invocations=1 (full 0):
 PSYoungGen      total 38400K, used 4055K [0x00000007d5c80000, 0x00000007d8700000, 0x0000000800000000)
  eden space 33280K, 0% used [0x00000007d5c80000,0x00000007d5c80000,0x00000007d7d00000)
  from space 5120K, 79% used [0x00000007d7d00000,0x00000007d80f5dd0,0x00000007d8200000)
  to   space 5120K, 0% used [0x00000007d8200000,0x00000007d8200000,0x00000007d8700000)
 ParOldGen       total 86016K, used 22741K [0x0000000781600000, 0x0000000786a00000, 0x00000007d5c80000)
  object space 86016K, 26% used [0x0000000781600000,0x0000000782c35430,0x0000000786a00000)
 PSPermGen       total 21504K, used 13949K [0x000000077c400000, 0x000000077d900000, 0x0000000781600000)
  object space 21504K, 64% used [0x000000077c400000,0x000000077d19f6f8,0x000000077d900000)
}
Event: 62.698 GC heap before
{Heap before GC invocations=2 (full 0):
 PSYoungGen      total 38400K, used 37335K [0x00000007d5c80000, 0x00000007d8700000, 0x0000000800000000)
  eden space 33280K, 100% used [0x00000007d5c80000,0x00000007d7d00000,0x00000007d7d00000)
  from space 5120K, 79% used [0x00000007d7d00000,0x00000007d80f5dd0,0x00000007d8200000)
  to   space 5120K, 0% used [0x00000007d8200000,0x00000007d8200000,0x00000007d8700000)
 ParOldGen       total 86016K, used 22741K [0x0000000781600000, 0x0000000786a00000, 0x00000007d5c80000)
  object space 86016K, 26% used [0x0000000781600000,0x0000000782c35430,0x0000000786a00000)
 PSPermGen       total 21504K, used 14862K [0x000000077c400000, 0x000000077d900000, 0x0000000781600000)
  object space 21504K, 69% used [0x000000077c400000,0x000000077d2838e0,0x000000077d900000)
Event: 62.707 GC heap after
Heap after GC invocations=2 (full 0):
 PSYoungGen      total 38400K, used 4685K [0x00000007d5c80000, 0x00000007d8700000, 0x0000000800000000)
  eden space 33280K, 0% used [0x00000007d5c80000,0x00000007d5c80000,0x00000007d7d00000)
  from space 5120K, 91% used [0x00000007d8200000,0x00000007d86935d0,0x00000007d8700000)
  to   space 5120K, 0% used [0x00000007d7d00000,0x00000007d7d00000,0x00000007d8200000)
 ParOldGen       total 86016K, used 22768K [0x0000000781600000, 0x0000000786a00000, 0x00000007d5c80000)
  object space 86016K, 26% used [0x0000000781600000,0x0000000782c3c020,0x0000000786a00000)
 PSPermGen       total 21504K, used 14862K [0x000000077c400000, 0x000000077d900000, 0x0000000781600000)
  object space 21504K, 69% used [0x000000077c400000,0x000000077d2838e0,0x000000077d900000)
}

Deoptimization events (10 events):
Event: 103.440 Thread 0x000000000f01f000 Uncommon trap: reason=bimorphic action=maybe_recompile pc=0x00000000048caa94 method=java.awt.Component.setForeground(Ljava/awt/Color;)V @ 40
Event: 103.489 Thread 0x000000000f01f000 Uncommon trap: reason=bimorphic action=maybe_recompile pc=0x00000000048e9088 method=javax.swing.JComponent.paintBorder(Ljava/awt/Graphics;)V @ 22
Event: 103.489 Thread 0x000000000f01f000 Uncommon trap: reason=bimorphic action=maybe_recompile pc=0x00000000048e992c method=javax.swing.JLabel.setText(Ljava/lang/String;)V @ 32
Event: 103.489 Thread 0x000000000f01f000 Uncommon trap: reason=bimorphic action=maybe_recompile pc=0x00000000048cc1c4 method=java.awt.Component.setFont(Ljava/awt/Font;)V @ 91
Event: 103.489 Thread 0x000000000f01f000 Uncommon trap: reason=bimorphic action=maybe_recompile pc=0x00000000048caa94 method=java.awt.Component.setForeground(Ljava/awt/Color;)V @ 40
Event: 103.492 Thread 0x000000000f01f000 Uncommon trap: reason=class_check action=maybe_recompile pc=0x000000000487c8f0 method=javax.swing.plaf.synth.SynthDefaultLookup.getDefault(Ljavax/swing/JComponent;Ljavax/swing/plaf/ComponentUI;Ljava/lang/String;)Ljava/lang/Object; @ 1
Event: 103.492 Thread 0x000000000f01f000 Uncommon trap: reason=bimorphic action=maybe_recompile pc=0x00000000048e9088 method=javax.swing.JComponent.paintBorder(Ljava/awt/Graphics;)V @ 22
Event: 103.492 Thread 0x000000000f01f000 Uncommon trap: reason=bimorphic action=maybe_recompile pc=0x00000000048e992c method=javax.swing.JLabel.setText(Ljava/lang/String;)V @ 32
Event: 103.492 Thread 0x000000000f01f000 Uncommon trap: reason=bimorphic action=maybe_recompile pc=0x00000000048cc1c4 method=java.awt.Component.setFont(Ljava/awt/Font;)V @ 91
Event: 103.492 Thread 0x000000000f01f000 Uncommon trap: reason=bimorphic action=maybe_recompile pc=0x00000000048caa94 method=java.awt.Component.setForeground(Ljava/awt/Color;)V @ 40

Internal exceptions (10 events):
Event: 0.589 Thread 0x000000000f01f000 Threw 0x00000007d645e9c8 at C:\re\jdk7u67\1368\hotspot\src\share\vm\prims\jvm.cpp:1244
Event: 0.590 Thread 0x000000000f01f000 Threw 0x00000007d6463ac8 at C:\re\jdk7u67\1368\hotspot\src\share\vm\prims\jvm.cpp:1244
Event: 1.370 Thread 0x000000000f01f000 Threw 0x00000007d774d348 at C:\re\jdk7u67\1368\hotspot\src\share\vm\prims\jvm.cpp:1244
Event: 1.370 Thread 0x000000000f01f000 Threw 0x00000007d774e838 at C:\re\jdk7u67\1368\hotspot\src\share\vm\prims\jvm.cpp:1244
Event: 1.370 Thread 0x000000000f01f000 Threw 0x00000007d7750950 at C:\re\jdk7u67\1368\hotspot\src\share\vm\prims\jvm.cpp:1244
Event: 1.371 Thread 0x000000000f01f000 Threw 0x00000007d7751e60 at C:\re\jdk7u67\1368\hotspot\src\share\vm\prims\jvm.cpp:1244
Event: 1.376 Thread 0x000000000f01f000 Threw 0x00000007d776f9f0 at C:\re\jdk7u67\1368\hotspot\src\share\vm\prims\jni.cpp:743
Event: 8.566 Thread 0x000000000ef8e800 Implicit null exception at 0x000000000479a29a to 0x000000000479a335
Event: 100.137 Thread 0x000000000f01f000 Implicit null exception at 0x00000000048bbb28 to 0x00000000048bbf61
Event: 100.141 Thread 0x000000000f01f000 Implicit null exception at 0x00000000048f1f00 to 0x00000000048f2989

Events (10 events):
Event: 103.492 Thread 0x000000000f01f000 DEOPT UNPACKING pc=0x00000000047275a4 sp=0x0000000010a4d380 mode 2
Event: 103.492 Thread 0x000000000f01f000 Uncommon trap: trap_request=0xffffffc6 fr.pc=0x00000000048e992c
Event: 103.492 Thread 0x000000000f01f000 DEOPT PACKING pc=0x00000000048e992c sp=0x0000000010a4d200
Event: 103.492 Thread 0x000000000f01f000 DEOPT UNPACKING pc=0x00000000047275a4 sp=0x0000000010a4d1a0 mode 2
Event: 103.492 Thread 0x000000000f01f000 Uncommon trap: trap_request=0xffffffc6 fr.pc=0x00000000048cc1c4
Event: 103.492 Thread 0x000000000f01f000 DEOPT PACKING pc=0x00000000048cc1c4 sp=0x0000000010a4d180
Event: 103.492 Thread 0x000000000f01f000 DEOPT UNPACKING pc=0x00000000047275a4 sp=0x0000000010a4d120 mode 2
Event: 103.492 Thread 0x000000000f01f000 Uncommon trap: trap_request=0xffffffc6 fr.pc=0x00000000048caa94
Event: 103.492 Thread 0x000000000f01f000 DEOPT PACKING pc=0x00000000048caa94 sp=0x0000000010a4d1b0
Event: 103.492 Thread 0x000000000f01f000 DEOPT UNPACKING pc=0x00000000047275a4 sp=0x0000000010a4d140 mode 2


Dynamic libraries:
0x00007ff7607c0000 - 0x00007ff7607f3000 	C:\Program Files\Java\jdk1.7.0_67\bin\java.exe
0x00007ffa29fc0000 - 0x00007ffa2a1a0000 	C:\WINDOWS\SYSTEM32\ntdll.dll
0x00007ffa29800000 - 0x00007ffa298ae000 	C:\WINDOWS\System32\KERNEL32.DLL
0x00007ffa26550000 - 0x00007ffa267b6000 	C:\WINDOWS\System32\KERNELBASE.dll
0x00007ffa29570000 - 0x00007ffa29611000 	C:\WINDOWS\System32\ADVAPI32.dll
0x00007ffa28cb0000 - 0x00007ffa28d4d000 	C:\WINDOWS\System32\msvcrt.dll
0x00007ffa29220000 - 0x00007ffa2927b000 	C:\WINDOWS\System32\sechost.dll
0x00007ffa298c0000 - 0x00007ffa299df000 	C:\WINDOWS\System32\RPCRT4.dll
0x00007ffa29090000 - 0x00007ffa2921f000 	C:\WINDOWS\System32\USER32.dll
0x00007ffa27470000 - 0x00007ffa27490000 	C:\WINDOWS\System32\win32u.dll
0x00007ffa296d0000 - 0x00007ffa296f8000 	C:\WINDOWS\System32\GDI32.dll
0x00007ffa267c0000 - 0x00007ffa26954000 	C:\WINDOWS\System32\gdi32full.dll
0x00007ffa269b0000 - 0x00007ffa26a4b000 	C:\WINDOWS\System32\msvcp_win.dll
0x00007ffa26c20000 - 0x00007ffa26d16000 	C:\WINDOWS\System32\ucrtbase.dll
0x00007ffa09a60000 - 0x00007ffa09cc9000 	C:\WINDOWS\WinSxS\amd64_microsoft.windows.common-controls_6595b64144ccf1df_6.0.16299.64_none_cc9304e22215ca8f\COMCTL32.dll
0x00007ffa28d80000 - 0x00007ffa29088000 	C:\WINDOWS\System32\combase.dll
0x00007ffa264d0000 - 0x00007ffa26542000 	C:\WINDOWS\System32\bcryptPrimitives.dll
0x00007ffa28d50000 - 0x00007ffa28d7d000 	C:\WINDOWS\System32\IMM32.DLL
0x000000005ec30000 - 0x000000005ed02000 	C:\Program Files\Java\jdk1.7.0_67\jre\bin\msvcr100.dll
0x000000005e450000 - 0x000000005ec22000 	C:\Program Files\Java\jdk1.7.0_67\jre\bin\server\jvm.dll
0x00007ffa29470000 - 0x00007ffa29478000 	C:\WINDOWS\System32\PSAPI.DLL
0x00007ffa18970000 - 0x00007ffa18979000 	C:\WINDOWS\SYSTEM32\WSOCK32.dll
0x00007ffa29500000 - 0x00007ffa2956c000 	C:\WINDOWS\System32\WS2_32.dll
0x00007ffa219b0000 - 0x00007ffa219d3000 	C:\WINDOWS\SYSTEM32\WINMM.dll
0x00007ffa21980000 - 0x00007ffa219aa000 	C:\WINDOWS\SYSTEM32\WINMMBASE.dll
0x00007ffa26960000 - 0x00007ffa269aa000 	C:\WINDOWS\System32\cfgmgr32.dll
0x0000000060dc0000 - 0x0000000060dcf000 	C:\Program Files\Java\jdk1.7.0_67\jre\bin\verify.dll
0x000000005e420000 - 0x000000005e448000 	C:\Program Files\Java\jdk1.7.0_67\jre\bin\java.dll
0x000000005e400000 - 0x000000005e415000 	C:\Program Files\Java\jdk1.7.0_67\jre\bin\zip.dll
0x000000005e260000 - 0x000000005e3f5000 	C:\Program Files\Java\jdk1.7.0_67\jre\bin\awt.dll
0x00007ffa28b80000 - 0x00007ffa28c45000 	C:\WINDOWS\System32\OLEAUT32.dll
0x00007ffa245f0000 - 0x00007ffa24677000 	C:\WINDOWS\SYSTEM32\apphelp.dll
0x00007ffa247d0000 - 0x00007ffa24865000 	C:\WINDOWS\system32\uxtheme.dll
0x00007ffa29300000 - 0x00007ffa29467000 	C:\WINDOWS\System32\MSCTF.dll
0x00007ffa24ae0000 - 0x00007ffa24b0a000 	C:\WINDOWS\system32\dwmapi.dll
0x00007ffa299e0000 - 0x00007ffa29b29000 	C:\WINDOWS\System32\ole32.dll
0x00007ffa26380000 - 0x00007ffa26391000 	C:\WINDOWS\System32\kernel.appcore.dll
0x00007ffa27740000 - 0x00007ffa28b77000 	C:\WINDOWS\System32\SHELL32.dll
0x00007ffa29620000 - 0x00007ffa296c6000 	C:\WINDOWS\System32\shcore.dll
0x00007ffa26d20000 - 0x00007ffa27467000 	C:\WINDOWS\System32\windows.storage.dll
0x00007ffa29280000 - 0x00007ffa292d1000 	C:\WINDOWS\System32\shlwapi.dll
0x00007ffa26330000 - 0x00007ffa2637c000 	C:\WINDOWS\System32\powrprof.dll
0x00007ffa263a0000 - 0x00007ffa263bb000 	C:\WINDOWS\System32\profapi.dll
0x000000005e210000 - 0x000000005e257000 	C:\Program Files\Java\jdk1.7.0_67\jre\bin\fontmanager.dll
0x000000005e1f0000 - 0x000000005e209000 	C:\Program Files\Java\jdk1.7.0_67\jre\bin\net.dll
0x00007ffa25ba0000 - 0x00007ffa25c06000 	C:\WINDOWS\system32\mswsock.dll
0x000000005e1d0000 - 0x000000005e1e1000 	C:\Program Files\Java\jdk1.7.0_67\jre\bin\nio.dll
0x000000005e180000 - 0x000000005e1c1000 	C:\Program Files\Java\jdk1.7.0_67\jre\bin\t2k.dll
0x00007ffa29700000 - 0x00007ffa2979e000 	C:\WINDOWS\System32\clbcatq.dll
0x00007ffa21200000 - 0x00007ffa213ab000 	C:\WINDOWS\SYSTEM32\WindowsCodecs.dll
0x00007ffa19bb0000 - 0x00007ffa19bff000 	C:\WINDOWS\system32\dataexchange.dll
0x00007ffa23c40000 - 0x00007ffa23d82000 	C:\WINDOWS\system32\dcomp.dll
0x00007ffa22fb0000 - 0x00007ffa23292000 	C:\WINDOWS\system32\d3d11.dll
0x00007ffa25180000 - 0x00007ffa2522f000 	C:\WINDOWS\system32\dxgi.dll
0x00007ffa24bd0000 - 0x00007ffa24d4b000 	C:\WINDOWS\system32\twinapi.appcore.dll
0x00007ffa24d50000 - 0x00007ffa24d70000 	C:\WINDOWS\system32\RMCLIENT.dll
0x00007ffa25e70000 - 0x00007ffa25e95000 	C:\WINDOWS\system32\bcrypt.dll
0x000000005e130000 - 0x000000005e143000 	C:\Program Files\Java\jdk1.7.0_67\jre\bin\JdbcOdbc.dll
0x00007ffa09cd0000 - 0x00007ffa09d85000 	C:\WINDOWS\SYSTEM32\ODBC32.dll
0x00007ffa26a50000 - 0x00007ffa26c1e000 	C:\WINDOWS\System32\CRYPT32.dll
0x00007ffa26310000 - 0x00007ffa26322000 	C:\WINDOWS\System32\MSASN1.dll
0x00007ffa257f0000 - 0x00007ffa257fa000 	C:\WINDOWS\SYSTEM32\DPAPI.DLL
0x00007ffa00dd0000 - 0x00007ffa00de6000 	C:\WINDOWS\SYSTEM32\VCRUNTIME140.dll
0x00007ff9feaa0000 - 0x00007ff9feda6000 	C:\Program Files\Common Files\Microsoft Shared\Office16\mso20win32client.dll
0x00007ff9fedb0000 - 0x00007ff9fee4c000 	C:\WINDOWS\SYSTEM32\MSVCP140.dll
0x00007ff9e7bf0000 - 0x00007ff9e807c000 	C:\Program Files\Common Files\Microsoft Shared\Office16\mso30win32client.dll
0x00007ff9e08f0000 - 0x00007ff9e11dd000 	C:\Program Files\Common Files\Microsoft Shared\Office16\mso40uiwin32client.dll
0x00007ffa1e0b0000 - 0x00007ffa1e24c000 	C:\WINDOWS\WinSxS\amd64_microsoft.windows.gdiplus_6595b64144ccf1df_1.1.16299.64_none_4c5a740035ade6b7\gdiplus.dll
0x00007ff9e2490000 - 0x00007ff9e2c5c000 	C:\Program Files\Common Files\Microsoft Shared\Office16\mso99Lwin32client.dll
0x00007ffa219e0000 - 0x00007ffa21a07000 	C:\WINDOWS\SYSTEM32\SLC.dll
0x00007ffa1e300000 - 0x00007ffa1e307000 	C:\WINDOWS\SYSTEM32\MSIMG32.dll
0x00007ffa21950000 - 0x00007ffa21976000 	C:\WINDOWS\SYSTEM32\sppc.dll
0x00007ff9df600000 - 0x00007ff9e08ef000 	C:\Program Files\Common Files\Microsoft Shared\Office16\mso.dll
0x00007ff9f1e80000 - 0x00007ff9f2265000 	C:\WINDOWS\SYSTEM32\msi.dll
0x00007ff9e8790000 - 0x00007ff9e87b8000 	C:\WINDOWS\SYSTEM32\srpapi.dll
0x00007ffa23570000 - 0x00007ffa23b28000 	C:\WINDOWS\SYSTEM32\d2d1.dll
0x00007ffa21b80000 - 0x00007ffa21b93000 	C:\WINDOWS\SYSTEM32\WTSAPI32.dll
0x00007ffa254c0000 - 0x00007ffa25515000 	C:\WINDOWS\SYSTEM32\WINSTA.dll
0x00007ff9e9ad0000 - 0x00007ff9e9d1b000 	C:\Program Files\Common Files\Microsoft Shared\OFFICE16\ACECORE.DLL
0x00007ffa26210000 - 0x00007ffa26240000 	C:\WINDOWS\SYSTEM32\SspiCli.dll
0x00007ffa07260000 - 0x00007ffa0756f000 	C:\WINDOWS\SYSTEM32\DWrite.dll
0x00007ffa077f0000 - 0x00007ffa07821000 	C:\WINDOWS\SYSTEM32\d3d10_1.dll
0x00007ffa06140000 - 0x00007ffa0619c000 	C:\WINDOWS\SYSTEM32\d3d10_1core.dll
0x00007ffa1ffc0000 - 0x00007ffa1ffdc000 	C:\WINDOWS\SYSTEM32\davclnt.dll
0x00007ffa20f00000 - 0x00007ffa20f0c000 	C:\WINDOWS\SYSTEM32\DAVHLPR.dll
0x00007ff9fba00000 - 0x00007ff9fbad5000 	C:\Program Files\Common Files\Microsoft Shared\OFFICE16\1033\ACEWSTR.DLL
0x00007ffa1e3c0000 - 0x00007ffa1e458000 	C:\WINDOWS\System32\TextInputFramework.dll
0x00007ffa20bc0000 - 0x00007ffa20eae000 	C:\WINDOWS\System32\CoreUIComponents.dll
0x00007ffa23b40000 - 0x00007ffa23c1d000 	C:\WINDOWS\System32\CoreMessaging.dll
0x00007ffa25450000 - 0x00007ffa25481000 	C:\WINDOWS\SYSTEM32\ntmarta.dll
0x00007ffa22380000 - 0x00007ffa224b6000 	C:\WINDOWS\SYSTEM32\wintypes.dll
0x000000005e150000 - 0x000000005e17a000 	C:\Program Files\Java\jdk1.7.0_67\jre\bin\dcpr.dll
0x00007ffa21df0000 - 0x00007ffa21dfe000 	C:\Program Files\Common Files\Microsoft Shared\OFFICE16\ACEERR.DLL
0x00007ffa25e40000 - 0x00007ffa25e66000 	C:\WINDOWS\SYSTEM32\ncrypt.dll
0x00007ffa25e00000 - 0x00007ffa25e36000 	C:\WINDOWS\SYSTEM32\NTASN1.dll
0x00007ff9fa1a0000 - 0x00007ff9fa273000 	C:\Program Files\Common Files\Microsoft Shared\OFFICE16\ACEES.DLL
0x00007ffa24480000 - 0x00007ffa24488000 	C:\Program Files\Common Files\Microsoft Shared\OFFICE16\VBAJET32.DLL
0x00007ffa1d470000 - 0x00007ffa1d4ea000 	C:\Program Files\Common Files\Microsoft Shared\OFFICE16\expsrv.dll
0x00007ffa22710000 - 0x00007ffa2274a000 	C:\WINDOWS\System32\netprofm.dll
0x00007ffa1e030000 - 0x00007ffa1e03e000 	C:\WINDOWS\System32\npmproxy.dll
0x00007ff9fe4a0000 - 0x00007ff9fe5ec000 	C:\WINDOWS\SYSTEM32\webservices.dll
0x00007ffa1a770000 - 0x00007ffa1a77c000 	C:\WINDOWS\SYSTEM32\Secur32.dll
0x00007ffa298b0000 - 0x00007ffa298b8000 	C:\WINDOWS\System32\Normaliz.dll
0x00007ffa22ed0000 - 0x00007ffa22fae000 	C:\WINDOWS\SYSTEM32\WINHTTP.dll
0x00007ffa25930000 - 0x00007ffa25969000 	C:\WINDOWS\SYSTEM32\IPHLPAPI.DLL
0x00007ffa29b30000 - 0x00007ffa29b38000 	C:\WINDOWS\System32\NSI.dll
0x00007ffa1ed20000 - 0x00007ffa1ed36000 	C:\WINDOWS\SYSTEM32\dhcpcsvc6.DLL
0x00007ffa1ed00000 - 0x00007ffa1ed1a000 	C:\WINDOWS\SYSTEM32\dhcpcsvc.DLL
0x00007ffa153f0000 - 0x00007ffa155bc000 	C:\WINDOWS\SYSTEM32\urlmon.dll
0x00007ffa292e0000 - 0x00007ffa292fd000 	C:\WINDOWS\System32\imagehlp.dll
0x00007ffa14eb0000 - 0x00007ffa15149000 	C:\WINDOWS\SYSTEM32\iertutil.dll
0x00007ffa25d80000 - 0x00007ffa25d8b000 	C:\WINDOWS\SYSTEM32\CRYPTBASE.DLL
0x00007ffa092e0000 - 0x00007ffa0934f000 	C:\WINDOWS\SYSTEM32\msiso.dll
0x00007ffa17760000 - 0x00007ffa17a94000 	C:\WINDOWS\SYSTEM32\WININET.dll
0x00007ffa1fd00000 - 0x00007ffa1fd15000 	C:\WINDOWS\SYSTEM32\ondemandconnroutehelper.dll
0x00007ffa1fe60000 - 0x00007ffa1fe6b000 	C:\WINDOWS\SYSTEM32\WINNSI.DLL
0x00007ffa18760000 - 0x00007ffa187f5000 	C:\WINDOWS\SYSTEM32\webio.dll
0x00007ffa25970000 - 0x00007ffa25a26000 	C:\WINDOWS\SYSTEM32\DNSAPI.dll
0x00007ffa1c880000 - 0x00007ffa1c88a000 	C:\Windows\System32\rasadhlp.dll
0x00007ffa1eea0000 - 0x00007ffa1ef10000 	C:\WINDOWS\System32\fwpuclnt.dll
0x00007ffa256f0000 - 0x00007ffa2576a000 	C:\WINDOWS\system32\schannel.DLL
0x00007ffa19b60000 - 0x00007ffa19b74000 	C:\WINDOWS\SYSTEM32\mskeyprotect.dll
0x00007ffa05520000 - 0x00007ffa05541000 	C:\WINDOWS\system32\ncryptsslp.dll
0x00000000189c0000 - 0x000000001912c000 	C:\WINDOWS\SYSTEM32\D3D10Warp.dll
0x00007ffa26240000 - 0x00007ffa26269000 	C:\WINDOWS\SYSTEM32\USERENV.dll
0x00007ffa1d520000 - 0x00007ffa1d575000 	C:\Program Files\COMMON~1\MICROS~1\OFFICE16\ACEODBC.DLL
0x00007ffa27630000 - 0x00007ffa2773a000 	C:\WINDOWS\System32\COMDLG32.dll
0x00007ffa143c0000 - 0x00007ffa14588000 	C:\WINDOWS\SYSTEM32\dbghelp.dll

VM Arguments:
jvm_args: -Dfile.encoding=UTF-8 
java_command: Project.Borrow
Launcher Type: SUN_STANDARD

Environment Variables:
PATH=
[error occurred during error reporting (printing environment variables), id 0xc0000005]



---------------  S Y S T E M  ---------------

OS: Windows 8.1 , 64 bit Build 9600 

CPU:total 8 (4 cores per cpu, 2 threads per core) family 6 model 94 stepping 3, cmov, cx8, fxsr, mmx, sse, sse2, sse3, ssse3, sse4.1, sse4.2, popcnt, avx, avx2, aes, erms, ht, tsc, tscinvbit

Memory: 4k page, physical 8298012k(2146204k free), swap 11649304k(2498868k free)

vm_info: Java HotSpot(TM) 64-Bit Server VM (24.65-b04) for windows-amd64 JRE (1.7.0_67-b01), built on Jul 25 2014 08:55:00 by "java_re" with unknown MS VC++:1600

time: Sun Dec 17 17:16:51 2017
elapsed time: 103 seconds

